lude/cpython/unicodeobject.h /usr/local/include/python3.8/cpython
/usr/bin/install -c -m 644 ./Include/internal/pycore_accu.h /usr/local/include/python3.8/internal
/usr/bin/install -c -m 644 ./Include/internal/pycore_atomic.h /usr/local/include/python3.8/internal
/usr/bin/install -c -m 644 ./Include/internal/pycore_ceval.h /usr/local/include/python3.8/internal
/usr/bin/install -c -m 644 ./Include/internal/pycore_code.h /usr/local/include/python3.8/internal
/usr/bin/install -c -m 644 ./Include/internal/pycore_condvar.h /usr/local/include/python3.8/internal
/usr/bin/install -c -m 644 ./Include/internal/pycore_context.h /usr/local/include/python3.8/internal
/usr/bin/install -c -m 644 ./Include/internal/pycore_fileutils.h /usr/local/include/python3.8/internal
/usr/bin/install -c -m 644 ./Include/internal/pycore_getopt.h /usr/local/include/python3.8/internal
/usr/bin/install -c -m 644 ./Include/internal/pycore_gil.h /usr/local/include/python3.8/internal
/usr/bin/install -c -m 644 ./Include/internal/pycore_hamt.h /usr/local/include/python3.8/internal
/usr/bin/install -c -m 644 ./Include/internal/pycore_initconfig.h /usr/local/include/python3.8/internal
/usr/bin/install -c -m 644 ./Include/internal/pycore_long.h /usr/local/include/python3.8/internal
/usr/bin/install -c -m 644 ./Include/internal/pycore_object.h /usr/local/include/python3.8/internal
/usr/bin/install -c -m 644 ./Include/internal/pycore_pathconfig.h /usr/local/include/python3.8/internal
/usr/bin/install -c -m 644 ./Include/internal/pycore_pyerrors.h /usr/local/include/python3.8/internal
/usr/bin/install -c -m 644 ./Include/internal/pycore_pyhash.h /usr/local/include/python3.8/internal
/usr/bin/install -c -m 644 ./Include/internal/pycore_pylifecycle.h /usr/local/include/python3.8/internal
/usr/bin/install -c -m 644 ./Include/internal/pycore_pymem.h /usr/local/include/python3.8/internal
/usr/bin/install -c -m 644 ./Include/internal/pycore_pystate.h /usr/local/include/python3.8/internal
/usr/bin/install -c -m 644 ./Include/internal/pycore_traceback.h /usr/local/include/python3.8/internal
/usr/bin/install -c -m 644 ./Include/internal/pycore_tupleobject.h /usr/local/include/python3.8/internal
/usr/bin/install -c -m 644 ./Include/internal/pycore_warnings.h /usr/local/include/python3.8/internal
/usr/bin/install -c -m 644 pyconfig.h /usr/local/include/python3.8/pyconfig.h
Creating directory /usr/local/lib/python3.8/config-3.8-x86_64-linux-gnu
Creating directory /usr/local/lib/pkgconfig
/usr/bin/install -c -m 644 Modules/config.c /usr/local/lib/python3.8/config-3.8-x86_64-linux-gnu/config.c
/usr/bin/install -c -m 644 Programs/python.o /usr/local/lib/python3.8/config-3.8-x86_64-linux-gnu/python.o
/usr/bin/install -c -m 644 ./Modules/config.c.in /usr/local/lib/python3.8/config-3.8-x86_64-linux-gnu/config.c.in
/usr/bin/install -c -m 644 Makefile /usr/local/lib/python3.8/config-3.8-x86_64-linux-gnu/Makefile
/usr/bin/install -c -m 644 ./Modules/Setup /usr/local/lib/python3.8/config-3.8-x86_64-linux-gnu/Setup
/usr/bin/install -c -m 644 Modules/Setup.local /usr/local/lib/python3.8/config-3.8-x86_64-linux-gnu/Setup.local
/usr/bin/install -c -m 644 Misc/python.pc /usr/local/lib/pkgconfig/python-3.8.pc
/usr/bin/install -c -m 644 Misc/python-embed.pc /usr/local/lib/pkgconfig/python-3.8-embed.pc
/usr/bin/install -c ./Modules/makesetup /usr/local/lib/python3.8/config-3.8-x86_64-linux-gnu/makesetup
/usr/bin/install -c ./install-sh /usr/local/lib/python3.8/config-3.8-x86_64-linux-gnu/install-sh
/usr/bin/install -c python-config.py /usr/local/lib/python3.8/config-3.8-x86_64-linux-gnu/python-config.py
/usr/bin/install -c python-config /usr/local/bin/python3.8-config
./python -E ./setup.py install \
        --prefix=/usr/local \
        --install-scripts=/usr/local/bin \
        --install-platlib=/usr/local/lib/python3.8/lib-dynload \
        --root=/
running install
running build
running build_ext

The following modules found by detect_modules() in setup.py, have been
built by the Makefile instead, as configured by the Setup files:
_abc                  atexit                pwd                
time                                                           

running build_scripts
copying and adjusting /home/kriminel/Documents/Code/python38/Python-3.8.18/Tools/scripts/pydoc3 -> build/scripts-3.8
copying and adjusting /home/kriminel/Documents/Code/python38/Python-3.8.18/Tools/scripts/idle3 -> build/scripts-3.8
copying and adjusting /home/kriminel/Documents/Code/python38/Python-3.8.18/Tools/scripts/2to3 -> build/scripts-3.8
changing mode of build/scripts-3.8/pydoc3 from 644 to 755
changing mode of build/scripts-3.8/idle3 from 644 to 755
changing mode of build/scripts-3.8/2to3 from 644 to 755
renaming build/scripts-3.8/pydoc3 to build/scripts-3.8/pydoc3.8
renaming build/scripts-3.8/idle3 to build/scripts-3.8/idle3.8
renaming build/scripts-3.8/2to3 to build/scripts-3.8/2to3-3.8
running install_lib
creating /usr/local/lib/python3.8/lib-dynload
copying build/lib.linux-x86_64-3.8/_xxsubinterpreters.cpython-38-x86_64-linux-gnu.so -> /usr/local/lib/python3.8/lib-dynload
copying build/lib.linux-x86_64-3.8/_datetime.cpython-38-x86_64-linux-gnu.so -> /usr/local/lib/python3.8/lib-dynload
copying build/lib.linux-x86_64-3.8/termios.cpython-38-x86_64-linux-gnu.so -> /usr/local/lib/python3.8/lib-dynload
copying build/lib.linux-x86_64-3.8/_lzma.cpython-38-x86_64-linux-gnu.so -> /usr/local/lib/python3.8/lib-dynload
copying build/lib.linux-x86_64-3.8/_tkinter.cpython-38-x86_64-linux-gnu.so -> /usr/local/lib/python3.8/lib-dynload
copying build/lib.linux-x86_64-3.8/_sysconfigdata__linux_x86_64-linux-gnu.py -> /usr/local/lib/python3.8/lib-dynload
copying build/lib.linux-x86_64-3.8/_dbm.cpython-38-x86_64-linux-gnu.so -> /usr/local/lib/python3.8/lib-dynload
creating /usr/local/lib/python3.8/lib-dynload/__pycache__
copying build/lib.linux-x86_64-3.8/__pycache__/_sysconfigdata__linux_x86_64-linux-gnu.cpython-38.pyc -> /usr/local/lib/python3.8/lib-dynload/__pycache__
copying build/lib.linux-x86_64-3.8/_uuid.cpython-38-x86_64-linux-gnu.so -> /usr/local/lib/python3.8/lib-dynload
copying build/lib.linux-x86_64-3.8/_hashlib.cpython-38-x86_64-linux-gnu.so -> /usr/local/lib/python3.8/lib-dynload
copying build/lib.linux-x86_64-3.8/_bz2.cpython-38-x86_64-linux-gnu.so -> /usr/local/lib/python3.8/lib-dynload
copying build/lib.linux-x86_64-3.8/_struct.cpython-38-x86_64-linux-gnu.so -> /usr/local/lib/python3.8/lib-dynload
copying build/lib.linux-x86_64-3.8/_ssl.cpython-38-x86_64-linux-gnu.so -> /usr/local/lib/python3.8/lib-dynload
copying build/lib.linux-x86_64-3.8/_asyncio.cpython-38-x86_64-linux-gnu.so -> /usr/local/lib/python3.8/lib-dynload
copying build/lib.linux-x86_64-3.8/ossaudiodev.cpython-38-x86_64-linux-gnu.so -> /usr/local/lib/python3.8/lib-dynload
copying build/lib.linux-x86_64-3.8/_codecs_iso2022.cpython-38-x86_64-linux-gnu.so -> /usr/local/lib/python3.8/lib-dynload
copying build/lib.linux-x86_64-3.8/binascii.cpython-38-x86_64-linux-gnu.so -> /usr/local/lib/python3.8/lib-dynload
copying build/lib.linux-x86_64-3.8/_codecs_cn.cpython-38-x86_64-linux-gnu.so -> /usr/local/lib/python3.8/lib-dynload
copying build/lib.linux-x86_64-3.8/select.cpython-38-x86_64-linux-gnu.so -> /usr/local/lib/python3.8/lib-dynload
copying build/lib.linux-x86_64-3.8/resource.cpython-38-x86_64-linux-gnu.so -> /usr/local/lib/python3.8/lib-dynload
copying build/lib.linux-x86_64-3.8/_curses_panel.cpython-38-x86_64-linux-gnu.so -> /usr/local/lib/python3.8/lib-dynload
copying build/lib.linux-x86_64-3.8/xxlimited.cpython-38-x86_64-linux-gnu.so -> /usr/local/lib/python3.8/lib-dynload
copying build/lib.linux-x86_64-3.8/_multibytecodec.cpython-38-x86_64-linux-gnu.so -> /usr/local/lib/python3.8/lib-dynload
copying build/lib.linux-x86_64-3.8/audioop.cpython-38-x86_64-linux-gnu.so -> /usr/local/lib/python3.8/lib-dynload
copying build/lib.linux-x86_64-3.8/_csv.cpython-38-x86_64-linux-gnu.so -> /usr/local/lib/python3.8/lib-dynload
copying build/lib.linux-x86_64-3.8/_codecs_hk.cpython-38-x86_64-linux-gnu.so -> /usr/local/lib/python3.8/lib-dynload
copying build/lib.linux-x86_64-3.8/_codecs_jp.cpython-38-x86_64-linux-gnu.so -> /usr/local/lib/python3.8/lib-dynload
copying build/lib.linux-x86_64-3.8/_bisect.cpython-38-x86_64-linux-gnu.so -> /usr/local/lib/python3.8/lib-dynload
copying build/lib.linux-x86_64-3.8/_sha256.cpython-38-x86_64-linux-gnu.so -> /usr/local/lib/python3.8/lib-dynload
copying build/lib.linux-x86_64-3.8/_sha3.cpython-38-x86_64-linux-gnu.so -> /usr/local/lib/python3.8/lib-dynload
copying build/lib.linux-x86_64-3.8/math.cpython-38-x86_64-linux-gnu.so -> /usr/local/lib/python3.8/lib-dynload
copying build/lib.linux-x86_64-3.8/unicodedata.cpython-38-x86_64-linux-gnu.so -> /usr/local/lib/python3.8/lib-dynload
copying build/lib.linux-x86_64-3.8/_random.cpython-38-x86_64-linux-gnu.so -> /usr/local/lib/python3.8/lib-dynload
copying build/lib.linux-x86_64-3.8/_posixshmem.cpython-38-x86_64-linux-gnu.so -> /usr/local/lib/python3.8/lib-dynload
copying build/lib.linux-x86_64-3.8/syslog.cpython-38-x86_64-linux-gnu.so -> /usr/local/lib/python3.8/lib-dynload
copying build/lib.linux-x86_64-3.8/_testcapi.cpython-38-x86_64-linux-gnu.so -> /usr/local/lib/python3.8/lib-dynload
copying build/lib.linux-x86_64-3.8/readline.cpython-38-x86_64-linux-gnu.so -> /usr/local/lib/python3.8/lib-dynload
copying build/lib.linux-x86_64-3.8/_contextvars.cpython-38-x86_64-linux-gnu.so -> /usr/local/lib/python3.8/lib-dynload
copying build/lib.linux-x86_64-3.8/cmath.cpython-38-x86_64-linux-gnu.so -> /usr/local/lib/python3.8/lib-dynload
copying build/lib.linux-x86_64-3.8/_curses.cpython-38-x86_64-linux-gnu.so -> /usr/local/lib/python3.8/lib-dynload
copying build/lib.linux-x86_64-3.8/_pickle.cpython-38-x86_64-linux-gnu.so -> /usr/local/lib/python3.8/lib-dynload
copying build/lib.linux-x86_64-3.8/_heapq.cpython-38-x86_64-linux-gnu.so -> /usr/local/lib/python3.8/lib-dynload
copying build/lib.linux-x86_64-3.8/_codecs_tw.cpython-38-x86_64-linux-gnu.so -> /usr/local/lib/python3.8/lib-dynload
copying build/lib.linux-x86_64-3.8/_gdbm.cpython-38-x86_64-linux-gnu.so -> /usr/local/lib/python3.8/lib-dynload
copying build/lib.linux-x86_64-3.8/fcntl.cpython-38-x86_64-linux-gnu.so -> /usr/local/lib/python3.8/lib-dynload
copying build/lib.linux-x86_64-3.8/_elementtree.cpython-38-x86_64-linux-gnu.so -> /usr/local/lib/python3.8/lib-dynload
copying build/lib.linux-x86_64-3.8/spwd.cpython-38-x86_64-linux-gnu.so -> /usr/local/lib/python3.8/lib-dynload
copying build/lib.linux-x86_64-3.8/_testbuffer.cpython-38-x86_64-linux-gnu.so -> /usr/local/lib/python3.8/lib-dynload
copying build/lib.linux-x86_64-3.8/_codecs_kr.cpython-38-x86_64-linux-gnu.so -> /usr/local/lib/python3.8/lib-dynload
copying build/lib.linux-x86_64-3.8/_ctypes_test.cpython-38-x86_64-linux-gnu.so -> /usr/local/lib/python3.8/lib-dynload
copying build/lib.linux-x86_64-3.8/_crypt.cpython-38-x86_64-linux-gnu.so -> /usr/local/lib/python3.8/lib-dynload
copying build/lib.linux-x86_64-3.8/nis.cpython-38-x86_64-linux-gnu.so -> /usr/local/lib/python3.8/lib-dynload
copying build/lib.linux-x86_64-3.8/parser.cpython-38-x86_64-linux-gnu.so -> /usr/local/lib/python3.8/lib-dynload
copying build/lib.linux-x86_64-3.8/_testinternalcapi.cpython-38-x86_64-linux-gnu.so -> /usr/local/lib/python3.8/lib-dynload
copying build/lib.linux-x86_64-3.8/_testimportmultiple.cpython-38-x86_64-linux-gnu.so -> /usr/local/lib/python3.8/lib-dynload
copying build/lib.linux-x86_64-3.8/_socket.cpython-38-x86_64-linux-gnu.so -> /usr/local/lib/python3.8/lib-dynload
copying build/lib.linux-x86_64-3.8/_queue.cpython-38-x86_64-linux-gnu.so -> /usr/local/lib/python3.8/lib-dynload
copying build/lib.linux-x86_64-3.8/_testmultiphase.cpython-38-x86_64-linux-gnu.so -> /usr/local/lib/python3.8/lib-dynload
copying build/lib.linux-x86_64-3.8/_multiprocessing.cpython-38-x86_64-linux-gnu.so -> /usr/local/lib/python3.8/lib-dynload
copying build/lib.linux-x86_64-3.8/_sha512.cpython-38-x86_64-linux-gnu.so -> /usr/local/lib/python3.8/lib-dynload
copying build/lib.linux-x86_64-3.8/_lsprof.cpython-38-x86_64-linux-gnu.so -> /usr/local/lib/python3.8/lib-dynload
copying build/lib.linux-x86_64-3.8/_json.cpython-38-x86_64-linux-gnu.so -> /usr/local/lib/python3.8/lib-dynload
copying build/lib.linux-x86_64-3.8/_sqlite3.cpython-38-x86_64-linux-gnu.so -> /usr/local/lib/python3.8/lib-dynload
copying build/lib.linux-x86_64-3.8/_xxtestfuzz.cpython-38-x86_64-linux-gnu.so -> /usr/local/lib/python3.8/lib-dynload
copying build/lib.linux-x86_64-3.8/zlib.cpython-38-x86_64-linux-gnu.so -> /usr/local/lib/python3.8/lib-dynload
copying build/lib.linux-x86_64-3.8/_opcode.cpython-38-x86_64-linux-gnu.so -> /usr/local/lib/python3.8/lib-dynload
copying build/lib.linux-x86_64-3.8/_blake2.cpython-38-x86_64-linux-gnu.so -> /usr/local/lib/python3.8/lib-dynload
copying build/lib.linux-x86_64-3.8/grp.cpython-38-x86_64-linux-gnu.so -> /usr/local/lib/python3.8/lib-dynload
copying build/lib.linux-x86_64-3.8/pyexpat.cpython-38-x86_64-linux-gnu.so -> /usr/local/lib/python3.8/lib-dynload
copying build/lib.linux-x86_64-3.8/_sha1.cpython-38-x86_64-linux-gnu.so -> /usr/local/lib/python3.8/lib-dynload
copying build/lib.linux-x86_64-3.8/mmap.cpython-38-x86_64-linux-gnu.so -> /usr/local/lib/python3.8/lib-dynload
copying build/lib.linux-x86_64-3.8/_ctypes.cpython-38-x86_64-linux-gnu.so -> /usr/local/lib/python3.8/lib-dynload
copying build/lib.linux-x86_64-3.8/array.cpython-38-x86_64-linux-gnu.so -> /usr/local/lib/python3.8/lib-dynload
copying build/lib.linux-x86_64-3.8/_md5.cpython-38-x86_64-linux-gnu.so -> /usr/local/lib/python3.8/lib-dynload
copying build/lib.linux-x86_64-3.8/_decimal.cpython-38-x86_64-linux-gnu.so -> /usr/local/lib/python3.8/lib-dynload
copying build/lib.linux-x86_64-3.8/_posixsubprocess.cpython-38-x86_64-linux-gnu.so -> /usr/local/lib/python3.8/lib-dynload
copying build/lib.linux-x86_64-3.8/_statistics.cpython-38-x86_64-linux-gnu.so -> /usr/local/lib/python3.8/lib-dynload
changing mode of /usr/local/lib/python3.8/lib-dynload/_xxsubinterpreters.cpython-38-x86_64-linux-gnu.so to 755
changing mode of /usr/local/lib/python3.8/lib-dynload/_datetime.cpython-38-x86_64-linux-gnu.so to 755
changing mode of /usr/local/lib/python3.8/lib-dynload/termios.cpython-38-x86_64-linux-gnu.so to 755
changing mode of /usr/local/lib/python3.8/lib-dynload/_lzma.cpython-38-x86_64-linux-gnu.so to 755
changing mode of /usr/local/lib/python3.8/lib-dynload/_tkinter.cpython-38-x86_64-linux-gnu.so to 755
changing mode of /usr/local/lib/python3.8/lib-dynload/_sysconfigdata__linux_x86_64-linux-gnu.py to 644
changing mode of /usr/local/lib/python3.8/lib-dynload/_dbm.cpython-38-x86_64-linux-gnu.so to 755
changing mode of /usr/local/lib/python3.8/lib-dynload/__pycache__/_sysconfigdata__linux_x86_64-linux-gnu.cpython-38.pyc to 644
changing mode of /usr/local/lib/python3.8/lib-dynload/_uuid.cpython-38-x86_64-linux-gnu.so to 755
changing mode of /usr/local/lib/python3.8/lib-dynload/_hashlib.cpython-38-x86_64-linux-gnu.so to 755
changing mode of /usr/local/lib/python3.8/lib-dynload/_bz2.cpython-38-x86_64-linux-gnu.so to 755
changing mode of /usr/local/lib/python3.8/lib-dynload/_struct.cpython-38-x86_64-linux-gnu.so to 755
changing mode of /usr/local/lib/python3.8/lib-dynload/_ssl.cpython-38-x86_64-linux-gnu.so to 755
changing mode of /usr/local/lib/python3.8/lib-dynload/_asyncio.cpython-38-x86_64-linux-gnu.so to 755
changing mode of /usr/local/lib/python3.8/lib-dynload/ossaudiodev.cpython-38-x86_64-linux-gnu.so to 755
changing mode of /usr/local/lib/python3.8/lib-dynload/_codecs_iso2022.cpython-38-x86_64-linux-gnu.so to 755
changing mode of /usr/local/lib/python3.8/lib-dynload/binascii.cpython-38-x86_64-linux-gnu.so to 755
changing mode of /usr/local/lib/python3.8/lib-dynload/_codecs_cn.cpython-38-x86_64-linux-gnu.so to 755
changing mode of /usr/local/lib/python3.8/lib-dynload/select.cpython-38-x86_64-linux-gnu.so to 755
changing mode of /usr/local/lib/python3.8/lib-dynload/resource.cpython-38-x86_64-linux-gnu.so to 755
changing mode of /usr/local/lib/python3.8/lib-dynload/_curses_panel.cpython-38-x86_64-linux-gnu.so to 755
changing mode of /usr/local/lib/python3.8/lib-dynload/xxlimited.cpython-38-x86_64-linux-gnu.so to 755
changing mode of /usr/local/lib/python3.8/lib-dynload/_multibytecodec.cpython-38-x86_64-linux-gnu.so to 755
changing mode of /usr/local/lib/python3.8/lib-dynload/audioop.cpython-38-x86_64-linux-gnu.so to 755
changing mode of /usr/local/lib/python3.8/lib-dynload/_csv.cpython-38-x86_64-linux-gnu.so to 755
changing mode of /usr/local/lib/python3.8/lib-dynload/_codecs_hk.cpython-38-x86_64-linux-gnu.so to 755
changing mode of /usr/local/lib/python3.8/lib-dynload/_codecs_jp.cpython-38-x86_64-linux-gnu.so to 755
changing mode of /usr/local/lib/python3.8/lib-dynload/_bisect.cpython-38-x86_64-linux-gnu.so to 755
changing mode of /usr/local/lib/python3.8/lib-dynload/_sha256.cpython-38-x86_64-linux-gnu.so to 755
changing mode of /usr/local/lib/python3.8/lib-dynload/_sha3.cpython-38-x86_64-linux-gnu.so to 755
changing mode of /usr/local/lib/python3.8/lib-dynload/math.cpython-38-x86_64-linux-gnu.so to 755
changing mode of /usr/local/lib/python3.8/lib-dynload/unicodedata.cpython-38-x86_64-linux-gnu.so to 755
changing mode of /usr/local/lib/python3.8/lib-dynload/_random.cpython-38-x86_64-linux-gnu.so to 755
changing mode of /usr/local/lib/python3.8/lib-dynload/_posixshmem.cpython-38-x86_64-linux-gnu.so to 755
changing mode of /usr/local/lib/python3.8/lib-dynload/syslog.cpython-38-x86_64-linux-gnu.so to 755
changing mode of /usr/local/lib/python3.8/lib-dynload/_testcapi.cpython-38-x86_64-linux-gnu.so to 755
changing mode of /usr/local/lib/python3.8/lib-dynload/readline.cpython-38-x86_64-linux-gnu.so to 755
changing mode of /usr/local/lib/python3.8/lib-dynload/_contextvars.cpython-38-x86_64-linux-gnu.so to 755
changing mode of /usr/local/lib/python3.8/lib-dynload/cmath.cpython-38-x86_64-linux-gnu.so to 755
changing mode of /usr/local/lib/python3.8/lib-dynload/_curses.cpython-38-x86_64-linux-gnu.so to 755
changing mode of /usr/local/lib/python3.8/lib-dynload/_pickle.cpython-38-x86_64-linux-gnu.so to 755
changing mode of /usr/local/lib/python3.8/lib-dynload/_heapq.cpython-38-x86_64-linux-gnu.so to 755
changing mode of /usr/local/lib/python3.8/lib-dynload/_codecs_tw.cpython-38-x86_64-linux-gnu.so to 755
changing mode of /usr/local/lib/python3.8/lib-dynload/_gdbm.cpython-38-x86_64-linux-gnu.so to 755
changing mode of /usr/local/lib/python3.8/lib-dynload/fcntl.cpython-38-x86_64-linux-gnu.so to 755
changing mode of /usr/local/lib/python3.8/lib-dynload/_elementtree.cpython-38-x86_64-linux-gnu.so to 755
changing mode of /usr/local/lib/python3.8/lib-dynload/spwd.cpython-38-x86_64-linux-gnu.so to 755
changing mode of /usr/local/lib/python3.8/lib-dynload/_testbuffer.cpython-38-x86_64-linux-gnu.so to 755
changing mode of /usr/local/lib/python3.8/lib-dynload/_codecs_kr.cpython-38-x86_64-linux-gnu.so to 755
changing mode of /usr/local/lib/python3.8/lib-dynload/_ctypes_test.cpython-38-x86_64-linux-gnu.so to 755
changing mode of /usr/local/lib/python3.8/lib-dynload/_crypt.cpython-38-x86_64-linux-gnu.so to 755
changing mode of /usr/local/lib/python3.8/lib-dynload/nis.cpython-38-x86_64-linux-gnu.so to 755
changing mode of /usr/local/lib/python3.8/lib-dynload/parser.cpython-38-x86_64-linux-gnu.so to 755
changing mode of /usr/local/lib/python3.8/lib-dynload/_testinternalcapi.cpython-38-x86_64-linux-gnu.so to 755
changing mode of /usr/local/lib/python3.8/lib-dynload/_testimportmultiple.cpython-38-x86_64-linux-gnu.so to 755
changing mode of /usr/local/lib/python3.8/lib-dynload/_socket.cpython-38-x86_64-linux-gnu.so to 755
changing mode of /usr/local/lib/python3.8/lib-dynload/_queue.cpython-38-x86_64-linux-gnu.so to 755
changing mode of /usr/local/lib/python3.8/lib-dynload/_testmultiphase.cpython-38-x86_64-linux-gnu.so to 755
changing mode of /usr/local/lib/python3.8/lib-dynload/_multiprocessing.cpython-38-x86_64-linux-gnu.so to 755
changing mode of /usr/local/lib/python3.8/lib-dynload/_sha512.cpython-38-x86_64-linux-gnu.so to 755
changing mode of /usr/local/lib/python3.8/lib-dynload/_lsprof.cpython-38-x86_64-linux-gnu.so to 755
changing mode of /usr/local/lib/python3.8/lib-dynload/_json.cpython-38-x86_64-linux-gnu.so to 755
changing mode of /usr/local/lib/python3.8/lib-dynload/_sqlite3.cpython-38-x86_64-linux-gnu.so to 755
changing mode of /usr/local/lib/python3.8/lib-dynload/_xxtestfuzz.cpython-38-x86_64-linux-gnu.so to 755
changing mode of /usr/local/lib/python3.8/lib-dynload/zlib.cpython-38-x86_64-linux-gnu.so to 755
changing mode of /usr/local/lib/python3.8/lib-dynload/_opcode.cpython-38-x86_64-linux-gnu.so to 755
changing mode of /usr/local/lib/python3.8/lib-dynload/_blake2.cpython-38-x86_64-linux-gnu.so to 755
changing mode of /usr/local/lib/python3.8/lib-dynload/grp.cpython-38-x86_64-linux-gnu.so to 755
changing mode of /usr/local/lib/python3.8/lib-dynload/pyexpat.cpython-38-x86_64-linux-gnu.so to 755
changing mode of /usr/local/lib/python3.8/lib-dynload/_sha1.cpython-38-x86_64-linux-gnu.so to 755
changing mode of /usr/local/lib/python3.8/lib-dynload/mmap.cpython-38-x86_64-linux-gnu.so to 755
changing mode of /usr/local/lib/python3.8/lib-dynload/_ctypes.cpython-38-x86_64-linux-gnu.so to 755
changing mode of /usr/local/lib/python3.8/lib-dynload/array.cpython-38-x86_64-linux-gnu.so to 755
changing mode of /usr/local/lib/python3.8/lib-dynload/_md5.cpython-38-x86_64-linux-gnu.so to 755
changing mode of /usr/local/lib/python3.8/lib-dynload/_decimal.cpython-38-x86_64-linux-gnu.so to 755
changing mode of /usr/local/lib/python3.8/lib-dynload/_posixsubprocess.cpython-38-x86_64-linux-gnu.so to 755
changing mode of /usr/local/lib/python3.8/lib-dynload/_statistics.cpython-38-x86_64-linux-gnu.so to 755
changing mode of /usr/local/lib/python3.8/lib-dynload/ to 755
changing mode of /usr/local/lib/python3.8/lib-dynload/__pycache__ to 755
running install_scripts
copying build/scripts-3.8/pydoc3.8 -> /usr/local/bin
copying build/scripts-3.8/2to3-3.8 -> /usr/local/bin
copying build/scripts-3.8/idle3.8 -> /usr/local/bin
changing mode of /usr/local/bin/pydoc3.8 to 755
changing mode of /usr/local/bin/2to3-3.8 to 755
changing mode of /usr/local/bin/idle3.8 to 755
rm /usr/local/lib/python3.8/lib-dynload/_sysconfigdata__linux_x86_64-linux-gnu.py
rm -r /usr/local/lib/python3.8/lib-dynload/__pycache__
Creating directory /usr/local/share/man/man1
/usr/bin/install -c -m 644 ./Misc/python.man \
        /usr/local/share/man/man1/python3.8.1
if test "xupgrade" != "xno"  ; then \
        case upgrade in \
                upgrade) ensurepip="--altinstall --upgrade" ;; \
                install|*) ensurepip="--altinstall" ;; \
        esac; \
         ./python -E -m ensurepip \
                $ensurepip --root=/ ; \
fi
Looking in links: /tmp/tmpknjwapvv
Processing /tmp/tmpknjwapvv/setuptools-56.0.0-py3-none-any.whl
Processing /tmp/tmpknjwapvv/pip-23.0.1-py3-none-any.whl
Installing collected packages: setuptools, pip
Successfully installed pip-23.0.1 setuptools-56.0.0
WARNING: Running pip as the 'root' user can result in broken permissions and conflicting behaviour with the system package manager. It is recommended to use a virtual environment instead: https://pip.pypa.io/warnings/venv
kriminel@pop-os:~/Documents/Code/python38/Python-3.8.18$ python3.8
Python 3.8.18 (default, Oct  2 2023, 19:30:04) 
[GCC 11.4.0] on linux
Type "help", "copyright", "credits" or "license" for more information.
>>> 
kriminel@pop-os:~/Documents/Code/python38/Python-3.8.18$ cd ../..
kriminel@pop-os:~/Documents/Code$ cd 
Fibonacci/    home-anxiety/ IoT/          model_1st/    nigel/        nigel_blog/   python38/     salad/
kriminel@pop-os:~/Documents/Code$ cd nigel
kriminel@pop-os:~/Documents/Code/nigel$ ls
kriminel@pop-os:~/Documents/Code/nigel$ python 3.8 - m venv myenv
Command 'python' not found, did you mean:
  command 'python3' from deb python3
  command 'python' from deb python-is-python3
kriminel@pop-os:~/Documents/Code/nigel$ python3.8 - m venv myenv
Python 3.8.18 (default, Oct  2 2023, 19:30:04) 
[GCC 11.4.0] on linux
Type "help", "copyright", "credits" or "license" for more information.
>>> 
kriminel@pop-os:~/Documents/Code/nigel$ python3.8 -m venv myenv
kriminel@pop-os:~/Documents/Code/nigel$ ls
myenv
kriminel@pop-os:~/Documents/Code/nigel$ source myenv/bin/activate
(myenv) kriminel@pop-os:~/Documents/Code/nigel$ pip install flask
Collecting flask
  Downloading flask-3.0.0-py3-none-any.whl (99 kB)
     ━━━━━━━━━━━━━━━━━━━━━━━━━━━━━━━━━━━━━━━━ 99.7/99.7 kB 4.9 MB/s eta 0:00:00
Collecting itsdangerous>=2.1.2
  Downloading itsdangerous-2.1.2-py3-none-any.whl (15 kB)
Collecting blinker>=1.6.2
  Downloading blinker-1.6.2-py3-none-any.whl (13 kB)
Collecting importlib-metadata>=3.6.0
  Downloading importlib_metadata-6.8.0-py3-none-any.whl (22 kB)
Collecting Jinja2>=3.1.2
  Downloading Jinja2-3.1.2-py3-none-any.whl (133 kB)
     ━━━━━━━━━━━━━━━━━━━━━━━━━━━━━━━━━━━━━━━━ 133.1/133.1 kB 18.1 MB/s eta 0:00:00
Collecting Werkzeug>=3.0.0
  Downloading werkzeug-3.0.0-py3-none-any.whl (226 kB)
     ━━━━━━━━━━━━━━━━━━━━━━━━━━━━━━━━━━━━━━━━ 226.6/226.6 kB 14.8 MB/s eta 0:00:00
Collecting click>=8.1.3
  Downloading click-8.1.7-py3-none-any.whl (97 kB)
     ━━━━━━━━━━━━━━━━━━━━━━━━━━━━━━━━━━━━━━━━ 97.9/97.9 kB 25.0 MB/s eta 0:00:00
Collecting zipp>=0.5
  Downloading zipp-3.17.0-py3-none-any.whl (7.4 kB)
Collecting MarkupSafe>=2.0
  Downloading MarkupSafe-2.1.3-cp38-cp38-manylinux_2_17_x86_64.manylinux2014_x86_64.whl (25 kB)
Installing collected packages: zipp, MarkupSafe, itsdangerous, click, blinker, Werkzeug, Jinja2, importlib-metadata, flask
Successfully installed Jinja2-3.1.2 MarkupSafe-2.1.3 Werkzeug-3.0.0 blinker-1.6.2 click-8.1.7 flask-3.0.0 importlib-metadata-6.8.0 itsdangerous-2.1.2 zipp-3.17.0

[notice] A new release of pip is available: 23.0.1 -> 23.2.1
[notice] To update, run: pip install --upgrade pip
(myenv) kriminel@pop-os:~/Documents/Code/nigel$ python
Python 3.8.18 (default, Oct  2 2023, 19:30:04) 
[GCC 11.4.0] on linux
Type "help", "copyright", "credits" or "license" for more information.
>>> flask
Traceback (most recent call last):
  File "<stdin>", line 1, in <module>
NameError: name 'flask' is not defined
>>> import flask
>>> flask
<module 'flask' from '/home/kriminel/Documents/Code/nigel/myenv/lib/python3.8/site-packages/flask/__init__.py'>
>>> flask.version
Traceback (most recent call last):
  File "<stdin>", line 1, in <module>
  File "/home/kriminel/Documents/Code/nigel/myenv/lib/python3.8/site-packages/flask/__init__.py", line 60, in __getattr__
    raise AttributeError(name)
AttributeError: version
>>> flask.version()
Traceback (most recent call last):
  File "<stdin>", line 1, in <module>
  File "/home/kriminel/Documents/Code/nigel/myenv/lib/python3.8/site-packages/flask/__init__.py", line 60, in __getattr__
    raise AttributeError(name)
AttributeError: version
>>> 
(myenv) kriminel@pop-os:~/Documents/Code/nigel$ pip install sqlalchemy
Collecting sqlalchemy
  Downloading SQLAlchemy-2.0.21-cp38-cp38-manylinux_2_17_x86_64.manylinux2014_x86_64.whl (3.0 MB)
     ━━━━━━━━━━━━━━━━━━━━━━━━━━━━━━━━━━━━━━━━ 3.0/3.0 MB 10.2 MB/s eta 0:00:00
Collecting greenlet!=0.4.17
  Downloading greenlet-3.0.0-cp38-cp38-manylinux_2_24_x86_64.manylinux_2_28_x86_64.whl (617 kB)
     ━━━━━━━━━━━━━━━━━━━━━━━━━━━━━━━━━━━━━━━━ 617.1/617.1 kB 10.4 MB/s eta 0:00:00
Collecting typing-extensions>=4.2.0
  Downloading typing_extensions-4.8.0-py3-none-any.whl (31 kB)
Installing collected packages: typing-extensions, greenlet, sqlalchemy
Successfully installed greenlet-3.0.0 sqlalchemy-2.0.21 typing-extensions-4.8.0

[notice] A new release of pip is available: 23.0.1 -> 23.2.1
[notice] To update, run: pip install --upgrade pip
(myenv) kriminel@pop-os:~/Docume
(myenv) kriminel@pop-os:~/Docume
(myenv) kriminel@pop-os:~/Documents/Code/nige
(myenv) kriminel@pop-os:~/Documents/Code/nigel$
(myenv) kriminel@pop-os:~/Documents/Code/nigel$ git init
hint: Using 'master' as the name for the initial branch. This default branch name
hint: is subject to change. To configure the initial branch name to use in all
hint: of your new repositories, which will suppress this warning, call:
hint: 
hint:   git config --global init.defaultBranch <name>
hint: 
hint: Names commonly chosen instead of 'master' are 'main', 'trunk' and
hint: 'development'. The just-created branch can be renamed via this command:
hint: 
hint:   git branch -m <name>
Initialized empty Git repository in /home/kriminel/Documents/Code/nigel/.git/
(myenv) kriminel@pop-os:~/Documents/Code/nigel$ git commit -m "Initial commit"
On branch master

Initial commit

Untracked files:
  (use "git add <file>..." to include in what will be committed)
        .gitignore

nothing added to commit but untracked files present (use "git add" to track)
(myenv) kriminel@pop-os:~/Documents/Code/nigel$ ^[[200~git remote add origin https://github.com/your-username/your-repo.git
git remote add origin https://github.com/your-username/your-repo.git;6045ff34-85b4-4aa7-9d0b-6183041f55e5git: command not found
(myenv) kriminel@pop-os:~/Documents/Code/nigel$ remote add origin https://github.com/secondsuitor/nigel.git
remote: command not found
(myenv) kriminel@pop-os:~/Documents/Code/nigel$ git remote add origin https://github.com/secondsuitor/nigel.gi
(myenv) kriminel@pop-os:~/Documents/Code/nigel$ git branch -M main
(myenv) kriminel@pop-os:~/Documents/Code/nigel$ git push -u origina main
error: src refspec main does not match any
error: failed to push some refs to 'origina'
(myenv) kriminel@pop-os:~/Documents/Code/nigel$ git push -u origin main
error: src refspec main does not match any
error: failed to push some refs to 'https://github.com/secondsuitor/nigel.gi'
(myenv) kriminel@pop-os:~/Documents/Code/nigel$ git remote add origin https://github.com/secondsuitor/nigel.git
error: remote origin already exists.
(myenv) kriminel@pop-os:~/Documents/Code/nigel$ git remote add origin https://github.com/secondsuitor/nigel.git
error: remote origin already exists.
(myenv) kriminel@pop-os:~/Documents/Code/nigel$ git remote -v
origin  https://github.com/secondsuitor/nigel.gi (fetch)
origin  https://github.com/secondsuitor/nigel.gi (push)
(myenv) kriminel@pop-os:~/Documents/Code/nigel$ git remote remove origin
(myenv) kriminel@pop-os:~/Documents/Code/nigel$ git remote add origin https://github.com/secondsuitor/nigel.git
(myenv) kriminel@pop-os:~/Documents/Code/nigel$ git branch -M main
(myenv) kriminel@pop-os:~/Documents/Code/nigel$ git push -u origin main
error: src refspec main does not match any
error: failed to push some refs to 'https://github.com/secondsuitor/nigel.git'
(myenv) kriminel@pop-os:~/Documents/Code/nigel$ git remote remove origin
(myenv) kriminel@pop-os:~/Documents/Code/nigel$ git remote add origin https://github.com/secondsuitor/nigel
(myenv) kriminel@pop-os:~/Documents/Code/nigel$ git branch -M main
(myenv) kriminel@pop-os:~/Documents/Code/nigel$ git push -u origin main
error: src refspec main does not match any
error: failed to push some refs to 'https://github.com/secondsuitor/nigel'
(myenv) kriminel@pop-os:~/Documents/Code/nigel$ git push -u origin main
error: src refspec main does not match any
error: failed to push some refs to 'https://github.com/secondsuitor/nigel'
(myenv) kriminel@pop-os:~/Documents/Code/nigel$ ^C
(myenv) kriminel@pop-os:~/Documents/Code/nigel$ git pull origin main
remote: Enumerating objects: 3, done.
remote: Counting objects: 100% (3/3), done.
remote: Compressing objects: 100% (2/2), done.
remote: Total 3 (delta 0), reused 0 (delta 0), pack-reused 0
Unpacking objects: 100% (3/3), 636 bytes | 636.00 KiB/s, done.
From https://github.com/secondsuitor/nigel
 * branch            main       -> FETCH_HEAD
 * [new branch]      main       -> origin/main
(myenv) kriminel@pop-os:~/Documents/Code/nigel$ git push -u origin main
Branch 'main' set up to track remote branch 'main' from 'origin'.
Everything up-to-date
(myenv) kriminel@pop-os:~/Documents/Code/nigel$ ls
chatlog.txt  myenv  README.md
(myenv) kriminel@pop-os:~/Documents/Code/nigel$ git config --global user.name "secondsuitor"
(myenv) kriminel@pop-os:~/Documents/Code/nigel$ git config --global user.email pete@secondsuitor.com
(myenv) kriminel@pop-os:~/Documents/Code/nigel$ git push -u origin main
To https://github.com/secondsuitor/nigel
 ! [rejected]        main -> main (non-fast-forward)
error: failed to push some refs to 'https://github.com/secondsuitor/nigel'
hint: Updates were rejected because the tip of your current branch is behind
hint: its remote counterpart. Integrate the remote changes (e.g.
hint: 'git pull ...') before pushing again.
hint: See the 'Note about fast-forwards' in 'git push --help' for details.
(myenv) kriminel@pop-os:~/Documents/Code/nigel$ git pull origin main
From https://github.com/secondsuitor/nigel
 * branch            main       -> FETCH_HEAD
hint: You have divergent branches and need to specify how to reconcile them.
hint: You can do so by running one of the following commands sometime before
hint: your next pull:
hint: 
hint:   git config pull.rebase false  # merge (the default strategy)
hint:   git config pull.rebase true   # rebase
hint:   git config pull.ff only       # fast-forward only
hint: 
hint: You can replace "git config" with "git config --global" to set a default
hint: preference for all repositories. You can also pass --rebase, --no-rebase,
hint: or --ff-only on the command line to override the configured default per
hint: invocation.
fatal: Need to specify how to reconcile divergent branches.
(myenv) kriminel@pop-os:~/Documents/Code/nigel$ git config pull.rebase false  # merge
(myenv) kriminel@pop-os:~/Documents/Code/nigel$ git push -u origin main
To https://github.com/secondsuitor/nigel
 ! [rejected]        main -> main (non-fast-forward)
error: failed to push some refs to 'https://github.com/secondsuitor/nigel'
hint: Updates were rejected because the tip of your current branch is behind
hint: its remote counterpart. Integrate the remote changes (e.g.
hint: 'git pull ...') before pushing again.
hint: See the 'Note about fast-forwards' in 'git push --help' for details.
(myenv) kriminel@pop-os:~/Documents/Code/nigel$ git config pull.rebase false  # merge
(myenv) kriminel@pop-os:~/Documents/Code/nigel$ git pull origin main
From https://github.com/secondsuitor/nigel
 * branch            main       -> FETCH_HEAD
Merge made by the 'ort' strategy.
 README.md | 11 +++++++++++
 1 file changed, 11 insertions(+)
(myenv) kriminel@pop-os:~/Documents/Code/nigel$ git push -u origin main
Enumerating objects: 9, done.
Counting objects: 100% (9/9), done.
Delta compression using up to 24 threads
Compressing objects: 100% (6/6), done.
Writing objects: 100% (7/7), 880 bytes | 880.00 KiB/s, done.
Total 7 (delta 0), reused 0 (delta 0), pack-reused 0
To https://github.com/secondsuitor/nigel
   484640f..8e17d54  main -> main
Branch 'main' set up to track remote branch 'main' from 'origin'.
(myenv) kriminel@pop-os:~/Documents/Code/nigel$ 
(myenv) kriminel@pop-os:~/Documents/Code/nigel$ ^C
(myenv) kriminel@pop-os:~/Documents/Code/nigel$ mkdir migel
(myenv) kriminel@pop-os:~/Documents/Code/nigel$ mv migel nigel
(myenv) kriminel@pop-os:~/Documents/Code/nigel$ ls
chats  history  myenv  nigel  README.md  wsgi.py
(myenv) kriminel@pop-os:~/Documents/Code/nigel$ pyton
pyton: command not found
(myenv) kriminel@pop-os:~/Documents/Code/nigel$ python
Python 3.8.18 (default, Oct  2 2023, 19:30:04) 
[GCC 11.4.0] on linux
Type "help", "copyright", "credits" or "license" for more information.
>>> import flask
>>> flask
<module 'flask' from '/home/kriminel/Documents/Code/nigel/myenv/lib/python3.8/site-packages/flask/__init__.py'>
>>> 
(myenv) kriminel@pop-os:~/Documents/Code/nigel$ python
Python 3.8.18 (default, Oct  2 2023, 19:30:04) 
[GCC 11.4.0] on linux
Type "help", "copyright", "credits" or "license" for more information.
>>> import SQLAlchemy
Traceback (most recent call last):
  File "<stdin>", line 1, in <module>
ModuleNotFoundError: No module named 'SQLAlchemy'
>>> import flask_sqlalchemy
Traceback (most recent call last):
  File "<stdin>", line 1, in <module>
ModuleNotFoundError: No module named 'flask_sqlalchemy'
>>> 
(myenv) kriminel@pop-os:~/Documents/Code/nigel$ pip -freeze > requirements.txt

Usage:   
  pip <command> [options]

no such option: -f
(myenv) kriminel@pop-os:~/Documents/Code/nigel$ pip freeze > requirements.txt
(myenv) kriminel@pop-os:~/Documents/Code/nigel$ pip install -U Flask-SQLAlchemy
Collecting Flask-SQLAlchemy
  Downloading flask_sqlalchemy-3.1.1-py3-none-any.whl (25 kB)
Requirement already satisfied: sqlalchemy>=2.0.16 in ./myenv/lib/python3.8/site-packages (from Flask-SQLAlchemy) (2.0.21)
Requirement already satisfied: flask>=2.2.5 in ./myenv/lib/python3.8/site-packages (from Flask-SQLAlchemy) (3.0.0)
Requirement already satisfied: itsdangerous>=2.1.2 in ./myenv/lib/python3.8/site-packages (from flask>=2.2.5->Flask-SQLAlchemy) (2.1.2)
Requirement already satisfied: blinker>=1.6.2 in ./myenv/lib/python3.8/site-packages (from flask>=2.2.5->Flask-SQLAlchemy) (1.6.2)
Requirement already satisfied: Werkzeug>=3.0.0 in ./myenv/lib/python3.8/site-packages (from flask>=2.2.5->Flask-SQLAlchemy) (3.0.0)
Requirement already satisfied: importlib-metadata>=3.6.0 in ./myenv/lib/python3.8/site-packages (from flask>=2.2.5->Flask-SQLAlchemy) (6.8.0)
Requirement already satisfied: click>=8.1.3 in ./myenv/lib/python3.8/site-packages (from flask>=2.2.5->Flask-SQLAlchemy) (8.1.7)
Requirement already satisfied: Jinja2>=3.1.2 in ./myenv/lib/python3.8/site-packages (from flask>=2.2.5->Flask-SQLAlchemy) (3.1.2)
Requirement already satisfied: typing-extensions>=4.2.0 in ./myenv/lib/python3.8/site-packages (from sqlalchemy>=2.0.16->Flask-SQLAlchemy) (4.8.0)
Requirement already satisfied: greenlet!=0.4.17 in ./myenv/lib/python3.8/site-packages (from sqlalchemy>=2.0.16->Flask-SQLAlchemy) (3.0.0)
Requirement already satisfied: zipp>=0.5 in ./myenv/lib/python3.8/site-packages (from importlib-metadata>=3.6.0->flask>=2.2.5->Flask-SQLAlchemy) (3.17.0)
Requirement already satisfied: MarkupSafe>=2.0 in ./myenv/lib/python3.8/site-packages (from Jinja2>=3.1.2->flask>=2.2.5->Flask-SQLAlchemy) (2.1.3)
Installing collected packages: Flask-SQLAlchemy
Successfully installed Flask-SQLAlchemy-3.1.1

[notice] A new release of pip is available: 23.0.1 -> 23.2.1
[notice] To update, run: pip install --upgrade pip
(myenv) kriminel@pop-os:~/Documents/Code/nigel$ pip freeze > requirements.txt
(myenv) kriminel@pop-os:~/Documents/Code/nigel$ python
Python 3.8.18 (default, Oct  2 2023, 19:30:04) 
[GCC 11.4.0] on linux
Type "help", "copyright", "credits" or "license" for more information.
>>> import flask
>>> import flask_sqlalchemy
>>> 
(myenv) kriminel@pop-os:~/Documents/Code/nigel$ uwsgi --http :8000 --wsgi-file wsgi.py 
Command 'uwsgi' not found, but can be installed with:
sudo apt install uwsgi-core                   # version 2.0.20-4, or (You will have to enable component called 'universe')
sudo apt install uwsgi-plugin-alarm-curl      # version 2.0.20-4 (You will have to enable component called 'universe')
sudo apt install uwsgi-plugin-alarm-xmpp      # version 2.0.20-4 (You will have to enable component called 'universe')
sudo apt install uwsgi-plugin-curl-cron       # version 2.0.20-4 (You will have to enable component called 'universe')
sudo apt install uwsgi-plugin-emperor-pg      # version 2.0.20-4 (You will have to enable component called 'universe')
sudo apt install uwsgi-plugin-gccgo           # version 2.0.20-4 (You will have to enable component called 'universe')
sudo apt install uwsgi-plugin-geoip           # version 2.0.20-4 (You will have to enable component called 'universe')
sudo apt install uwsgi-plugin-glusterfs       # version 2.0.20-4 (You will have to enable component called 'universe')
sudo apt install uwsgi-plugin-graylog2        # version 2.0.20-4 (You will have to enable component called 'universe')
sudo apt install uwsgi-plugin-jvm-openjdk-11  # version 2.0.20-4 (You will have to enable component called 'universe')
sudo apt install uwsgi-plugin-ldap            # version 2.0.20-4 (You will have to enable component called 'universe')
sudo apt install uwsgi-plugin-lua5.1          # version 2.0.20-4 (You will have to enable component called 'universe')
sudo apt install uwsgi-plugin-lua5.2          # version 2.0.20-4 (You will have to enable component called 'universe')
sudo apt install uwsgi-plugin-luajit          # version 2.0.20+2+ubuntu3+0.0.7build1 (You will have to enable component called 'universe')
sudo apt install uwsgi-plugin-mono            # version 2.0.20-4 (You will have to enable component called 'universe')
sudo apt install uwsgi-plugin-psgi            # version 2.0.20-4 (You will have to enable component called 'universe')
sudo apt install uwsgi-plugin-python3         # version 2.0.20-4 (You will have to enable component called 'universe')
sudo apt install uwsgi-plugin-rack-ruby3.0    # version 2.0.20-4 (You will have to enable component called 'universe')
sudo apt install uwsgi-plugin-rados           # version 2.0.20-4 (You will have to enable component called 'universe')
sudo apt install uwsgi-plugin-router-access   # version 2.0.20-4 (You will have to enable component called 'universe')
sudo apt install uwsgi-plugin-sqlite3         # version 2.0.20-4 (You will have to enable component called 'universe')
sudo apt install uwsgi-plugin-xslt            # version 2.0.20-4 (You will have to enable component called 'universe')
(myenv) kriminel@pop-os:~/Documents/Code/nigel$ gunicorn
Command 'gunicorn' not found, but can be installed with:
sudo apt install gunicorn
(myenv) kriminel@pop-os:~/Documents/Code/nigel$ flask run
Usage: flask run [OPTIONS]
Try 'flask run --help' for help.

Error: Failed to find Flask application or factory in module 'wsgi'. Use 'wsgi:name' to specify one.
(myenv) kriminel@pop-os:~/Documents/Code/nigel$ cd nigel/
(myenv) kriminel@pop-os:~/Documents/Code/nigel/nigel$ flask run
 * Debug mode: off
WARNING: This is a development server. Do not use it in a production deployment. Use a production WSGI server instead.
 * Running on http://127.0.0.1:5000
Press CTRL+C to quit
^C(myenv) kriminel@pop-os:~/Documents/Code/nigel/nigel$ flask run
 * Debug mode: off
WARNING: This is a development server. Do not use it in a production deployment. Use a production WSGI server instead.
 * Running on http://127.0.0.1:5000
Press CTRL+C to quit
[2023-10-04 20:04:57,428] ERROR in app: Exception on / [GET]
Traceback (most recent call last):
  File "/home/kriminel/Documents/Code/nigel/myenv/lib/python3.8/site-packages/sqlalchemy/engine/base.py", line 1965, in _exec_single_context
    self.dialect.do_execute(
  File "/home/kriminel/Documents/Code/nigel/myenv/lib/python3.8/site-packages/sqlalchemy/engine/default.py", line 921, in do_execute
    cursor.execute(statement, parameters)
sqlite3.OperationalError: no such table: post

The above exception was the direct cause of the following exception:

Traceback (most recent call last):
  File "/home/kriminel/Documents/Code/nigel/myenv/lib/python3.8/site-packages/flask/app.py", line 1455, in wsgi_app
    response = self.full_dispatch_request()
  File "/home/kriminel/Documents/Code/nigel/myenv/lib/python3.8/site-packages/flask/app.py", line 869, in full_dispatch_request
    rv = self.handle_user_exception(e)
  File "/home/kriminel/Documents/Code/nigel/myenv/lib/python3.8/site-packages/flask/app.py", line 867, in full_dispatch_request
    rv = self.dispatch_request()
  File "/home/kriminel/Documents/Code/nigel/myenv/lib/python3.8/site-packages/flask/app.py", line 852, in dispatch_request
    return self.ensure_sync(self.view_functions[rule.endpoint])(**view_args)
  File "/home/kriminel/Documents/Code/nigel/nigel/app.py", line 15, in home
    posts = Post.query.all()
  File "/home/kriminel/Documents/Code/nigel/myenv/lib/python3.8/site-packages/sqlalchemy/orm/query.py", line 2688, in all
    return self._iter().all()  # type: ignore
  File "/home/kriminel/Documents/Code/nigel/myenv/lib/python3.8/site-packages/sqlalchemy/orm/query.py", line 2842, in _iter
    result: Union[ScalarResult[_T], Result[_T]] = self.session.execute(
  File "/home/kriminel/Documents/Code/nigel/myenv/lib/python3.8/site-packages/sqlalchemy/orm/session.py", line 2262, in execute
    return self._execute_internal(
  File "/home/kriminel/Documents/Code/nigel/myenv/lib/python3.8/site-packages/sqlalchemy/orm/session.py", line 2144, in _execute_internal
    result: Result[Any] = compile_state_cls.orm_execute_statement(
  File "/home/kriminel/Documents/Code/nigel/myenv/lib/python3.8/site-packages/sqlalchemy/orm/context.py", line 293, in orm_execute_statement
    result = conn.execute(
  File "/home/kriminel/Documents/Code/nigel/myenv/lib/python3.8/site-packages/sqlalchemy/engine/base.py", line 1412, in execute
    return meth(
  File "/home/kriminel/Documents/Code/nigel/myenv/lib/python3.8/site-packages/sqlalchemy/sql/elements.py", line 516, in _execute_on_connection
    return connection._execute_clauseelement(
  File "/home/kriminel/Documents/Code/nigel/myenv/lib/python3.8/site-packages/sqlalchemy/engine/base.py", line 1635, in _execute_clauseelement
    ret = self._execute_context(
  File "/home/kriminel/Documents/Code/nigel/myenv/lib/python3.8/site-packages/sqlalchemy/engine/base.py", line 1844, in _execute_context
    return self._exec_single_context(
  File "/home/kriminel/Documents/Code/nigel/myenv/lib/python3.8/site-packages/sqlalchemy/engine/base.py", line 1984, in _exec_single_context
    self._handle_dbapi_exception(
  File "/home/kriminel/Documents/Code/nigel/myenv/lib/python3.8/site-packages/sqlalchemy/engine/base.py", line 2339, in _handle_dbapi_exception
    raise sqlalchemy_exception.with_traceback(exc_info[2]) from e
  File "/home/kriminel/Documents/Code/nigel/myenv/lib/python3.8/site-packages/sqlalchemy/engine/base.py", line 1965, in _exec_single_context
    self.dialect.do_execute(
  File "/home/kriminel/Documents/Code/nigel/myenv/lib/python3.8/site-packages/sqlalchemy/engine/default.py", line 921, in do_execute
    cursor.execute(statement, parameters)
sqlalchemy.exc.OperationalError: (sqlite3.OperationalError) no such table: post
[SQL: SELECT post.id AS post_id, post.title AS post_title, post.content AS post_content 
FROM post]
(Background on this error at: https://sqlalche.me/e/20/e3q8)
127.0.0.1 - - [04/Oct/2023 20:04:57] "GET / HTTP/1.1" 500 -
127.0.0.1 - - [04/Oct/2023 20:04:57] "GET /favicon.ico HTTP/1.1" 404 -
^C(myenv) kriminel@pop-os:~/Documents/Code/nigel/nigel$ cd ..
(myenv) kriminel@pop-os:~/Documents/Code/nigel$ flask run
Usage: flask run [OPTIONS]
Try 'flask run --help' for help.

Error: Failed to find Flask application or factory in module 'wsgi'. Use 'wsgi:name' to specify one.
(myenv) kriminel@pop-os:~/Documents/Code/nigel$ flask run wsgi.py 
Usage: flask run [OPTIONS]
Try 'flask run --help' for help.

Error: Got unexpected extra argument (wsgi.py)
(myenv) kriminel@pop-os:~/Documents/Code/nigel$ 

(myenv) kriminel@pop-os:~/Documents/Code/nigel$ flask run
Usage: flask run [OPTIONS]
Try 'flask run --help' for help.

Error: Failed to find Flask application or factory in module 'wsgi'. Use 'wsgi:name' to specify one.
(myenv) kriminel@pop-os:~/Documents/Code/nigel$ flask --app wsgi run
Usage: flask run [OPTIONS]
Try 'flask run --help' for help.

Error: Failed to find Flask application or factory in module 'wsgi'. Use 'wsgi:name' to specify one.
(myenv) kriminel@pop-os:~/Documents/Code/nigel$ flask --app wsgi:app run
Usage: flask run [OPTIONS]
Try 'flask run --help' for help.

Error: A valid Flask application was not obtained from 'wsgi:app'.
(myenv) kriminel@pop-os:~/Documents/Code/nigel$ flask --app nigel:app run
Usage: flask run [OPTIONS]
Try 'flask run --help' for help.

Error: Failed to find attribute 'app' in 'nigel'.
(myenv) kriminel@pop-os:~/Documents/Code/nigel$ flask run
Usage: flask run [OPTIONS]
Try 'flask run --help' for help.

Error: Failed to find Flask application or factory in module 'wsgi'. Use 'wsgi:name' to specify one.
(myenv) kriminel@pop-os:~/Documents/Code/nigel$ ^C
(myenv) kriminel@pop-os:~/Documents/Code/nigel$ flask run
Usage: flask run [OPTIONS]
Try 'flask run --help' for help.

Error: Failed to find Flask application or factory in module 'wsgi'. Use 'wsgi:name' to specify one.
(myenv) kriminel@pop-os:~/Documents/Code/nigel$ flask run
Usage: flask run [OPTIONS]
Try 'flask run --help' for help.

Error: Failed to find Flask application or factory in module 'wsgi'. Use 'wsgi:name' to specify one.
(myenv) kriminel@pop-os:~/Documents/Code/nigel$ echo FLASK_APP
FLASK_APP
(myenv) kriminel@pop-os:~/Documents/Code/nigel$ export FLASK_APP=wsgi.py
(myenv) kriminel@pop-os:~/Documents/Code/nigel$ flask run
Usage: flask run [OPTIONS]
Try 'flask run --help' for help.

Error: Failed to find Flask application or factory in module 'wsgi'. Use 'wsgi:name' to specify one.
(myenv) kriminel@pop-os:~/Documents/Code/nigel$ flask run
Usage: flask run [OPTIONS]
Try 'flask run --help' for help.

Error: While importing 'wsgi', an ImportError was raised:

Traceback (most recent call last):
  File "/home/kriminel/Documents/Code/nigel/myenv/lib/python3.8/site-packages/flask/cli.py", line 219, in locate_app
    __import__(module_name)
  File "/home/kriminel/Documents/Code/nigel/wsgi.py", line 1, in <module>
    from nigel import app
ModuleNotFoundError: No module named 'nigel'

(myenv) kriminel@pop-os:~/Documents/Code/nigel$ flask run
Usage: flask run [OPTIONS]
Try 'flask run --help' for help.

Error: While importing 'wsgi', an ImportError was raised:

Traceback (most recent call last):
  File "/home/kriminel/Documents/Code/nigel/myenv/lib/python3.8/site-packages/flask/cli.py", line 219, in locate_app
    __import__(module_name)
  File "/home/kriminel/Documents/Code/nigel/wsgi.py", line 1, in <module>
    from nigel import app
ModuleNotFoundError: No module named 'nigel'

(myenv) kriminel@pop-os:~/Documents/Code/nigel$ flask run
Usage: flask run [OPTIONS]
Try 'flask run --help' for help.

Error: Failed to find Flask application or factory in module 'wsgi'. Use 'wsgi:name' to specify one.
(myenv) kriminel@pop-os:~/Documents/Code/nigel$ flask run
Usage: flask run [OPTIONS]
Try 'flask run --help' for help.

Error: Failed to find Flask application or factory in module 'wsgi'. Use 'wsgi:name' to specify one.
(myenv) kriminel@pop-os:~/Documents/Code/nigel$ export FLASK_APP=wsgi.py
(myenv) kriminel@pop-os:~/Documents/Code/nigel$ flask run
Usage: flask run [OPTIONS]
Try 'flask run --help' for help.

Error: Failed to find Flask application or factory in module 'wsgi'. Use 'wsgi:name' to specify one.
(myenv) kriminel@pop-os:~/Documents/Code/nigel$ flask run
Usage: flask run [OPTIONS]
Try 'flask run --help' for help.

Error: Failed to find Flask application or factory in module 'wsgi'. Use 'wsgi:name' to specify one.
(myenv) kriminel@pop-os:~/Documents/Code/nigel$ flask run
Usage: flask run [OPTIONS]
Try 'flask run --help' for help.

Error: Failed to find Flask application or factory in module 'wsgi'. Use 'wsgi:name' to specify one.
(myenv) kriminel@pop-os:~/Documents/Code/nigel$ flask run
Usage: flask run [OPTIONS]
Try 'flask run --help' for help.

Error: Failed to find Flask application or factory in module 'wsgi'. Use 'wsgi:name' to specify one.
(myenv) kriminel@pop-os:~/Documents/Code/nigel$ ^C
(myenv) kriminel@pop-os:~/Documents/Code/nigel$ flask run --app=application
Usage: flask run [OPTIONS]
Try 'flask run --help' for help.

Error: No such option: --app
(myenv) kriminel@pop-os:~/Documents/Code/nigel$ flask run
Usage: flask run [OPTIONS]
Try 'flask run --help' for help.

Error: Failed to find Flask application or factory in module 'wsgi'. Use 'wsgi:name' to specify one.
(myenv) kriminel@pop-os:~/Documents/Code/nigel$ flask run --app=application
Usage: flask run [OPTIONS]
Try 'flask run --help' for help.

Error: No such option: --app
(myenv) kriminel@pop-os:~/Documents/Code/nigel$ echo $FLASK_APP
wsgi.py
(myenv) kriminel@pop-os:~/Documents/Code/nigel$ export FLASK_APP=wsgi
(myenv) kriminel@pop-os:~/Documents/Code/nigel$ flask run
Usage: flask run [OPTIONS]
Try 'flask run --help' for help.

Error: Failed to find Flask application or factory in module 'wsgi'. Use 'wsgi:name' to specify one.
(myenv) kriminel@pop-os:~/Documents/Code/nigel$ export FLASK_APP=wsgi.app
(myenv) kriminel@pop-os:~/Documents/Code/nigel$ export FLASK_APP=wsgi
(myenv) kriminel@pop-os:~/Documents/Code/nigel$ flask run
Usage: flask run [OPTIONS]
Try 'flask run --help' for help.

Error: Failed to find Flask application or factory in module 'wsgi'. Use 'wsgi:name' to specify one.
(myenv) kriminel@pop-os:~/Documents/Code/nigel$ export FLASK_APP=wsgi.app
(myenv) kriminel@pop-os:~/Documents/Code/nigel$ flask run
Usage: flask run [OPTIONS]
Try 'flask run --help' for help.

Error: Could not import 'wsgi.app'.
(myenv) kriminel@pop-os:~/Documents/Code/nigel$ export FLASK_APP=wsgi
(myenv) kriminel@pop-os:~/Documents/Code/nigel$ flask --app wsgi:app run
Usage: flask run [OPTIONS]
Try 'flask run --help' for help.

Error: Failed to find attribute 'app' in 'wsgi'.
(myenv) kriminel@pop-os:~/Documents/Code/nigel$ flask --app wsgi.app run
Usage: flask run [OPTIONS]
Try 'flask run --help' for help.

Error: Could not import 'wsgi.app'.
(myenv) kriminel@pop-os:~/Documents/Code/nigel$ flask --app wsgi:application run
Usage: flask run [OPTIONS]
Try 'flask run --help' for help.

Error: A valid Flask application was not obtained from 'wsgi:application'.
(myenv) kriminel@pop-os:~/Documents/Code/nigel$ flask run
 * Serving Flask app 'wsgi'
 * Debug mode: off
WARNING: This is a development server. Do not use it in a production deployment. Use a production WSGI server instead.
 * Running on http://127.0.0.1:5000
Press CTRL+C to quit
^C(myenv) kriminel@pop-os:~/Documents/Code/nigel$ 

(myenv) kriminel@pop-os:~/Documents/Code/nigel$ flask run
Usage: flask run [OPTIONS]
Try 'flask run --help' for help.

Error: While importing 'wsgi', an ImportError was raised:

Traceback (most recent call last):
  File "/home/kriminel/Documents/Code/nigel/myenv/lib/python3.8/site-packages/flask/cli.py", line 219, in locate_app
    __import__(module_name)
  File "/home/kriminel/Documents/Code/nigel/wsgi.py", line 1, in <module>
    from app import app as application
  File "/home/kriminel/Documents/Code/nigel/app/__init__.py", line 2, in <module>
    from models import db
ModuleNotFoundError: No module named 'models'

(myenv) kriminel@pop-os:~/Documents/Code/nigel$ export FLASK_APP=wsgi
(myenv) kriminel@pop-os:~/Documents/Code/nigel$ flask run
Usage: flask run [OPTIONS]
Try 'flask run --help' for help.

Error: While importing 'wsgi', an ImportError was raised:

Traceback (most recent call last):
  File "/home/kriminel/Documents/Code/nigel/myenv/lib/python3.8/site-packages/flask/cli.py", line 219, in locate_app
    __import__(module_name)
  File "/home/kriminel/Documents/Code/nigel/wsgi.py", line 1, in <module>
    from app import app as application
  File "/home/kriminel/Documents/Code/nigel/app/__init__.py", line 2, in <module>
    from models import db
ModuleNotFoundError: No module named 'models'

(myenv) kriminel@pop-os:~/Documents/Code/nigel$ export FLASK_APP=app
(myenv) kriminel@pop-os:~/Documents/Code/nigel$ flask run
Usage: flask run [OPTIONS]
Try 'flask run --help' for help.

Error: While importing 'app', an ImportError was raised:

Traceback (most recent call last):
  File "/home/kriminel/Documents/Code/nigel/myenv/lib/python3.8/site-packages/flask/cli.py", line 219, in locate_app
    __import__(module_name)
  File "/home/kriminel/Documents/Code/nigel/app/__init__.py", line 2, in <module>
    from models import db
ModuleNotFoundError: No module named 'models'

(myenv) kriminel@pop-os:~/Documents/Code/nigel$ flask run
Usage: flask run [OPTIONS]
Try 'flask run --help' for help.

Error: While importing 'app', an ImportError was raised:

Traceback (most recent call last):
  File "/home/kriminel/Documents/Code/nigel/myenv/lib/python3.8/site-packages/flask/cli.py", line 219, in locate_app
    __import__(module_name)
  File "/home/kriminel/Documents/Code/nigel/app/__init__.py", line 2, in <module>
    from models import db
ModuleNotFoundError: No module named 'models'

(myenv) kriminel@pop-os:~/Documents/Code/nigel$ flask run
Usage: flask run [OPTIONS]
Try 'flask run --help' for help.

Error: While importing 'app', an ImportError was raised:

Traceback (most recent call last):
  File "/home/kriminel/Documents/Code/nigel/myenv/lib/python3.8/site-packages/flask/cli.py", line 219, in locate_app
    __import__(module_name)
  File "/home/kriminel/Documents/Code/nigel/app/__init__.py", line 3, in <module>
    from app.routes import home, post, new_post
  File "/home/kriminel/Documents/Code/nigel/app/routes.py", line 2, in <module>
    from models import db, Post
ModuleNotFoundError: No module named 'models'

(myenv) kriminel@pop-os:~/Documents/Code/nigel$ flask run
Usage: flask run [OPTIONS]
Try 'flask run --help' for help.

Error: While importing 'app', an ImportError was raised:

Traceback (most recent call last):
  File "/home/kriminel/Documents/Code/nigel/myenv/lib/python3.8/site-packages/flask/cli.py", line 219, in locate_app
    __import__(module_name)
  File "/home/kriminel/Documents/Code/nigel/app/__init__.py", line 3, in <module>
    from app.routes import home, post, new_post
  File "/home/kriminel/Documents/Code/nigel/app/routes.py", line 2, in <module>
    from models import db, Post
ModuleNotFoundError: No module named 'models'

(myenv) kriminel@pop-os:~/Documents/Code/nigel$ flask run
Usage: flask run [OPTIONS]
Try 'flask run --help' for help.

Error: While importing 'app', an ImportError was raised:

Traceback (most recent call last):
  File "/home/kriminel/Documents/Code/nigel/myenv/lib/python3.8/site-packages/flask/cli.py", line 219, in locate_app
    __import__(module_name)
  File "/home/kriminel/Documents/Code/nigel/app/__init__.py", line 3, in <module>
    from app.routes import home, post, new_post
  File "/home/kriminel/Documents/Code/nigel/app/routes.py", line 2, in <module>
    from models import db, Post
ModuleNotFoundError: No module named 'models'

(myenv) kriminel@pop-os:~/Documents/Code/nigel$ python
Python 3.8.18 (default, Oct  2 2023, 19:30:04) 
[GCC 11.4.0] on linux
Type "help", "copyright", "credits" or "license" for more information.
>>> import wsgi
Traceback (most recent call last):
  File "<stdin>", line 1, in <module>
  File "/home/kriminel/Documents/Code/nigel/wsgi.py", line 1, in <module>
    from app import app as application
  File "/home/kriminel/Documents/Code/nigel/app/__init__.py", line 3, in <module>
    from app.routes import home, post, new_post
  File "/home/kriminel/Documents/Code/nigel/app/routes.py", line 2, in <module>
    from models import db, Post
ModuleNotFoundError: No module named 'models'
>>> import app.models
Traceback (most recent call last):
  File "<stdin>", line 1, in <module>
  File "/home/kriminel/Documents/Code/nigel/app/__init__.py", line 3, in <module>
    from app.routes import home, post, new_post
  File "/home/kriminel/Documents/Code/nigel/app/routes.py", line 2, in <module>
    from models import db, Post
ModuleNotFoundError: No module named 'models'
>>> 
(myenv) kriminel@pop-os:~/Documents/Code/nigel$ python
Python 3.8.18 (default, Oct  2 2023, 19:30:04) 
[GCC 11.4.0] on linux
Type "help", "copyright", "credits" or "license" for more information.
>>> 
(myenv) kriminel@pop-os:~/Documents/Code/nigel$ flask run
 * Serving Flask app 'app'
 * Debug mode: off
WARNING: This is a development server. Do not use it in a production deployment. Use a production WSGI server instead.
 * Running on http://127.0.0.1:5000
Press CTRL+C to quit
^C(myenv) kriminel@pop-os:~/Documents/Code/nigel$ python
Python 3.8.18 (default, Oct  2 2023, 19:30:04) 
[GCC 11.4.0] on linux
Type "help", "copyright", "credits" or "license" for more information.
>>> 
(myenv) kriminel@pop-os:~/Documents/Code/nigel$ flask run
 * Serving Flask app 'app'
 * Debug mode: off
WARNING: This is a development server. Do not use it in a production deployment. Use a production WSGI server instead.
 * Running on http://127.0.0.1:5000
Press CTRL+C to quit
[2023-10-09 19:45:40,964] ERROR in app: Exception on / [GET]
Traceback (most recent call last):
  File "/home/kriminel/Documents/Code/nigel/myenv/lib/python3.8/site-packages/sqlalchemy/engine/base.py", line 1965, in _exec_single_context
    self.dialect.do_execute(
  File "/home/kriminel/Documents/Code/nigel/myenv/lib/python3.8/site-packages/sqlalchemy/engine/default.py", line 921, in do_execute
    cursor.execute(statement, parameters)
sqlite3.OperationalError: no such table: post

The above exception was the direct cause of the following exception:

Traceback (most recent call last):
  File "/home/kriminel/Documents/Code/nigel/myenv/lib/python3.8/site-packages/flask/app.py", line 1455, in wsgi_app
    response = self.full_dispatch_request()
  File "/home/kriminel/Documents/Code/nigel/myenv/lib/python3.8/site-packages/flask/app.py", line 869, in full_dispatch_request
    rv = self.handle_user_exception(e)
  File "/home/kriminel/Documents/Code/nigel/myenv/lib/python3.8/site-packages/flask/app.py", line 867, in full_dispatch_request
    rv = self.dispatch_request()
  File "/home/kriminel/Documents/Code/nigel/myenv/lib/python3.8/site-packages/flask/app.py", line 852, in dispatch_request
    return self.ensure_sync(self.view_functions[rule.endpoint])(**view_args)
  File "/home/kriminel/Documents/Code/nigel/app/routes.py", line 5, in home
    posts = Post.query.all()
  File "/home/kriminel/Documents/Code/nigel/myenv/lib/python3.8/site-packages/sqlalchemy/orm/query.py", line 2688, in all
    return self._iter().all()  # type: ignore
  File "/home/kriminel/Documents/Code/nigel/myenv/lib/python3.8/site-packages/sqlalchemy/orm/query.py", line 2842, in _iter
    result: Union[ScalarResult[_T], Result[_T]] = self.session.execute(
  File "/home/kriminel/Documents/Code/nigel/myenv/lib/python3.8/site-packages/sqlalchemy/orm/session.py", line 2262, in execute
    return self._execute_internal(
  File "/home/kriminel/Documents/Code/nigel/myenv/lib/python3.8/site-packages/sqlalchemy/orm/session.py", line 2144, in _execute_internal
    result: Result[Any] = compile_state_cls.orm_execute_statement(
  File "/home/kriminel/Documents/Code/nigel/myenv/lib/python3.8/site-packages/sqlalchemy/orm/context.py", line 293, in orm_execute_statement
    result = conn.execute(
  File "/home/kriminel/Documents/Code/nigel/myenv/lib/python3.8/site-packages/sqlalchemy/engine/base.py", line 1412, in execute
    return meth(
  File "/home/kriminel/Documents/Code/nigel/myenv/lib/python3.8/site-packages/sqlalchemy/sql/elements.py", line 516, in _execute_on_connection
    return connection._execute_clauseelement(
  File "/home/kriminel/Documents/Code/nigel/myenv/lib/python3.8/site-packages/sqlalchemy/engine/base.py", line 1635, in _execute_clauseelement
    ret = self._execute_context(
  File "/home/kriminel/Documents/Code/nigel/myenv/lib/python3.8/site-packages/sqlalchemy/engine/base.py", line 1844, in _execute_context
    return self._exec_single_context(
  File "/home/kriminel/Documents/Code/nigel/myenv/lib/python3.8/site-packages/sqlalchemy/engine/base.py", line 1984, in _exec_single_context
    self._handle_dbapi_exception(
  File "/home/kriminel/Documents/Code/nigel/myenv/lib/python3.8/site-packages/sqlalchemy/engine/base.py", line 2339, in _handle_dbapi_exception
    raise sqlalchemy_exception.with_traceback(exc_info[2]) from e
  File "/home/kriminel/Documents/Code/nigel/myenv/lib/python3.8/site-packages/sqlalchemy/engine/base.py", line 1965, in _exec_single_context
    self.dialect.do_execute(
  File "/home/kriminel/Documents/Code/nigel/myenv/lib/python3.8/site-packages/sqlalchemy/engine/default.py", line 921, in do_execute
    cursor.execute(statement, parameters)
sqlalchemy.exc.OperationalError: (sqlite3.OperationalError) no such table: post
[SQL: SELECT post.id AS post_id, post.title AS post_title, post.content AS post_content 
FROM post]
(Background on this error at: https://sqlalche.me/e/20/e3q8)
127.0.0.1 - - [09/Oct/2023 19:45:40] "GET / HTTP/1.1" 500 -
127.0.0.1 - - [09/Oct/2023 19:45:40] "GET /favicon.ico HTTP/1.1" 404 -
[2023-10-09 19:45:42,129] ERROR in app: Exception on / [GET]
Traceback (most recent call last):
  File "/home/kriminel/Documents/Code/nigel/myenv/lib/python3.8/site-packages/sqlalchemy/engine/base.py", line 1965, in _exec_single_context
    self.dialect.do_execute(
  File "/home/kriminel/Documents/Code/nigel/myenv/lib/python3.8/site-packages/sqlalchemy/engine/default.py", line 921, in do_execute
    cursor.execute(statement, parameters)
sqlite3.OperationalError: no such table: post

The above exception was the direct cause of the following exception:

Traceback (most recent call last):
  File "/home/kriminel/Documents/Code/nigel/myenv/lib/python3.8/site-packages/flask/app.py", line 1455, in wsgi_app
    response = self.full_dispatch_request()
  File "/home/kriminel/Documents/Code/nigel/myenv/lib/python3.8/site-packages/flask/app.py", line 869, in full_dispatch_request
    rv = self.handle_user_exception(e)
  File "/home/kriminel/Documents/Code/nigel/myenv/lib/python3.8/site-packages/flask/app.py", line 867, in full_dispatch_request
    rv = self.dispatch_request()
  File "/home/kriminel/Documents/Code/nigel/myenv/lib/python3.8/site-packages/flask/app.py", line 852, in dispatch_request
    return self.ensure_sync(self.view_functions[rule.endpoint])(**view_args)
  File "/home/kriminel/Documents/Code/nigel/app/routes.py", line 5, in home
    posts = Post.query.all()
  File "/home/kriminel/Documents/Code/nigel/myenv/lib/python3.8/site-packages/sqlalchemy/orm/query.py", line 2688, in all
    return self._iter().all()  # type: ignore
  File "/home/kriminel/Documents/Code/nigel/myenv/lib/python3.8/site-packages/sqlalchemy/orm/query.py", line 2842, in _iter
    result: Union[ScalarResult[_T], Result[_T]] = self.session.execute(
  File "/home/kriminel/Documents/Code/nigel/myenv/lib/python3.8/site-packages/sqlalchemy/orm/session.py", line 2262, in execute
    return self._execute_internal(
  File "/home/kriminel/Documents/Code/nigel/myenv/lib/python3.8/site-packages/sqlalchemy/orm/session.py", line 2144, in _execute_internal
    result: Result[Any] = compile_state_cls.orm_execute_statement(
  File "/home/kriminel/Documents/Code/nigel/myenv/lib/python3.8/site-packages/sqlalchemy/orm/context.py", line 293, in orm_execute_statement
    result = conn.execute(
  File "/home/kriminel/Documents/Code/nigel/myenv/lib/python3.8/site-packages/sqlalchemy/engine/base.py", line 1412, in execute
    return meth(
  File "/home/kriminel/Documents/Code/nigel/myenv/lib/python3.8/site-packages/sqlalchemy/sql/elements.py", line 516, in _execute_on_connection
    return connection._execute_clauseelement(
  File "/home/kriminel/Documents/Code/nigel/myenv/lib/python3.8/site-packages/sqlalchemy/engine/base.py", line 1635, in _execute_clauseelement
    ret = self._execute_context(
  File "/home/kriminel/Documents/Code/nigel/myenv/lib/python3.8/site-packages/sqlalchemy/engine/base.py", line 1844, in _execute_context
    return self._exec_single_context(
  File "/home/kriminel/Documents/Code/nigel/myenv/lib/python3.8/site-packages/sqlalchemy/engine/base.py", line 1984, in _exec_single_context
    self._handle_dbapi_exception(
  File "/home/kriminel/Documents/Code/nigel/myenv/lib/python3.8/site-packages/sqlalchemy/engine/base.py", line 2339, in _handle_dbapi_exception
    raise sqlalchemy_exception.with_traceback(exc_info[2]) from e
  File "/home/kriminel/Documents/Code/nigel/myenv/lib/python3.8/site-packages/sqlalchemy/engine/base.py", line 1965, in _exec_single_context
    self.dialect.do_execute(
  File "/home/kriminel/Documents/Code/nigel/myenv/lib/python3.8/site-packages/sqlalchemy/engine/default.py", line 921, in do_execute
    cursor.execute(statement, parameters)
sqlalchemy.exc.OperationalError: (sqlite3.OperationalError) no such table: post
[SQL: SELECT post.id AS post_id, post.title AS post_title, post.content AS post_content 
FROM post]
(Background on this error at: https://sqlalche.me/e/20/e3q8)
127.0.0.1 - - [09/Oct/2023 19:45:42] "GET / HTTP/1.1" 500 -
^C(myenv) kriminel@pop-os:~/Documents/Code/nigel$ 

(myenv) kriminel@pop-os:~/Documents/Code/nigel$ flask run
 * Debug mode: off
WARNING: This is a development server. Do not use it in a production deployment. Use a production WSGI server instead.
 * Running on http://127.0.0.1:5000
Press CTRL+C to quit
[2023-10-12 18:23:23,291] ERROR in app: Exception on / [GET]
Traceback (most recent call last):
  File "/home/kriminel/Documents/Code/nigel/myenv/lib/python3.8/site-packages/sqlalchemy/engine/base.py", line 1965, in _exec_single_context
    self.dialect.do_execute(
  File "/home/kriminel/Documents/Code/nigel/myenv/lib/python3.8/site-packages/sqlalchemy/engine/default.py", line 921, in do_execute
    cursor.execute(statement, parameters)
sqlite3.OperationalError: no such table: post

The above exception was the direct cause of the following exception:

Traceback (most recent call last):
  File "/home/kriminel/Documents/Code/nigel/myenv/lib/python3.8/site-packages/flask/app.py", line 1455, in wsgi_app
    response = self.full_dispatch_request()
  File "/home/kriminel/Documents/Code/nigel/myenv/lib/python3.8/site-packages/flask/app.py", line 869, in full_dispatch_request
    rv = self.handle_user_exception(e)
  File "/home/kriminel/Documents/Code/nigel/myenv/lib/python3.8/site-packages/flask/app.py", line 867, in full_dispatch_request
    rv = self.dispatch_request()
  File "/home/kriminel/Documents/Code/nigel/myenv/lib/python3.8/site-packages/flask/app.py", line 852, in dispatch_request
    return self.ensure_sync(self.view_functions[rule.endpoint])(**view_args)
  File "/home/kriminel/Documents/Code/nigel/app/routes.py", line 5, in home
    posts = Post.query.all()
  File "/home/kriminel/Documents/Code/nigel/myenv/lib/python3.8/site-packages/sqlalchemy/orm/query.py", line 2688, in all
    return self._iter().all()  # type: ignore
  File "/home/kriminel/Documents/Code/nigel/myenv/lib/python3.8/site-packages/sqlalchemy/orm/query.py", line 2842, in _iter
    result: Union[ScalarResult[_T], Result[_T]] = self.session.execute(
  File "/home/kriminel/Documents/Code/nigel/myenv/lib/python3.8/site-packages/sqlalchemy/orm/session.py", line 2262, in execute
    return self._execute_internal(
  File "/home/kriminel/Documents/Code/nigel/myenv/lib/python3.8/site-packages/sqlalchemy/orm/session.py", line 2144, in _execute_internal
    result: Result[Any] = compile_state_cls.orm_execute_statement(
  File "/home/kriminel/Documents/Code/nigel/myenv/lib/python3.8/site-packages/sqlalchemy/orm/context.py", line 293, in orm_execute_statement
    result = conn.execute(
  File "/home/kriminel/Documents/Code/nigel/myenv/lib/python3.8/site-packages/sqlalchemy/engine/base.py", line 1412, in execute
    return meth(
  File "/home/kriminel/Documents/Code/nigel/myenv/lib/python3.8/site-packages/sqlalchemy/sql/elements.py", line 516, in _execute_on_connection
    return connection._execute_clauseelement(
  File "/home/kriminel/Documents/Code/nigel/myenv/lib/python3.8/site-packages/sqlalchemy/engine/base.py", line 1635, in _execute_clauseelement
    ret = self._execute_context(
  File "/home/kriminel/Documents/Code/nigel/myenv/lib/python3.8/site-packages/sqlalchemy/engine/base.py", line 1844, in _execute_context
    return self._exec_single_context(
  File "/home/kriminel/Documents/Code/nigel/myenv/lib/python3.8/site-packages/sqlalchemy/engine/base.py", line 1984, in _exec_single_context
    self._handle_dbapi_exception(
  File "/home/kriminel/Documents/Code/nigel/myenv/lib/python3.8/site-packages/sqlalchemy/engine/base.py", line 2339, in _handle_dbapi_exception
    raise sqlalchemy_exception.with_traceback(exc_info[2]) from e
  File "/home/kriminel/Documents/Code/nigel/myenv/lib/python3.8/site-packages/sqlalchemy/engine/base.py", line 1965, in _exec_single_context
    self.dialect.do_execute(
  File "/home/kriminel/Documents/Code/nigel/myenv/lib/python3.8/site-packages/sqlalchemy/engine/default.py", line 921, in do_execute
    cursor.execute(statement, parameters)
sqlalchemy.exc.OperationalError: (sqlite3.OperationalError) no such table: post
[SQL: SELECT post.id AS post_id, post.title AS post_title, post.content AS post_content 
FROM post]
(Background on this error at: https://sqlalche.me/e/20/e3q8)
127.0.0.1 - - [12/Oct/2023 18:23:23] "GET / HTTP/1.1" 500 -
[2023-10-12 18:23:28,394] ERROR in app: Exception on / [GET]
Traceback (most recent call last):
  File "/home/kriminel/Documents/Code/nigel/myenv/lib/python3.8/site-packages/sqlalchemy/engine/base.py", line 1965, in _exec_single_context
    self.dialect.do_execute(
  File "/home/kriminel/Documents/Code/nigel/myenv/lib/python3.8/site-packages/sqlalchemy/engine/default.py", line 921, in do_execute
    cursor.execute(statement, parameters)
sqlite3.OperationalError: no such table: post

The above exception was the direct cause of the following exception:

Traceback (most recent call last):
  File "/home/kriminel/Documents/Code/nigel/myenv/lib/python3.8/site-packages/flask/app.py", line 1455, in wsgi_app
    response = self.full_dispatch_request()
  File "/home/kriminel/Documents/Code/nigel/myenv/lib/python3.8/site-packages/flask/app.py", line 869, in full_dispatch_request
    rv = self.handle_user_exception(e)
  File "/home/kriminel/Documents/Code/nigel/myenv/lib/python3.8/site-packages/flask/app.py", line 867, in full_dispatch_request
    rv = self.dispatch_request()
  File "/home/kriminel/Documents/Code/nigel/myenv/lib/python3.8/site-packages/flask/app.py", line 852, in dispatch_request
    return self.ensure_sync(self.view_functions[rule.endpoint])(**view_args)
  File "/home/kriminel/Documents/Code/nigel/app/routes.py", line 5, in home
    posts = Post.query.all()
  File "/home/kriminel/Documents/Code/nigel/myenv/lib/python3.8/site-packages/sqlalchemy/orm/query.py", line 2688, in all
    return self._iter().all()  # type: ignore
  File "/home/kriminel/Documents/Code/nigel/myenv/lib/python3.8/site-packages/sqlalchemy/orm/query.py", line 2842, in _iter
    result: Union[ScalarResult[_T], Result[_T]] = self.session.execute(
  File "/home/kriminel/Documents/Code/nigel/myenv/lib/python3.8/site-packages/sqlalchemy/orm/session.py", line 2262, in execute
    return self._execute_internal(
  File "/home/kriminel/Documents/Code/nigel/myenv/lib/python3.8/site-packages/sqlalchemy/orm/session.py", line 2144, in _execute_internal
    result: Result[Any] = compile_state_cls.orm_execute_statement(
  File "/home/kriminel/Documents/Code/nigel/myenv/lib/python3.8/site-packages/sqlalchemy/orm/context.py", line 293, in orm_execute_statement
    result = conn.execute(
  File "/home/kriminel/Documents/Code/nigel/myenv/lib/python3.8/site-packages/sqlalchemy/engine/base.py", line 1412, in execute
    return meth(
  File "/home/kriminel/Documents/Code/nigel/myenv/lib/python3.8/site-packages/sqlalchemy/sql/elements.py", line 516, in _execute_on_connection
    return connection._execute_clauseelement(
  File "/home/kriminel/Documents/Code/nigel/myenv/lib/python3.8/site-packages/sqlalchemy/engine/base.py", line 1635, in _execute_clauseelement
    ret = self._execute_context(
  File "/home/kriminel/Documents/Code/nigel/myenv/lib/python3.8/site-packages/sqlalchemy/engine/base.py", line 1844, in _execute_context
    return self._exec_single_context(
  File "/home/kriminel/Documents/Code/nigel/myenv/lib/python3.8/site-packages/sqlalchemy/engine/base.py", line 1984, in _exec_single_context
    self._handle_dbapi_exception(
  File "/home/kriminel/Documents/Code/nigel/myenv/lib/python3.8/site-packages/sqlalchemy/engine/base.py", line 2339, in _handle_dbapi_exception
    raise sqlalchemy_exception.with_traceback(exc_info[2]) from e
  File "/home/kriminel/Documents/Code/nigel/myenv/lib/python3.8/site-packages/sqlalchemy/engine/base.py", line 1965, in _exec_single_context
    self.dialect.do_execute(
  File "/home/kriminel/Documents/Code/nigel/myenv/lib/python3.8/site-packages/sqlalchemy/engine/default.py", line 921, in do_execute
    cursor.execute(statement, parameters)
sqlalchemy.exc.OperationalError: (sqlite3.OperationalError) no such table: post
[SQL: SELECT post.id AS post_id, post.title AS post_title, post.content AS post_content 
FROM post]
(Background on this error at: https://sqlalche.me/e/20/e3q8)
127.0.0.1 - - [12/Oct/2023 18:23:28] "GET / HTTP/1.1" 500 -
^C(myenv) kriminel@pop-os:~/Documents/Code/nigel$ flask run
 * Debug mode: off
WARNING: This is a development server. Do not use it in a production deployment. Use a production WSGI server instead.
 * Running on http://127.0.0.1:5000
Press CTRL+C to quit
[2023-10-12 18:24:05,248] ERROR in app: Exception on / [GET]
Traceback (most recent call last):
  File "/home/kriminel/Documents/Code/nigel/myenv/lib/python3.8/site-packages/sqlalchemy/engine/base.py", line 1965, in _exec_single_context
    self.dialect.do_execute(
  File "/home/kriminel/Documents/Code/nigel/myenv/lib/python3.8/site-packages/sqlalchemy/engine/default.py", line 921, in do_execute
    cursor.execute(statement, parameters)
sqlite3.OperationalError: no such table: post

The above exception was the direct cause of the following exception:

Traceback (most recent call last):
  File "/home/kriminel/Documents/Code/nigel/myenv/lib/python3.8/site-packages/flask/app.py", line 1455, in wsgi_app
    response = self.full_dispatch_request()
  File "/home/kriminel/Documents/Code/nigel/myenv/lib/python3.8/site-packages/flask/app.py", line 869, in full_dispatch_request
    rv = self.handle_user_exception(e)
  File "/home/kriminel/Documents/Code/nigel/myenv/lib/python3.8/site-packages/flask/app.py", line 867, in full_dispatch_request
    rv = self.dispatch_request()
  File "/home/kriminel/Documents/Code/nigel/myenv/lib/python3.8/site-packages/flask/app.py", line 852, in dispatch_request
    return self.ensure_sync(self.view_functions[rule.endpoint])(**view_args)
  File "/home/kriminel/Documents/Code/nigel/app/routes.py", line 5, in home
    posts = Post.query.all()
  File "/home/kriminel/Documents/Code/nigel/myenv/lib/python3.8/site-packages/sqlalchemy/orm/query.py", line 2688, in all
    return self._iter().all()  # type: ignore
  File "/home/kriminel/Documents/Code/nigel/myenv/lib/python3.8/site-packages/sqlalchemy/orm/query.py", line 2842, in _iter
    result: Union[ScalarResult[_T], Result[_T]] = self.session.execute(
  File "/home/kriminel/Documents/Code/nigel/myenv/lib/python3.8/site-packages/sqlalchemy/orm/session.py", line 2262, in execute
    return self._execute_internal(
  File "/home/kriminel/Documents/Code/nigel/myenv/lib/python3.8/site-packages/sqlalchemy/orm/session.py", line 2144, in _execute_internal
    result: Result[Any] = compile_state_cls.orm_execute_statement(
  File "/home/kriminel/Documents/Code/nigel/myenv/lib/python3.8/site-packages/sqlalchemy/orm/context.py", line 293, in orm_execute_statement
    result = conn.execute(
  File "/home/kriminel/Documents/Code/nigel/myenv/lib/python3.8/site-packages/sqlalchemy/engine/base.py", line 1412, in execute
    return meth(
  File "/home/kriminel/Documents/Code/nigel/myenv/lib/python3.8/site-packages/sqlalchemy/sql/elements.py", line 516, in _execute_on_connection
    return connection._execute_clauseelement(
  File "/home/kriminel/Documents/Code/nigel/myenv/lib/python3.8/site-packages/sqlalchemy/engine/base.py", line 1635, in _execute_clauseelement
    ret = self._execute_context(
  File "/home/kriminel/Documents/Code/nigel/myenv/lib/python3.8/site-packages/sqlalchemy/engine/base.py", line 1844, in _execute_context
    return self._exec_single_context(
  File "/home/kriminel/Documents/Code/nigel/myenv/lib/python3.8/site-packages/sqlalchemy/engine/base.py", line 1984, in _exec_single_context
    self._handle_dbapi_exception(
  File "/home/kriminel/Documents/Code/nigel/myenv/lib/python3.8/site-packages/sqlalchemy/engine/base.py", line 2339, in _handle_dbapi_exception
    raise sqlalchemy_exception.with_traceback(exc_info[2]) from e
  File "/home/kriminel/Documents/Code/nigel/myenv/lib/python3.8/site-packages/sqlalchemy/engine/base.py", line 1965, in _exec_single_context
    self.dialect.do_execute(
  File "/home/kriminel/Documents/Code/nigel/myenv/lib/python3.8/site-packages/sqlalchemy/engine/default.py", line 921, in do_execute
    cursor.execute(statement, parameters)
sqlalchemy.exc.OperationalError: (sqlite3.OperationalError) no such table: post
[SQL: SELECT post.id AS post_id, post.title AS post_title, post.content AS post_content 
FROM post]
(Background on this error at: https://sqlalche.me/e/20/e3q8)
127.0.0.1 - - [12/Oct/2023 18:24:05] "GET / HTTP/1.1" 500 -
^C(myenv) kriminel@pop-os:~/Documents/Code/nigel$ flask run
 * Debug mode: off
WARNING: This is a development server. Do not use it in a production deployment. Use a production WSGI server instead.
 * Running on http://127.0.0.1:5000
Press CTRL+C to quit
127.0.0.1 - - [12/Oct/2023 18:24:30] "GET / HTTP/1.1" 200 -
^C(myenv) kriminel@pop-os:~/Documents/Code/nigel$ flask run
 * Debug mode: off
WARNING: This is a development server. Do not use it in a production deployment. Use a production WSGI server instead.
 * Running on http://127.0.0.1:5000
Press CTRL+C to quit
[2023-10-12 18:25:36,513] ERROR in app: Exception on / [GET]
Traceback (most recent call last):
  File "/home/kriminel/Documents/Code/nigel/myenv/lib/python3.8/site-packages/flask/app.py", line 1455, in wsgi_app
    response = self.full_dispatch_request()
  File "/home/kriminel/Documents/Code/nigel/myenv/lib/python3.8/site-packages/flask/app.py", line 869, in full_dispatch_request
    rv = self.handle_user_exception(e)
  File "/home/kriminel/Documents/Code/nigel/myenv/lib/python3.8/site-packages/flask/app.py", line 867, in full_dispatch_request
    rv = self.dispatch_request()
  File "/home/kriminel/Documents/Code/nigel/myenv/lib/python3.8/site-packages/flask/app.py", line 852, in dispatch_request
    return self.ensure_sync(self.view_functions[rule.endpoint])(**view_args)
  File "/home/kriminel/Documents/Code/nigel/app/routes.py", line 7, in home
    return render_template('home.html', title=title) #, posts=posts)
  File "/home/kriminel/Documents/Code/nigel/myenv/lib/python3.8/site-packages/flask/templating.py", line 151, in render_template
    template = app.jinja_env.get_or_select_template(template_name_or_list)
  File "/home/kriminel/Documents/Code/nigel/myenv/lib/python3.8/site-packages/jinja2/environment.py", line 1081, in get_or_select_template
    return self.get_template(template_name_or_list, parent, globals)
  File "/home/kriminel/Documents/Code/nigel/myenv/lib/python3.8/site-packages/jinja2/environment.py", line 1010, in get_template
    return self._load_template(name, globals)
  File "/home/kriminel/Documents/Code/nigel/myenv/lib/python3.8/site-packages/jinja2/environment.py", line 969, in _load_template
    template = self.loader.load(self, name, self.make_globals(globals))
  File "/home/kriminel/Documents/Code/nigel/myenv/lib/python3.8/site-packages/jinja2/loaders.py", line 138, in load
    code = environment.compile(source, name, filename)
  File "/home/kriminel/Documents/Code/nigel/myenv/lib/python3.8/site-packages/jinja2/environment.py", line 768, in compile
    self.handle_exception(source=source_hint)
  File "/home/kriminel/Documents/Code/nigel/myenv/lib/python3.8/site-packages/jinja2/environment.py", line 936, in handle_exception
    raise rewrite_traceback_stack(source=source)
  File "/home/kriminel/Documents/Code/nigel/app/templates/home.html", line 4, in template
    <title>{% title %}/title>
jinja2.exceptions.TemplateSyntaxError: Encountered unknown tag 'title'.
127.0.0.1 - - [12/Oct/2023 18:25:36] "GET / HTTP/1.1" 500 -
^C(myenv) kriminel@pop-os:~/Documents/Code/nigel$ flask run
 * Debug mode: off
WARNING: This is a development server. Do not use it in a production deployment. Use a production WSGI server instead.
 * Running on http://127.0.0.1:5000
Press CTRL+C to quit
[2023-10-12 18:26:08,405] ERROR in app: Exception on / [GET]
Traceback (most recent call last):
  File "/home/kriminel/Documents/Code/nigel/myenv/lib/python3.8/site-packages/flask/app.py", line 1455, in wsgi_app
    response = self.full_dispatch_request()
  File "/home/kriminel/Documents/Code/nigel/myenv/lib/python3.8/site-packages/flask/app.py", line 869, in full_dispatch_request
    rv = self.handle_user_exception(e)
  File "/home/kriminel/Documents/Code/nigel/myenv/lib/python3.8/site-packages/flask/app.py", line 867, in full_dispatch_request
    rv = self.dispatch_request()
  File "/home/kriminel/Documents/Code/nigel/myenv/lib/python3.8/site-packages/flask/app.py", line 852, in dispatch_request
    return self.ensure_sync(self.view_functions[rule.endpoint])(**view_args)
  File "/home/kriminel/Documents/Code/nigel/app/routes.py", line 7, in home
    return render_template('home.html', title=title) #, posts=posts)
  File "/home/kriminel/Documents/Code/nigel/myenv/lib/python3.8/site-packages/flask/templating.py", line 151, in render_template
    template = app.jinja_env.get_or_select_template(template_name_or_list)
  File "/home/kriminel/Documents/Code/nigel/myenv/lib/python3.8/site-packages/jinja2/environment.py", line 1081, in get_or_select_template
    return self.get_template(template_name_or_list, parent, globals)
  File "/home/kriminel/Documents/Code/nigel/myenv/lib/python3.8/site-packages/jinja2/environment.py", line 1010, in get_template
    return self._load_template(name, globals)
  File "/home/kriminel/Documents/Code/nigel/myenv/lib/python3.8/site-packages/jinja2/environment.py", line 969, in _load_template
    template = self.loader.load(self, name, self.make_globals(globals))
  File "/home/kriminel/Documents/Code/nigel/myenv/lib/python3.8/site-packages/jinja2/loaders.py", line 138, in load
    code = environment.compile(source, name, filename)
  File "/home/kriminel/Documents/Code/nigel/myenv/lib/python3.8/site-packages/jinja2/environment.py", line 768, in compile
    self.handle_exception(source=source_hint)
  File "/home/kriminel/Documents/Code/nigel/myenv/lib/python3.8/site-packages/jinja2/environment.py", line 936, in handle_exception
    raise rewrite_traceback_stack(source=source)
  File "/home/kriminel/Documents/Code/nigel/app/templates/home.html", line 4, in template
    <title>{% title %}</title>
jinja2.exceptions.TemplateSyntaxError: Encountered unknown tag 'title'.
127.0.0.1 - - [12/Oct/2023 18:26:08] "GET / HTTP/1.1" 500 -
^C(myenv) kriminel@pop-os:~/Documents/Code/nigel$ flask run
Usage: flask run [OPTIONS]
Try 'flask run --help' for help.

Error: While importing 'wsgi', an ImportError was raised:

Traceback (most recent call last):
  File "/home/kriminel/Documents/Code/nigel/myenv/lib/python3.8/site-packages/flask/cli.py", line 219, in locate_app
    __import__(module_name)
  File "/home/kriminel/Documents/Code/nigel/wsgi.py", line 4, in <module>
    from app.routes import index, home, post, new_post
ImportError: cannot import name 'index' from 'app.routes' (/home/kriminel/Documents/Code/nigel/app/routes.py)

(myenv) kriminel@pop-os:~/Documents/Code/nigel$ flask run
 * Debug mode: off
WARNING: This is a development server. Do not use it in a production deployment. Use a production WSGI server instead.
 * Running on http://127.0.0.1:5000
Press CTRL+C to quit
[2023-10-12 18:26:38,880] ERROR in app: Exception on / [GET]
Traceback (most recent call last):
  File "/home/kriminel/Documents/Code/nigel/myenv/lib/python3.8/site-packages/flask/app.py", line 1455, in wsgi_app
    response = self.full_dispatch_request()
  File "/home/kriminel/Documents/Code/nigel/myenv/lib/python3.8/site-packages/flask/app.py", line 869, in full_dispatch_request
    rv = self.handle_user_exception(e)
  File "/home/kriminel/Documents/Code/nigel/myenv/lib/python3.8/site-packages/flask/app.py", line 867, in full_dispatch_request
    rv = self.dispatch_request()
  File "/home/kriminel/Documents/Code/nigel/myenv/lib/python3.8/site-packages/flask/app.py", line 852, in dispatch_request
    return self.ensure_sync(self.view_functions[rule.endpoint])(**view_args)
  File "/home/kriminel/Documents/Code/nigel/app/routes.py", line 7, in home
    return render_template('home.html', title=title) #, posts=posts)
  File "/home/kriminel/Documents/Code/nigel/myenv/lib/python3.8/site-packages/flask/templating.py", line 151, in render_template
    template = app.jinja_env.get_or_select_template(template_name_or_list)
  File "/home/kriminel/Documents/Code/nigel/myenv/lib/python3.8/site-packages/jinja2/environment.py", line 1081, in get_or_select_template
    return self.get_template(template_name_or_list, parent, globals)
  File "/home/kriminel/Documents/Code/nigel/myenv/lib/python3.8/site-packages/jinja2/environment.py", line 1010, in get_template
    return self._load_template(name, globals)
  File "/home/kriminel/Documents/Code/nigel/myenv/lib/python3.8/site-packages/jinja2/environment.py", line 969, in _load_template
    template = self.loader.load(self, name, self.make_globals(globals))
  File "/home/kriminel/Documents/Code/nigel/myenv/lib/python3.8/site-packages/jinja2/loaders.py", line 138, in load
    code = environment.compile(source, name, filename)
  File "/home/kriminel/Documents/Code/nigel/myenv/lib/python3.8/site-packages/jinja2/environment.py", line 768, in compile
    self.handle_exception(source=source_hint)
  File "/home/kriminel/Documents/Code/nigel/myenv/lib/python3.8/site-packages/jinja2/environment.py", line 936, in handle_exception
    raise rewrite_traceback_stack(source=source)
  File "/home/kriminel/Documents/Code/nigel/app/templates/home.html", line 4, in template
    <title>{% title %}</title>
jinja2.exceptions.TemplateSyntaxError: Encountered unknown tag 'title'.
127.0.0.1 - - [12/Oct/2023 18:26:38] "GET / HTTP/1.1" 500 -
^C(myenv) kriminel@pop-os:~/Documents/Code/nigel$ flask run
 * Debug mode: off
WARNING: This is a development server. Do not use it in a production deployment. Use a production WSGI server instead.
 * Running on http://127.0.0.1:5000
Press CTRL+C to quit
127.0.0.1 - - [12/Oct/2023 18:27:34] "GET / HTTP/1.1" 200 -
^C(myenv) kriminel@pop-os:~/Documents/Code/nigel$ flask run
 * Debug mode: off
WARNING: This is a development server. Do not use it in a production deployment. Use a production WSGI server instead.
 * Running on http://127.0.0.1:5000
Press CTRL+C to quit
127.0.0.1 - - [12/Oct/2023 18:32:27] "GET / HTTP/1.1" 200 -
^C(myenv) kriminel@pop-os:~/Documents/Code/nigel$ flask run
 * Debug mode: off
WARNING: This is a development server. Do not use it in a production deployment. Use a production WSGI server instead.
 * Running on http://127.0.0.1:5000
Press CTRL+C to quit
127.0.0.1 - - [12/Oct/2023 18:33:11] "GET / HTTP/1.1" 200 -
[2023-10-12 18:33:14,999] ERROR in app: Exception on /new_post [GET]
Traceback (most recent call last):
  File "/home/kriminel/Documents/Code/nigel/myenv/lib/python3.8/site-packages/flask/app.py", line 1455, in wsgi_app
    response = self.full_dispatch_request()
  File "/home/kriminel/Documents/Code/nigel/myenv/lib/python3.8/site-packages/flask/app.py", line 869, in full_dispatch_request
    rv = self.handle_user_exception(e)
  File "/home/kriminel/Documents/Code/nigel/myenv/lib/python3.8/site-packages/flask/app.py", line 867, in full_dispatch_request
    rv = self.dispatch_request()
  File "/home/kriminel/Documents/Code/nigel/myenv/lib/python3.8/site-packages/flask/app.py", line 852, in dispatch_request
    return self.ensure_sync(self.view_functions[rule.endpoint])(**view_args)
  File "/home/kriminel/Documents/Code/nigel/app/routes.py", line 20, in new_post
    return render_template('new_post.html')
  File "/home/kriminel/Documents/Code/nigel/myenv/lib/python3.8/site-packages/flask/templating.py", line 151, in render_template
    template = app.jinja_env.get_or_select_template(template_name_or_list)
  File "/home/kriminel/Documents/Code/nigel/myenv/lib/python3.8/site-packages/jinja2/environment.py", line 1081, in get_or_select_template
    return self.get_template(template_name_or_list, parent, globals)
  File "/home/kriminel/Documents/Code/nigel/myenv/lib/python3.8/site-packages/jinja2/environment.py", line 1010, in get_template
    return self._load_template(name, globals)
  File "/home/kriminel/Documents/Code/nigel/myenv/lib/python3.8/site-packages/jinja2/environment.py", line 969, in _load_template
    template = self.loader.load(self, name, self.make_globals(globals))
  File "/home/kriminel/Documents/Code/nigel/myenv/lib/python3.8/site-packages/jinja2/loaders.py", line 126, in load
    source, filename, uptodate = self.get_source(environment, name)
  File "/home/kriminel/Documents/Code/nigel/myenv/lib/python3.8/site-packages/flask/templating.py", line 65, in get_source
    return self._get_source_fast(environment, template)
  File "/home/kriminel/Documents/Code/nigel/myenv/lib/python3.8/site-packages/flask/templating.py", line 99, in _get_source_fast
    raise TemplateNotFound(template)
jinja2.exceptions.TemplateNotFound: new_post.html
127.0.0.1 - - [12/Oct/2023 18:33:14] "GET /new_post HTTP/1.1" 500 -
^C(myenv) kriminel@pop-os:~/Documents/Code/nigel$ flask run
 * Debug mode: off
WARNING: This is a development server. Do not use it in a production deployment. Use a production WSGI server instead.
 * Running on http://127.0.0.1:5000
Press CTRL+C to quit
[2023-10-12 18:37:57,855] ERROR in app: Exception on /new_post [GET]
Traceback (most recent call last):
  File "/home/kriminel/Documents/Code/nigel/myenv/lib/python3.8/site-packages/flask/app.py", line 1455, in wsgi_app
    response = self.full_dispatch_request()
  File "/home/kriminel/Documents/Code/nigel/myenv/lib/python3.8/site-packages/flask/app.py", line 869, in full_dispatch_request
    rv = self.handle_user_exception(e)
  File "/home/kriminel/Documents/Code/nigel/myenv/lib/python3.8/site-packages/flask/app.py", line 867, in full_dispatch_request
    rv = self.dispatch_request()
  File "/home/kriminel/Documents/Code/nigel/myenv/lib/python3.8/site-packages/flask/app.py", line 852, in dispatch_request
    return self.ensure_sync(self.view_functions[rule.endpoint])(**view_args)
  File "/home/kriminel/Documents/Code/nigel/app/routes.py", line 22, in new_post
    return render_template('new_post.html')
  File "/home/kriminel/Documents/Code/nigel/myenv/lib/python3.8/site-packages/flask/templating.py", line 151, in render_template
    template = app.jinja_env.get_or_select_template(template_name_or_list)
  File "/home/kriminel/Documents/Code/nigel/myenv/lib/python3.8/site-packages/jinja2/environment.py", line 1081, in get_or_select_template
    return self.get_template(template_name_or_list, parent, globals)
  File "/home/kriminel/Documents/Code/nigel/myenv/lib/python3.8/site-packages/jinja2/environment.py", line 1010, in get_template
    return self._load_template(name, globals)
  File "/home/kriminel/Documents/Code/nigel/myenv/lib/python3.8/site-packages/jinja2/environment.py", line 969, in _load_template
    template = self.loader.load(self, name, self.make_globals(globals))
  File "/home/kriminel/Documents/Code/nigel/myenv/lib/python3.8/site-packages/jinja2/loaders.py", line 126, in load
    source, filename, uptodate = self.get_source(environment, name)
  File "/home/kriminel/Documents/Code/nigel/myenv/lib/python3.8/site-packages/flask/templating.py", line 65, in get_source
    return self._get_source_fast(environment, template)
  File "/home/kriminel/Documents/Code/nigel/myenv/lib/python3.8/site-packages/flask/templating.py", line 99, in _get_source_fast
    raise TemplateNotFound(template)
jinja2.exceptions.TemplateNotFound: new_post.html
127.0.0.1 - - [12/Oct/2023 18:37:57] "GET /new_post HTTP/1.1" 500 -
[2023-10-12 18:38:02,450] ERROR in app: Exception on / [GET]
Traceback (most recent call last):
  File "/home/kriminel/Documents/Code/nigel/myenv/lib/python3.8/site-packages/flask/app.py", line 1455, in wsgi_app
    response = self.full_dispatch_request()
  File "/home/kriminel/Documents/Code/nigel/myenv/lib/python3.8/site-packages/flask/app.py", line 869, in full_dispatch_request
    rv = self.handle_user_exception(e)
  File "/home/kriminel/Documents/Code/nigel/myenv/lib/python3.8/site-packages/flask/app.py", line 867, in full_dispatch_request
    rv = self.dispatch_request()
  File "/home/kriminel/Documents/Code/nigel/myenv/lib/python3.8/site-packages/flask/app.py", line 852, in dispatch_request
    return self.ensure_sync(self.view_functions[rule.endpoint])(**view_args)
  File "/home/kriminel/Documents/Code/nigel/app/routes.py", line 9, in home
    return render_template('home.html', title=title, posts=posts)
  File "/home/kriminel/Documents/Code/nigel/myenv/lib/python3.8/site-packages/flask/templating.py", line 151, in render_template
    template = app.jinja_env.get_or_select_template(template_name_or_list)
  File "/home/kriminel/Documents/Code/nigel/myenv/lib/python3.8/site-packages/jinja2/environment.py", line 1081, in get_or_select_template
    return self.get_template(template_name_or_list, parent, globals)
  File "/home/kriminel/Documents/Code/nigel/myenv/lib/python3.8/site-packages/jinja2/environment.py", line 1010, in get_template
    return self._load_template(name, globals)
  File "/home/kriminel/Documents/Code/nigel/myenv/lib/python3.8/site-packages/jinja2/environment.py", line 969, in _load_template
    template = self.loader.load(self, name, self.make_globals(globals))
  File "/home/kriminel/Documents/Code/nigel/myenv/lib/python3.8/site-packages/jinja2/loaders.py", line 138, in load
    code = environment.compile(source, name, filename)
  File "/home/kriminel/Documents/Code/nigel/myenv/lib/python3.8/site-packages/jinja2/environment.py", line 768, in compile
    self.handle_exception(source=source_hint)
  File "/home/kriminel/Documents/Code/nigel/myenv/lib/python3.8/site-packages/jinja2/environment.py", line 936, in handle_exception
    raise rewrite_traceback_stack(source=source)
  File "/home/kriminel/Documents/Code/nigel/app/templates/home.html", line 10, in template
    {{ for post in posts }}
jinja2.exceptions.TemplateSyntaxError: expected token 'end of print statement', got 'post'
127.0.0.1 - - [12/Oct/2023 18:38:02] "GET / HTTP/1.1" 500 -
^[[A^C(myenv) kriminel@pop-os:~/Documents/Code/nigel$ flask run
 * Debug mode: off
WARNING: This is a development server. Do not use it in a production deployment. Use a production WSGI server instead.
 * Running on http://127.0.0.1:5000
Press CTRL+C to quit
[2023-10-12 18:38:26,950] ERROR in app: Exception on / [GET]
Traceback (most recent call last):
  File "/home/kriminel/Documents/Code/nigel/myenv/lib/python3.8/site-packages/flask/app.py", line 1455, in wsgi_app
    response = self.full_dispatch_request()
  File "/home/kriminel/Documents/Code/nigel/myenv/lib/python3.8/site-packages/flask/app.py", line 869, in full_dispatch_request
    rv = self.handle_user_exception(e)
  File "/home/kriminel/Documents/Code/nigel/myenv/lib/python3.8/site-packages/flask/app.py", line 867, in full_dispatch_request
    rv = self.dispatch_request()
  File "/home/kriminel/Documents/Code/nigel/myenv/lib/python3.8/site-packages/flask/app.py", line 852, in dispatch_request
    return self.ensure_sync(self.view_functions[rule.endpoint])(**view_args)
  File "/home/kriminel/Documents/Code/nigel/app/routes.py", line 9, in home
    return render_template('home.html', title=title, posts=posts)
  File "/home/kriminel/Documents/Code/nigel/myenv/lib/python3.8/site-packages/flask/templating.py", line 151, in render_template
    template = app.jinja_env.get_or_select_template(template_name_or_list)
  File "/home/kriminel/Documents/Code/nigel/myenv/lib/python3.8/site-packages/jinja2/environment.py", line 1081, in get_or_select_template
    return self.get_template(template_name_or_list, parent, globals)
  File "/home/kriminel/Documents/Code/nigel/myenv/lib/python3.8/site-packages/jinja2/environment.py", line 1010, in get_template
    return self._load_template(name, globals)
  File "/home/kriminel/Documents/Code/nigel/myenv/lib/python3.8/site-packages/jinja2/environment.py", line 969, in _load_template
    template = self.loader.load(self, name, self.make_globals(globals))
  File "/home/kriminel/Documents/Code/nigel/myenv/lib/python3.8/site-packages/jinja2/loaders.py", line 138, in load
    code = environment.compile(source, name, filename)
  File "/home/kriminel/Documents/Code/nigel/myenv/lib/python3.8/site-packages/jinja2/environment.py", line 768, in compile
    self.handle_exception(source=source_hint)
  File "/home/kriminel/Documents/Code/nigel/myenv/lib/python3.8/site-packages/jinja2/environment.py", line 936, in handle_exception
    raise rewrite_traceback_stack(source=source)
  File "/home/kriminel/Documents/Code/nigel/app/templates/home.html", line 10, in template
    {{ for post in posts }}
jinja2.exceptions.TemplateSyntaxError: expected token 'end of print statement', got 'post'
127.0.0.1 - - [12/Oct/2023 18:38:26] "GET / HTTP/1.1" 500 -
[2023-10-12 18:38:28,800] ERROR in app: Exception on / [GET]
Traceback (most recent call last):
  File "/home/kriminel/Documents/Code/nigel/myenv/lib/python3.8/site-packages/flask/app.py", line 1455, in wsgi_app
    response = self.full_dispatch_request()
  File "/home/kriminel/Documents/Code/nigel/myenv/lib/python3.8/site-packages/flask/app.py", line 869, in full_dispatch_request
    rv = self.handle_user_exception(e)
  File "/home/kriminel/Documents/Code/nigel/myenv/lib/python3.8/site-packages/flask/app.py", line 867, in full_dispatch_request
    rv = self.dispatch_request()
  File "/home/kriminel/Documents/Code/nigel/myenv/lib/python3.8/site-packages/flask/app.py", line 852, in dispatch_request
    return self.ensure_sync(self.view_functions[rule.endpoint])(**view_args)
  File "/home/kriminel/Documents/Code/nigel/app/routes.py", line 9, in home
    return render_template('home.html', title=title, posts=posts)
  File "/home/kriminel/Documents/Code/nigel/myenv/lib/python3.8/site-packages/flask/templating.py", line 151, in render_template
    template = app.jinja_env.get_or_select_template(template_name_or_list)
  File "/home/kriminel/Documents/Code/nigel/myenv/lib/python3.8/site-packages/jinja2/environment.py", line 1081, in get_or_select_template
    return self.get_template(template_name_or_list, parent, globals)
  File "/home/kriminel/Documents/Code/nigel/myenv/lib/python3.8/site-packages/jinja2/environment.py", line 1010, in get_template
    return self._load_template(name, globals)
  File "/home/kriminel/Documents/Code/nigel/myenv/lib/python3.8/site-packages/jinja2/environment.py", line 969, in _load_template
    template = self.loader.load(self, name, self.make_globals(globals))
  File "/home/kriminel/Documents/Code/nigel/myenv/lib/python3.8/site-packages/jinja2/loaders.py", line 138, in load
    code = environment.compile(source, name, filename)
  File "/home/kriminel/Documents/Code/nigel/myenv/lib/python3.8/site-packages/jinja2/environment.py", line 768, in compile
    self.handle_exception(source=source_hint)
  File "/home/kriminel/Documents/Code/nigel/myenv/lib/python3.8/site-packages/jinja2/environment.py", line 936, in handle_exception
    raise rewrite_traceback_stack(source=source)
  File "/home/kriminel/Documents/Code/nigel/app/templates/home.html", line 10, in template
    {{ for post in posts }}
jinja2.exceptions.TemplateSyntaxError: expected token 'end of print statement', got 'post'
127.0.0.1 - - [12/Oct/2023 18:38:28] "GET / HTTP/1.1" 500 -
^C(myenv) kriminel@pop-os:~/Documents/Code/nigel$ flask run
 * Debug mode: off
WARNING: This is a development server. Do not use it in a production deployment. Use a production WSGI server instead.
 * Running on http://127.0.0.1:5000
Press CTRL+C to quit
[2023-10-12 18:39:16,672] ERROR in app: Exception on / [GET]
Traceback (most recent call last):
  File "/home/kriminel/Documents/Code/nigel/myenv/lib/python3.8/site-packages/flask/app.py", line 1455, in wsgi_app
    response = self.full_dispatch_request()
  File "/home/kriminel/Documents/Code/nigel/myenv/lib/python3.8/site-packages/flask/app.py", line 869, in full_dispatch_request
    rv = self.handle_user_exception(e)
  File "/home/kriminel/Documents/Code/nigel/myenv/lib/python3.8/site-packages/flask/app.py", line 867, in full_dispatch_request
    rv = self.dispatch_request()
  File "/home/kriminel/Documents/Code/nigel/myenv/lib/python3.8/site-packages/flask/app.py", line 852, in dispatch_request
    return self.ensure_sync(self.view_functions[rule.endpoint])(**view_args)
  File "/home/kriminel/Documents/Code/nigel/app/routes.py", line 9, in home
    return render_template('home.html', title=title, posts=posts)
  File "/home/kriminel/Documents/Code/nigel/myenv/lib/python3.8/site-packages/flask/templating.py", line 151, in render_template
    template = app.jinja_env.get_or_select_template(template_name_or_list)
  File "/home/kriminel/Documents/Code/nigel/myenv/lib/python3.8/site-packages/jinja2/environment.py", line 1081, in get_or_select_template
    return self.get_template(template_name_or_list, parent, globals)
  File "/home/kriminel/Documents/Code/nigel/myenv/lib/python3.8/site-packages/jinja2/environment.py", line 1010, in get_template
    return self._load_template(name, globals)
  File "/home/kriminel/Documents/Code/nigel/myenv/lib/python3.8/site-packages/jinja2/environment.py", line 969, in _load_template
    template = self.loader.load(self, name, self.make_globals(globals))
  File "/home/kriminel/Documents/Code/nigel/myenv/lib/python3.8/site-packages/jinja2/loaders.py", line 138, in load
    code = environment.compile(source, name, filename)
  File "/home/kriminel/Documents/Code/nigel/myenv/lib/python3.8/site-packages/jinja2/environment.py", line 768, in compile
    self.handle_exception(source=source_hint)
  File "/home/kriminel/Documents/Code/nigel/myenv/lib/python3.8/site-packages/jinja2/environment.py", line 936, in handle_exception
    raise rewrite_traceback_stack(source=source)
  File "/home/kriminel/Documents/Code/nigel/app/templates/home.html", line 10, in template
    {{ for post in posts }}
jinja2.exceptions.TemplateSyntaxError: expected token 'end of print statement', got 'post'
127.0.0.1 - - [12/Oct/2023 18:39:16] "GET / HTTP/1.1" 500 -
^C(myenv) kriminel@pop-os:~/Documents/Code/nigel$ flask run
 * Debug mode: off
WARNING: This is a development server. Do not use it in a production deployment. Use a production WSGI server instead.
 * Running on http://127.0.0.1:5000
Press CTRL+C to quit
[2023-10-12 18:40:04,158] ERROR in app: Exception on / [GET]
Traceback (most recent call last):
  File "/home/kriminel/Documents/Code/nigel/myenv/lib/python3.8/site-packages/flask/app.py", line 1455, in wsgi_app
    response = self.full_dispatch_request()
  File "/home/kriminel/Documents/Code/nigel/myenv/lib/python3.8/site-packages/flask/app.py", line 869, in full_dispatch_request
    rv = self.handle_user_exception(e)
  File "/home/kriminel/Documents/Code/nigel/myenv/lib/python3.8/site-packages/flask/app.py", line 867, in full_dispatch_request
    rv = self.dispatch_request()
  File "/home/kriminel/Documents/Code/nigel/myenv/lib/python3.8/site-packages/flask/app.py", line 852, in dispatch_request
    return self.ensure_sync(self.view_functions[rule.endpoint])(**view_args)
  File "/home/kriminel/Documents/Code/nigel/app/routes.py", line 9, in home
    return render_template('home.html', title=title, posts=posts)
  File "/home/kriminel/Documents/Code/nigel/myenv/lib/python3.8/site-packages/flask/templating.py", line 151, in render_template
    template = app.jinja_env.get_or_select_template(template_name_or_list)
  File "/home/kriminel/Documents/Code/nigel/myenv/lib/python3.8/site-packages/jinja2/environment.py", line 1081, in get_or_select_template
    return self.get_template(template_name_or_list, parent, globals)
  File "/home/kriminel/Documents/Code/nigel/myenv/lib/python3.8/site-packages/jinja2/environment.py", line 1010, in get_template
    return self._load_template(name, globals)
  File "/home/kriminel/Documents/Code/nigel/myenv/lib/python3.8/site-packages/jinja2/environment.py", line 969, in _load_template
    template = self.loader.load(self, name, self.make_globals(globals))
  File "/home/kriminel/Documents/Code/nigel/myenv/lib/python3.8/site-packages/jinja2/loaders.py", line 138, in load
    code = environment.compile(source, name, filename)
  File "/home/kriminel/Documents/Code/nigel/myenv/lib/python3.8/site-packages/jinja2/environment.py", line 768, in compile
    self.handle_exception(source=source_hint)
  File "/home/kriminel/Documents/Code/nigel/myenv/lib/python3.8/site-packages/jinja2/environment.py", line 936, in handle_exception
    raise rewrite_traceback_stack(source=source)
  File "/home/kriminel/Documents/Code/nigel/app/templates/home.html", line 11, in template
    <div>{% posts %}</div>
jinja2.exceptions.TemplateSyntaxError: Encountered unknown tag 'posts'.
127.0.0.1 - - [12/Oct/2023 18:40:04] "GET / HTTP/1.1" 500 -
^C(myenv) kriminel@pop-os:~/Documents/Code/nigel$ flask run
 * Debug mode: off
WARNING: This is a development server. Do not use it in a production deployment. Use a production WSGI server instead.
 * Running on http://127.0.0.1:5000
Press CTRL+C to quit
[2023-10-12 18:41:03,089] ERROR in app: Exception on / [GET]
Traceback (most recent call last):
  File "/home/kriminel/Documents/Code/nigel/myenv/lib/python3.8/site-packages/flask/app.py", line 1455, in wsgi_app
    response = self.full_dispatch_request()
  File "/home/kriminel/Documents/Code/nigel/myenv/lib/python3.8/site-packages/flask/app.py", line 869, in full_dispatch_request
    rv = self.handle_user_exception(e)
  File "/home/kriminel/Documents/Code/nigel/myenv/lib/python3.8/site-packages/flask/app.py", line 867, in full_dispatch_request
    rv = self.dispatch_request()
  File "/home/kriminel/Documents/Code/nigel/myenv/lib/python3.8/site-packages/flask/app.py", line 852, in dispatch_request
    return self.ensure_sync(self.view_functions[rule.endpoint])(**view_args)
  File "/home/kriminel/Documents/Code/nigel/app/routes.py", line 9, in home
    return render_template('home.html', title=title, posts=posts)
  File "/home/kriminel/Documents/Code/nigel/myenv/lib/python3.8/site-packages/flask/templating.py", line 151, in render_template
    template = app.jinja_env.get_or_select_template(template_name_or_list)
  File "/home/kriminel/Documents/Code/nigel/myenv/lib/python3.8/site-packages/jinja2/environment.py", line 1081, in get_or_select_template
    return self.get_template(template_name_or_list, parent, globals)
  File "/home/kriminel/Documents/Code/nigel/myenv/lib/python3.8/site-packages/jinja2/environment.py", line 1010, in get_template
    return self._load_template(name, globals)
  File "/home/kriminel/Documents/Code/nigel/myenv/lib/python3.8/site-packages/jinja2/environment.py", line 969, in _load_template
    template = self.loader.load(self, name, self.make_globals(globals))
  File "/home/kriminel/Documents/Code/nigel/myenv/lib/python3.8/site-packages/jinja2/loaders.py", line 138, in load
    code = environment.compile(source, name, filename)
  File "/home/kriminel/Documents/Code/nigel/myenv/lib/python3.8/site-packages/jinja2/environment.py", line 768, in compile
    self.handle_exception(source=source_hint)
  File "/home/kriminel/Documents/Code/nigel/myenv/lib/python3.8/site-packages/jinja2/environment.py", line 936, in handle_exception
    raise rewrite_traceback_stack(source=source)
  File "/home/kriminel/Documents/Code/nigel/app/templates/home.html", line 11, in template
    <div>{% posts %}</div>
jinja2.exceptions.TemplateSyntaxError: Encountered unknown tag 'posts'.
127.0.0.1 - - [12/Oct/2023 18:41:03] "GET / HTTP/1.1" 500 -
^C(myenv) kriminel@pop-os:~/Documents/Code/nigel$ flask run
 * Debug mode: off
WARNING: This is a development server. Do not use it in a production deployment. Use a production WSGI server instead.
 * Running on http://127.0.0.1:5000
Press CTRL+C to quit
127.0.0.1 - - [12/Oct/2023 18:41:30] "GET / HTTP/1.1" 200 -
^C(myenv) kriminel@pop-os:~/Documents/Code/nigel$ flask run
 * Debug mode: off
WARNING: This is a development server. Do not use it in a production deployment. Use a production WSGI server instead.
 * Running on http://127.0.0.1:5000
Press CTRL+C to quit
127.0.0.1 - - [12/Oct/2023 18:42:14] "GET / HTTP/1.1" 200 -
^C(myenv) kriminel@pop-os:~/Documents/Code/nigel$ flask run
 * Debug mode: off
WARNING: This is a development server. Do not use it in a production deployment. Use a production WSGI server instead.
 * Running on http://127.0.0.1:5000
Press CTRL+C to quit
127.0.0.1 - - [12/Oct/2023 19:32:39] "GET / HTTP/1.1" 200 -
^C(myenv) kriminel@pop-os:~/Documents/Code/nigel$ flask run
 * Debug mode: off
WARNING: This is a development server. Do not use it in a production deployment. Use a production WSGI server instead.
 * Running on http://127.0.0.1:5000
Press CTRL+C to quit
127.0.0.1 - - [12/Oct/2023 19:34:40] "GET / HTTP/1.1" 200 -
127.0.0.1 - - [12/Oct/2023 19:34:42] "GET /new_post HTTP/1.1" 200 -
127.0.0.1 - - [12/Oct/2023 19:34:54] "POST /post HTTP/1.1" 404 -
^C(myenv) kriminel@pop-os:~/Documents/Code/nigel$ python
Python 3.8.18 (default, Oct  2 2023, 19:30:04) 
[GCC 11.4.0] on linux
Type "help", "copyright", "credits" or "license" for more information.
>>> import wsgi
>>> Post
Traceback (most recent call last):
  File "<stdin>", line 1, in <module>
NameError: name 'Post' is not defined
>>> post
Traceback (most recent call last):
  File "<stdin>", line 1, in <module>
NameError: name 'post' is not defined
>>> app
Traceback (most recent call last):
  File "<stdin>", line 1, in <module>
NameError: name 'app' is not defined
>>> from app import app as application
>>> from app.models import db
>>> from app.routes import home, post, new_post
>>> home
<function home at 0x7f565b2809d0>
>>> db
<SQLAlchemy>
>>> Post
Traceback (most recent call last):
  File "<stdin>", line 1, in <module>
NameError: name 'Post' is not defined
>>> post = Post(title='asdasd', content='adadasdads asasdda asdaasd')
Traceback (most recent call last):
  File "<stdin>", line 1, in <module>
NameError: name 'Post' is not defined
>>> import Post
Traceback (most recent call last):
  File "<stdin>", line 1, in <module>
ModuleNotFoundError: No module named 'Post'
>>> from app.models import db, Post
>>> post = Post(title='asdasd', content='adadasdads asasdda asdaasd')
>>> post
<Post (transient 140008928320720)>
>>> post.title
'asdasd'
>>> post.content
'adadasdads asasdda asdaasd'
>>> db.session.add(post)
Traceback (most recent call last):
  File "<stdin>", line 1, in <module>
  File "/home/kriminel/Documents/Code/nigel/myenv/lib/python3.8/site-packages/sqlalchemy/orm/scoping.py", line 377, in add
    return self._proxied.add(instance, _warn=_warn)
  File "/home/kriminel/Documents/Code/nigel/myenv/lib/python3.8/site-packages/sqlalchemy/orm/scoping.py", line 196, in _proxied
    return self.registry()
  File "/home/kriminel/Documents/Code/nigel/myenv/lib/python3.8/site-packages/sqlalchemy/util/_collections.py", line 640, in __call__
    key = self.scopefunc()
  File "/home/kriminel/Documents/Code/nigel/myenv/lib/python3.8/site-packages/flask_sqlalchemy/session.py", line 111, in _app_ctx_id
    return id(app_ctx._get_current_object())  # type: ignore[attr-defined]
  File "/home/kriminel/Documents/Code/nigel/myenv/lib/python3.8/site-packages/werkzeug/local.py", line 508, in _get_current_object
    raise RuntimeError(unbound_message) from None
RuntimeError: Working outside of application context.

This typically means that you attempted to use functionality that needed
the current application. To solve this, set up an application context
with app.app_context(). See the documentation for more information.
>>> with app.app_context()
  File "<stdin>", line 1
    with app.app_context()
                         ^
SyntaxError: invalid syntax
>>> with app.app_context():
...     db.session.add(post)
...     db.session.commit()
... 
Traceback (most recent call last):
  File "<stdin>", line 1, in <module>
NameError: name 'app' is not defined
>>> app.config['SQLALCHEMY_DATABASE_URI'] = 'sqlite:///blog.db'
Traceback (most recent call last):
  File "<stdin>", line 1, in <module>
NameError: name 'app' is not defined
>>> app = Flask(__name__)
Traceback (most recent call last):
  File "<stdin>", line 1, in <module>
NameError: name 'Flask' is not defined
>>> from flask import Flask
>>> from flask_sqlalchemy import SQLAlchemy
>>> db = SQLAlchemy()
>>> 
>>> app = Flask(__name__)
>>> app.config['SQLALCHEMY_DATABASE_URI'] = 'sqlite:///blog.db'
>>> 
>>> db.init_app(app)
>>> db.session.add(post)
Traceback (most recent call last):
  File "<stdin>", line 1, in <module>
  File "/home/kriminel/Documents/Code/nigel/myenv/lib/python3.8/site-packages/sqlalchemy/orm/scoping.py", line 377, in add
    return self._proxied.add(instance, _warn=_warn)
  File "/home/kriminel/Documents/Code/nigel/myenv/lib/python3.8/site-packages/sqlalchemy/orm/scoping.py", line 196, in _proxied
    return self.registry()
  File "/home/kriminel/Documents/Code/nigel/myenv/lib/python3.8/site-packages/sqlalchemy/util/_collections.py", line 640, in __call__
    key = self.scopefunc()
  File "/home/kriminel/Documents/Code/nigel/myenv/lib/python3.8/site-packages/flask_sqlalchemy/session.py", line 111, in _app_ctx_id
    return id(app_ctx._get_current_object())  # type: ignore[attr-defined]
  File "/home/kriminel/Documents/Code/nigel/myenv/lib/python3.8/site-packages/werkzeug/local.py", line 508, in _get_current_object
    raise RuntimeError(unbound_message) from None
RuntimeError: Working outside of application context.

This typically means that you attempted to use functionality that needed
the current application. To solve this, set up an application context
with app.app_context(). See the documentation for more information.
>>> with app.app_context():
...     db.session.commit()
...     db.session.add(post)
...     db.session.commit()
... 
Traceback (most recent call last):
  File "/home/kriminel/Documents/Code/nigel/myenv/lib/python3.8/site-packages/sqlalchemy/engine/base.py", line 1965, in _exec_single_context
    self.dialect.do_execute(
  File "/home/kriminel/Documents/Code/nigel/myenv/lib/python3.8/site-packages/sqlalchemy/engine/default.py", line 921, in do_execute
    cursor.execute(statement, parameters)
sqlite3.OperationalError: no such table: post

The above exception was the direct cause of the following exception:

Traceback (most recent call last):
  File "<stdin>", line 4, in <module>
  File "/home/kriminel/Documents/Code/nigel/myenv/lib/python3.8/site-packages/sqlalchemy/orm/scoping.py", line 554, in commit
    return self._proxied.commit()
  File "/home/kriminel/Documents/Code/nigel/myenv/lib/python3.8/site-packages/sqlalchemy/orm/session.py", line 1923, in commit
    trans.commit(_to_root=True)
  File "<string>", line 2, in commit
  File "/home/kriminel/Documents/Code/nigel/myenv/lib/python3.8/site-packages/sqlalchemy/orm/state_changes.py", line 139, in _go
    ret_value = fn(self, *arg, **kw)
  File "/home/kriminel/Documents/Code/nigel/myenv/lib/python3.8/site-packages/sqlalchemy/orm/session.py", line 1239, in commit
    self._prepare_impl()
  File "<string>", line 2, in _prepare_impl
  File "/home/kriminel/Documents/Code/nigel/myenv/lib/python3.8/site-packages/sqlalchemy/orm/state_changes.py", line 139, in _go
    ret_value = fn(self, *arg, **kw)
  File "/home/kriminel/Documents/Code/nigel/myenv/lib/python3.8/site-packages/sqlalchemy/orm/session.py", line 1214, in _prepare_impl
    self.session.flush()
  File "/home/kriminel/Documents/Code/nigel/myenv/lib/python3.8/site-packages/sqlalchemy/orm/session.py", line 4179, in flush
    self._flush(objects)
  File "/home/kriminel/Documents/Code/nigel/myenv/lib/python3.8/site-packages/sqlalchemy/orm/session.py", line 4315, in _flush
    transaction.rollback(_capture_exception=True)
  File "/home/kriminel/Documents/Code/nigel/myenv/lib/python3.8/site-packages/sqlalchemy/util/langhelpers.py", line 146, in __exit__
    raise exc_value.with_traceback(exc_tb)
  File "/home/kriminel/Documents/Code/nigel/myenv/lib/python3.8/site-packages/sqlalchemy/orm/session.py", line 4275, in _flush
    flush_context.execute()
  File "/home/kriminel/Documents/Code/nigel/myenv/lib/python3.8/site-packages/sqlalchemy/orm/unitofwork.py", line 466, in execute
    rec.execute(self)
  File "/home/kriminel/Documents/Code/nigel/myenv/lib/python3.8/site-packages/sqlalchemy/orm/unitofwork.py", line 642, in execute
    util.preloaded.orm_persistence.save_obj(
  File "/home/kriminel/Documents/Code/nigel/myenv/lib/python3.8/site-packages/sqlalchemy/orm/persistence.py", line 93, in save_obj
    _emit_insert_statements(
  File "/home/kriminel/Documents/Code/nigel/myenv/lib/python3.8/site-packages/sqlalchemy/orm/persistence.py", line 1226, in _emit_insert_statements
    result = connection.execute(
  File "/home/kriminel/Documents/Code/nigel/myenv/lib/python3.8/site-packages/sqlalchemy/engine/base.py", line 1412, in execute
    return meth(
  File "/home/kriminel/Documents/Code/nigel/myenv/lib/python3.8/site-packages/sqlalchemy/sql/elements.py", line 516, in _execute_on_connection
    return connection._execute_clauseelement(
  File "/home/kriminel/Documents/Code/nigel/myenv/lib/python3.8/site-packages/sqlalchemy/engine/base.py", line 1635, in _execute_clauseelement
    ret = self._execute_context(
  File "/home/kriminel/Documents/Code/nigel/myenv/lib/python3.8/site-packages/sqlalchemy/engine/base.py", line 1844, in _execute_context
    return self._exec_single_context(
  File "/home/kriminel/Documents/Code/nigel/myenv/lib/python3.8/site-packages/sqlalchemy/engine/base.py", line 1984, in _exec_single_context
    self._handle_dbapi_exception(
  File "/home/kriminel/Documents/Code/nigel/myenv/lib/python3.8/site-packages/sqlalchemy/engine/base.py", line 2339, in _handle_dbapi_exception
    raise sqlalchemy_exception.with_traceback(exc_info[2]) from e
  File "/home/kriminel/Documents/Code/nigel/myenv/lib/python3.8/site-packages/sqlalchemy/engine/base.py", line 1965, in _exec_single_context
    self.dialect.do_execute(
  File "/home/kriminel/Documents/Code/nigel/myenv/lib/python3.8/site-packages/sqlalchemy/engine/default.py", line 921, in do_execute
    cursor.execute(statement, parameters)
sqlalchemy.exc.OperationalError: (sqlite3.OperationalError) no such table: post
[SQL: INSERT INTO post (title, content) VALUES (?, ?)]
[parameters: ('asdasd', 'adadasdads asasdda asdaasd')]
(Background on this error at: https://sqlalche.me/e/20/e3q8)
>>> 
KeyboardInterrupt
>>> 
(myenv) kriminel@pop-os:~/Documents/Code/nigel$ flask run
 * Debug mode: off
WARNING: This is a development server. Do not use it in a production deployment. Use a production WSGI server instead.
 * Running on http://127.0.0.1:5000
Press CTRL+C to quit
127.0.0.1 - - [12/Oct/2023 19:51:11] "POST /post HTTP/1.1" 404 -
^C(myenv) kriminel@pop-os:~/Documents/Code/nigel$ flask run
 * Debug mode: off
WARNING: This is a development server. Do not use it in a production deployment. Use a production WSGI server instead.
 * Running on http://127.0.0.1:5000
Press CTRL+C to quit
127.0.0.1 - - [12/Oct/2023 19:54:42] "POST /post HTTP/1.1" 404 -
[2023-10-12 19:54:46,010] ERROR in app: Exception on /post/1 [GET]
Traceback (most recent call last):
  File "/home/kriminel/Documents/Code/nigel/myenv/lib/python3.8/site-packages/sqlalchemy/engine/base.py", line 1965, in _exec_single_context
    self.dialect.do_execute(
  File "/home/kriminel/Documents/Code/nigel/myenv/lib/python3.8/site-packages/sqlalchemy/engine/default.py", line 921, in do_execute
    cursor.execute(statement, parameters)
sqlite3.OperationalError: no such table: post

The above exception was the direct cause of the following exception:

Traceback (most recent call last):
  File "/home/kriminel/Documents/Code/nigel/myenv/lib/python3.8/site-packages/flask/app.py", line 1455, in wsgi_app
    response = self.full_dispatch_request()
  File "/home/kriminel/Documents/Code/nigel/myenv/lib/python3.8/site-packages/flask/app.py", line 869, in full_dispatch_request
    rv = self.handle_user_exception(e)
  File "/home/kriminel/Documents/Code/nigel/myenv/lib/python3.8/site-packages/flask/app.py", line 867, in full_dispatch_request
    rv = self.dispatch_request()
  File "/home/kriminel/Documents/Code/nigel/myenv/lib/python3.8/site-packages/flask/app.py", line 852, in dispatch_request
    return self.ensure_sync(self.view_functions[rule.endpoint])(**view_args)
  File "/home/kriminel/Documents/Code/nigel/app/routes.py", line 15, in post
    post = Post.query.get_or_404(id)
  File "/home/kriminel/Documents/Code/nigel/myenv/lib/python3.8/site-packages/flask_sqlalchemy/query.py", line 30, in get_or_404
    rv = self.get(ident)
  File "<string>", line 2, in get
  File "/home/kriminel/Documents/Code/nigel/myenv/lib/python3.8/site-packages/sqlalchemy/util/deprecations.py", line 386, in warned
    return fn(*args, **kwargs)  # type: ignore[no-any-return]
  File "/home/kriminel/Documents/Code/nigel/myenv/lib/python3.8/site-packages/sqlalchemy/orm/query.py", line 1131, in get
    return self._get_impl(ident, loading.load_on_pk_identity)
  File "/home/kriminel/Documents/Code/nigel/myenv/lib/python3.8/site-packages/sqlalchemy/orm/query.py", line 1140, in _get_impl
    return self.session._get_impl(
  File "/home/kriminel/Documents/Code/nigel/myenv/lib/python3.8/site-packages/sqlalchemy/orm/session.py", line 3700, in _get_impl
    return db_load_fn(
  File "/home/kriminel/Documents/Code/nigel/myenv/lib/python3.8/site-packages/sqlalchemy/orm/loading.py", line 666, in load_on_pk_identity
    session.execute(
  File "/home/kriminel/Documents/Code/nigel/myenv/lib/python3.8/site-packages/sqlalchemy/orm/session.py", line 2262, in execute
    return self._execute_internal(
  File "/home/kriminel/Documents/Code/nigel/myenv/lib/python3.8/site-packages/sqlalchemy/orm/session.py", line 2144, in _execute_internal
    result: Result[Any] = compile_state_cls.orm_execute_statement(
  File "/home/kriminel/Documents/Code/nigel/myenv/lib/python3.8/site-packages/sqlalchemy/orm/context.py", line 293, in orm_execute_statement
    result = conn.execute(
  File "/home/kriminel/Documents/Code/nigel/myenv/lib/python3.8/site-packages/sqlalchemy/engine/base.py", line 1412, in execute
    return meth(
  File "/home/kriminel/Documents/Code/nigel/myenv/lib/python3.8/site-packages/sqlalchemy/sql/elements.py", line 516, in _execute_on_connection
    return connection._execute_clauseelement(
  File "/home/kriminel/Documents/Code/nigel/myenv/lib/python3.8/site-packages/sqlalchemy/engine/base.py", line 1635, in _execute_clauseelement
    ret = self._execute_context(
  File "/home/kriminel/Documents/Code/nigel/myenv/lib/python3.8/site-packages/sqlalchemy/engine/base.py", line 1844, in _execute_context
    return self._exec_single_context(
  File "/home/kriminel/Documents/Code/nigel/myenv/lib/python3.8/site-packages/sqlalchemy/engine/base.py", line 1984, in _exec_single_context
    self._handle_dbapi_exception(
  File "/home/kriminel/Documents/Code/nigel/myenv/lib/python3.8/site-packages/sqlalchemy/engine/base.py", line 2339, in _handle_dbapi_exception
    raise sqlalchemy_exception.with_traceback(exc_info[2]) from e
  File "/home/kriminel/Documents/Code/nigel/myenv/lib/python3.8/site-packages/sqlalchemy/engine/base.py", line 1965, in _exec_single_context
    self.dialect.do_execute(
  File "/home/kriminel/Documents/Code/nigel/myenv/lib/python3.8/site-packages/sqlalchemy/engine/default.py", line 921, in do_execute
    cursor.execute(statement, parameters)
sqlalchemy.exc.OperationalError: (sqlite3.OperationalError) no such table: post
[SQL: SELECT post.id AS post_id, post.title AS post_title, post.content AS post_content 
FROM post 
WHERE post.id = ?]
[parameters: (1,)]
(Background on this error at: https://sqlalche.me/e/20/e3q8)
127.0.0.1 - - [12/Oct/2023 19:54:46] "GET /post/1 HTTP/1.1" 500 -
127.0.0.1 - - [12/Oct/2023 19:54:51] "POST /post HTTP/1.1" 404 -
127.0.0.1 - - [12/Oct/2023 19:54:53] "POST /post HTTP/1.1" 404 -
^C(myenv) kriminel@pop-os:~/Documents/Code/nigel$ pip install flask-migrate
Collecting flask-migrate
  Downloading Flask_Migrate-4.0.5-py3-none-any.whl (21 kB)
Requirement already satisfied: Flask-SQLAlchemy>=1.0 in ./myenv/lib/python3.8/site-packages (from flask-migrate) (3.1.1)
Requirement already satisfied: Flask>=0.9 in ./myenv/lib/python3.8/site-packages (from flask-migrate) (3.0.0)
Collecting alembic>=1.9.0
  Downloading alembic-1.12.0-py3-none-any.whl (226 kB)
     ━━━━━━━━━━━━━━━━━━━━━━━━━━━━━━━━━━━━━━━━ 226.0/226.0 kB 7.1 MB/s eta 0:00:00
Requirement already satisfied: importlib-metadata in ./myenv/lib/python3.8/site-packages (from alembic>=1.9.0->flask-migrate) (6.8.0)
Requirement already satisfied: SQLAlchemy>=1.3.0 in ./myenv/lib/python3.8/site-packages (from alembic>=1.9.0->flask-migrate) (2.0.21)
Collecting Mako
  Downloading Mako-1.2.4-py3-none-any.whl (78 kB)
     ━━━━━━━━━━━━━━━━━━━━━━━━━━━━━━━━━━━━━━━━ 78.7/78.7 kB 25.9 MB/s eta 0:00:00
Collecting importlib-resources
  Downloading importlib_resources-6.1.0-py3-none-any.whl (33 kB)
Requirement already satisfied: typing-extensions>=4 in ./myenv/lib/python3.8/site-packages (from alembic>=1.9.0->flask-migrate) (4.8.0)
Requirement already satisfied: Jinja2>=3.1.2 in ./myenv/lib/python3.8/site-packages (from Flask>=0.9->flask-migrate) (3.1.2)
Requirement already satisfied: itsdangerous>=2.1.2 in ./myenv/lib/python3.8/site-packages (from Flask>=0.9->flask-migrate) (2.1.2)
Requirement already satisfied: blinker>=1.6.2 in ./myenv/lib/python3.8/site-packages (from Flask>=0.9->flask-migrate) (1.6.2)
Requirement already satisfied: Werkzeug>=3.0.0 in ./myenv/lib/python3.8/site-packages (from Flask>=0.9->flask-migrate) (3.0.0)
Requirement already satisfied: click>=8.1.3 in ./myenv/lib/python3.8/site-packages (from Flask>=0.9->flask-migrate) (8.1.7)
Requirement already satisfied: zipp>=0.5 in ./myenv/lib/python3.8/site-packages (from importlib-metadata->alembic>=1.9.0->flask-migrate) (3.17.0)
Requirement already satisfied: MarkupSafe>=2.0 in ./myenv/lib/python3.8/site-packages (from Jinja2>=3.1.2->Flask>=0.9->flask-migrate) (2.1.3)
Requirement already satisfied: greenlet!=0.4.17 in ./myenv/lib/python3.8/site-packages (from SQLAlchemy>=1.3.0->alembic>=1.9.0->flask-migrate) (3.0.0)
Installing collected packages: Mako, importlib-resources, alembic, flask-migrate
Successfully installed Mako-1.2.4 alembic-1.12.0 flask-migrate-4.0.5 importlib-resources-6.1.0

[notice] A new release of pip is available: 23.0.1 -> 23.2.1
[notice] To update, run: pip install --upgrade pip
(myenv) kriminel@pop-os:~/Documents/Code/nigel$ flask db init
Error: While importing 'wsgi', an ImportError was raised:

Traceback (most recent call last):
  File "/home/kriminel/Documents/Code/nigel/myenv/lib/python3.8/site-packages/flask/cli.py", line 219, in locate_app
    __import__(module_name)
  File "/home/kriminel/Documents/Code/nigel/wsgi.py", line 1, in <module>
    from app import app as application
  File "/home/kriminel/Documents/Code/nigel/app/__init__.py", line 4, in <module>
    from flask_migrate import Migrate, MigrateCommand
ImportError: cannot import name 'MigrateCommand' from 'flask_migrate' (/home/kriminel/Documents/Code/nigel/myenv/lib/python3.8/site-packages/flask_migrate/__init__.py)


Usage: flask [OPTIONS] COMMAND [ARGS]...
Try 'flask --help' for help.

Error: No such command 'db'.
(myenv) kriminel@pop-os:~/Documents/Code/nigel$ pip freeze > requirements.txt 
(myenv) kriminel@pop-os:~/Documents/Code/nigel$ 

    return dict(current_user=_get_user())
  File "/home/kriminel/Documents/Code/nigel/myenv/lib/python3.8/site-packages/flask_login/utils.py", line 370, in _get_user
    current_app.login_manager._load_user()
  File "/home/kriminel/Documents/Code/nigel/myenv/lib/python3.8/site-packages/flask_login/login_manager.py", line 364, in _load_user
    user = self._user_callback(user_id)
  File "/home/kriminel/Documents/Code/nigel/app/models.py", line 30, in load_user
    return User.query.get(int(user_id))
  File "<string>", line 2, in get
  File "/home/kriminel/Documents/Code/nigel/myenv/lib/python3.8/site-packages/sqlalchemy/util/deprecations.py", line 386, in warned
    return fn(*args, **kwargs)  # type: ignore[no-any-return]
  File "/home/kriminel/Documents/Code/nigel/myenv/lib/python3.8/site-packages/sqlalchemy/orm/query.py", line 1131, in get
    return self._get_impl(ident, loading.load_on_pk_identity)
  File "/home/kriminel/Documents/Code/nigel/myenv/lib/python3.8/site-packages/sqlalchemy/orm/query.py", line 1140, in _get_impl
    return self.session._get_impl(
  File "/home/kriminel/Documents/Code/nigel/myenv/lib/python3.8/site-packages/sqlalchemy/orm/session.py", line 3700, in _get_impl
    return db_load_fn(
  File "/home/kriminel/Documents/Code/nigel/myenv/lib/python3.8/site-packages/sqlalchemy/orm/loading.py", line 666, in load_on_pk_identity
    session.execute(
  File "/home/kriminel/Documents/Code/nigel/myenv/lib/python3.8/site-packages/sqlalchemy/orm/session.py", line 2262, in execute
    return self._execute_internal(
  File "/home/kriminel/Documents/Code/nigel/myenv/lib/python3.8/site-packages/sqlalchemy/orm/session.py", line 2144, in _execute_internal
    result: Result[Any] = compile_state_cls.orm_execute_statement(
  File "/home/kriminel/Documents/Code/nigel/myenv/lib/python3.8/site-packages/sqlalchemy/orm/context.py", line 293, in orm_execute_statement
    result = conn.execute(
  File "/home/kriminel/Documents/Code/nigel/myenv/lib/python3.8/site-packages/sqlalchemy/engine/base.py", line 1412, in execute
    return meth(
  File "/home/kriminel/Documents/Code/nigel/myenv/lib/python3.8/site-packages/sqlalchemy/sql/elements.py", line 516, in _execute_on_connection
    return connection._execute_clauseelement(
  File "/home/kriminel/Documents/Code/nigel/myenv/lib/python3.8/site-packages/sqlalchemy/engine/base.py", line 1635, in _execute_clauseelement
    ret = self._execute_context(
  File "/home/kriminel/Documents/Code/nigel/myenv/lib/python3.8/site-packages/sqlalchemy/engine/base.py", line 1844, in _execute_context
    return self._exec_single_context(
  File "/home/kriminel/Documents/Code/nigel/myenv/lib/python3.8/site-packages/sqlalchemy/engine/base.py", line 1984, in _exec_single_context
    self._handle_dbapi_exception(
  File "/home/kriminel/Documents/Code/nigel/myenv/lib/python3.8/site-packages/sqlalchemy/engine/base.py", line 2339, in _handle_dbapi_exception
    raise sqlalchemy_exception.with_traceback(exc_info[2]) from e
  File "/home/kriminel/Documents/Code/nigel/myenv/lib/python3.8/site-packages/sqlalchemy/engine/base.py", line 1965, in _exec_single_context
    self.dialect.do_execute(
  File "/home/kriminel/Documents/Code/nigel/myenv/lib/python3.8/site-packages/sqlalchemy/engine/default.py", line 921, in do_execute
    cursor.execute(statement, parameters)
sqlalchemy.exc.OperationalError: (sqlite3.OperationalError) no such column: user.user_id
[SQL: SELECT user.user_id AS user_user_id, user.username AS user_username, user.password_hash AS user_password_hash, user.logged_in AS user_logged_in, user.email AS user_email 
FROM user 
WHERE user.user_id = ?]
[parameters: (1,)]
(Background on this error at: https://sqlalche.me/e/20/e3q8)
127.0.0.1 - - [18/Nov/2023 10:38:57] "GET /login HTTP/1.1" 500 -
[2023-11-18 10:38:59,289] ERROR in app: Exception on /login [GET]
Traceback (most recent call last):
  File "/home/kriminel/Documents/Code/nigel/myenv/lib/python3.8/site-packages/sqlalchemy/engine/base.py", line 1965, in _exec_single_context
    self.dialect.do_execute(
  File "/home/kriminel/Documents/Code/nigel/myenv/lib/python3.8/site-packages/sqlalchemy/engine/default.py", line 921, in do_execute
    cursor.execute(statement, parameters)
sqlite3.OperationalError: no such column: user.user_id

The above exception was the direct cause of the following exception:

Traceback (most recent call last):
  File "/home/kriminel/Documents/Code/nigel/myenv/lib/python3.8/site-packages/flask/app.py", line 1455, in wsgi_app
    response = self.full_dispatch_request()
  File "/home/kriminel/Documents/Code/nigel/myenv/lib/python3.8/site-packages/flask/app.py", line 869, in full_dispatch_request
    rv = self.handle_user_exception(e)
  File "/home/kriminel/Documents/Code/nigel/myenv/lib/python3.8/site-packages/flask/app.py", line 867, in full_dispatch_request
    rv = self.dispatch_request()
  File "/home/kriminel/Documents/Code/nigel/myenv/lib/python3.8/site-packages/flask/app.py", line 852, in dispatch_request
    return self.ensure_sync(self.view_functions[rule.endpoint])(**view_args)
  File "/home/kriminel/Documents/Code/nigel/app/routes.py", line 53, in login
    return render_template('login.html')
  File "/home/kriminel/Documents/Code/nigel/myenv/lib/python3.8/site-packages/flask/templating.py", line 152, in render_template
    return _render(app, template, context)
  File "/home/kriminel/Documents/Code/nigel/myenv/lib/python3.8/site-packages/flask/templating.py", line 129, in _render
    app.update_template_context(context)
  File "/home/kriminel/Documents/Code/nigel/myenv/lib/python3.8/site-packages/flask/app.py", line 480, in update_template_context
    context.update(self.ensure_sync(func)())
  File "/home/kriminel/Documents/Code/nigel/myenv/lib/python3.8/site-packages/flask_login/utils.py", line 405, in _user_context_processor
    return dict(current_user=_get_user())
  File "/home/kriminel/Documents/Code/nigel/myenv/lib/python3.8/site-packages/flask_login/utils.py", line 370, in _get_user
    current_app.login_manager._load_user()
  File "/home/kriminel/Documents/Code/nigel/myenv/lib/python3.8/site-packages/flask_login/login_manager.py", line 364, in _load_user
    user = self._user_callback(user_id)
  File "/home/kriminel/Documents/Code/nigel/app/models.py", line 30, in load_user
    return User.query.get(int(user_id))
  File "<string>", line 2, in get
  File "/home/kriminel/Documents/Code/nigel/myenv/lib/python3.8/site-packages/sqlalchemy/util/deprecations.py", line 386, in warned
    return fn(*args, **kwargs)  # type: ignore[no-any-return]
  File "/home/kriminel/Documents/Code/nigel/myenv/lib/python3.8/site-packages/sqlalchemy/orm/query.py", line 1131, in get
    return self._get_impl(ident, loading.load_on_pk_identity)
  File "/home/kriminel/Documents/Code/nigel/myenv/lib/python3.8/site-packages/sqlalchemy/orm/query.py", line 1140, in _get_impl
    return self.session._get_impl(
  File "/home/kriminel/Documents/Code/nigel/myenv/lib/python3.8/site-packages/sqlalchemy/orm/session.py", line 3700, in _get_impl
    return db_load_fn(
  File "/home/kriminel/Documents/Code/nigel/myenv/lib/python3.8/site-packages/sqlalchemy/orm/loading.py", line 666, in load_on_pk_identity
    session.execute(
  File "/home/kriminel/Documents/Code/nigel/myenv/lib/python3.8/site-packages/sqlalchemy/orm/session.py", line 2262, in execute
    return self._execute_internal(
  File "/home/kriminel/Documents/Code/nigel/myenv/lib/python3.8/site-packages/sqlalchemy/orm/session.py", line 2144, in _execute_internal
    result: Result[Any] = compile_state_cls.orm_execute_statement(
  File "/home/kriminel/Documents/Code/nigel/myenv/lib/python3.8/site-packages/sqlalchemy/orm/context.py", line 293, in orm_execute_statement
    result = conn.execute(
  File "/home/kriminel/Documents/Code/nigel/myenv/lib/python3.8/site-packages/sqlalchemy/engine/base.py", line 1412, in execute
    return meth(
  File "/home/kriminel/Documents/Code/nigel/myenv/lib/python3.8/site-packages/sqlalchemy/sql/elements.py", line 516, in _execute_on_connection
    return connection._execute_clauseelement(
  File "/home/kriminel/Documents/Code/nigel/myenv/lib/python3.8/site-packages/sqlalchemy/engine/base.py", line 1635, in _execute_clauseelement
    ret = self._execute_context(
  File "/home/kriminel/Documents/Code/nigel/myenv/lib/python3.8/site-packages/sqlalchemy/engine/base.py", line 1844, in _execute_context
    return self._exec_single_context(
  File "/home/kriminel/Documents/Code/nigel/myenv/lib/python3.8/site-packages/sqlalchemy/engine/base.py", line 1984, in _exec_single_context
    self._handle_dbapi_exception(
  File "/home/kriminel/Documents/Code/nigel/myenv/lib/python3.8/site-packages/sqlalchemy/engine/base.py", line 2339, in _handle_dbapi_exception
    raise sqlalchemy_exception.with_traceback(exc_info[2]) from e
  File "/home/kriminel/Documents/Code/nigel/myenv/lib/python3.8/site-packages/sqlalchemy/engine/base.py", line 1965, in _exec_single_context
    self.dialect.do_execute(
  File "/home/kriminel/Documents/Code/nigel/myenv/lib/python3.8/site-packages/sqlalchemy/engine/default.py", line 921, in do_execute
    cursor.execute(statement, parameters)
sqlalchemy.exc.OperationalError: (sqlite3.OperationalError) no such column: user.user_id
[SQL: SELECT user.user_id AS user_user_id, user.username AS user_username, user.password_hash AS user_password_hash, user.logged_in AS user_logged_in, user.email AS user_email 
FROM user 
WHERE user.user_id = ?]
[parameters: (1,)]
(Background on this error at: https://sqlalche.me/e/20/e3q8)
127.0.0.1 - - [18/Nov/2023 10:38:59] "GET /login HTTP/1.1" 500 -
^C(myenv) kriminel@pop-os:~/Documents/Code/nigel$ flask db migrate -m "fixing login try 6"
from app import models
from app import routes #.routes import home, post, new_post
INFO  [alembic.runtime.migration] Context impl SQLiteImpl.
INFO  [alembic.runtime.migration] Will assume non-transactional DDL.
INFO  [alembic.autogenerate.compare] Detected removed table '_alembic_tmp_post'
INFO  [alembic.autogenerate.compare] Detected added column 'post.user_id'
INFO  [alembic.autogenerate.compare] Detected removed column 'post.id'
INFO  [alembic.autogenerate.compare] Detected added column 'user.user_id'
INFO  [alembic.autogenerate.compare] Detected removed column 'user.id'
  Generating /home/kriminel/Documents/Code/nigel/migrations/versions/7ad98ce0b475_fixing_login_try_6.py ...  done
(myenv) kriminel@pop-os:~/Documents/Code/nigel$ flask db upgrade 
from app import models
from app import routes #.routes import home, post, new_post
INFO  [alembic.runtime.migration] Context impl SQLiteImpl.
INFO  [alembic.runtime.migration] Will assume non-transactional DDL.
INFO  [alembic.runtime.migration] Running upgrade 887d2f44c074 -> 7ad98ce0b475, fixing login try 6
Traceback (most recent call last):
  File "/home/kriminel/Documents/Code/nigel/myenv/lib/python3.8/site-packages/sqlalchemy/engine/base.py", line 1965, in _exec_single_context
    self.dialect.do_execute(
  File "/home/kriminel/Documents/Code/nigel/myenv/lib/python3.8/site-packages/sqlalchemy/engine/default.py", line 921, in do_execute
    cursor.execute(statement, parameters)
sqlite3.IntegrityError: NOT NULL constraint failed: _alembic_tmp_post.user_id

The above exception was the direct cause of the following exception:

Traceback (most recent call last):
  File "/home/kriminel/Documents/Code/nigel/myenv/bin/flask", line 8, in <module>
    sys.exit(main())
  File "/home/kriminel/Documents/Code/nigel/myenv/lib/python3.8/site-packages/flask/cli.py", line 1064, in main
    cli.main()
  File "/home/kriminel/Documents/Code/nigel/myenv/lib/python3.8/site-packages/click/core.py", line 1078, in main
    rv = self.invoke(ctx)
  File "/home/kriminel/Documents/Code/nigel/myenv/lib/python3.8/site-packages/click/core.py", line 1688, in invoke
    return _process_result(sub_ctx.command.invoke(sub_ctx))
  File "/home/kriminel/Documents/Code/nigel/myenv/lib/python3.8/site-packages/click/core.py", line 1688, in invoke
    return _process_result(sub_ctx.command.invoke(sub_ctx))
  File "/home/kriminel/Documents/Code/nigel/myenv/lib/python3.8/site-packages/click/core.py", line 1434, in invoke
    return ctx.invoke(self.callback, **ctx.params)
  File "/home/kriminel/Documents/Code/nigel/myenv/lib/python3.8/site-packages/click/core.py", line 783, in invoke
    return __callback(*args, **kwargs)
  File "/home/kriminel/Documents/Code/nigel/myenv/lib/python3.8/site-packages/click/decorators.py", line 33, in new_func
    return f(get_current_context(), *args, **kwargs)
  File "/home/kriminel/Documents/Code/nigel/myenv/lib/python3.8/site-packages/flask/cli.py", line 358, in decorator
    return __ctx.invoke(f, *args, **kwargs)
  File "/home/kriminel/Documents/Code/nigel/myenv/lib/python3.8/site-packages/click/core.py", line 783, in invoke
    return __callback(*args, **kwargs)
  File "/home/kriminel/Documents/Code/nigel/myenv/lib/python3.8/site-packages/flask_migrate/cli.py", line 150, in upgrade
    _upgrade(directory, revision, sql, tag, x_arg)
  File "/home/kriminel/Documents/Code/nigel/myenv/lib/python3.8/site-packages/flask_migrate/__init__.py", line 111, in wrapped
    f(*args, **kwargs)
  File "/home/kriminel/Documents/Code/nigel/myenv/lib/python3.8/site-packages/flask_migrate/__init__.py", line 200, in upgrade
    command.upgrade(config, revision, sql=sql, tag=tag)
  File "/home/kriminel/Documents/Code/nigel/myenv/lib/python3.8/site-packages/alembic/command.py", line 399, in upgrade
    script.run_env()
  File "/home/kriminel/Documents/Code/nigel/myenv/lib/python3.8/site-packages/alembic/script/base.py", line 578, in run_env
    util.load_python_file(self.dir, "env.py")
  File "/home/kriminel/Documents/Code/nigel/myenv/lib/python3.8/site-packages/alembic/util/pyfiles.py", line 93, in load_python_file
    module = load_module_py(module_id, path)
  File "/home/kriminel/Documents/Code/nigel/myenv/lib/python3.8/site-packages/alembic/util/pyfiles.py", line 109, in load_module_py
    spec.loader.exec_module(module)  # type: ignore
  File "<frozen importlib._bootstrap_external>", line 843, in exec_module
  File "<frozen importlib._bootstrap>", line 219, in _call_with_frames_removed
  File "migrations/env.py", line 113, in <module>
    run_migrations_online()
  File "migrations/env.py", line 107, in run_migrations_online
    context.run_migrations()
  File "<string>", line 8, in run_migrations
  File "/home/kriminel/Documents/Code/nigel/myenv/lib/python3.8/site-packages/alembic/runtime/environment.py", line 937, in run_migrations
    self.get_context().run_migrations(**kw)
  File "/home/kriminel/Documents/Code/nigel/myenv/lib/python3.8/site-packages/alembic/runtime/migration.py", line 624, in run_migrations
    step.migration_fn(**kw)
  File "/home/kriminel/Documents/Code/nigel/migrations/versions/7ad98ce0b475_fixing_login_try_6.py", line 24, in upgrade
    batch_op.drop_column('id')
  File "/usr/local/lib/python3.8/contextlib.py", line 120, in __exit__
    next(self.gen)
  File "/home/kriminel/Documents/Code/nigel/myenv/lib/python3.8/site-packages/alembic/operations/base.py", line 375, in batch_alter_table
    impl.flush()
  File "/home/kriminel/Documents/Code/nigel/myenv/lib/python3.8/site-packages/alembic/operations/batch.py", line 161, in flush
    batch_impl._create(self.impl)
  File "/home/kriminel/Documents/Code/nigel/myenv/lib/python3.8/site-packages/alembic/operations/batch.py", line 450, in _create
    op_impl._exec(
  File "/home/kriminel/Documents/Code/nigel/myenv/lib/python3.8/site-packages/alembic/ddl/impl.py", line 193, in _exec
    return conn.execute(  # type: ignore[call-overload]
  File "/home/kriminel/Documents/Code/nigel/myenv/lib/python3.8/site-packages/sqlalchemy/engine/base.py", line 1412, in execute
    return meth(
  File "/home/kriminel/Documents/Code/nigel/myenv/lib/python3.8/site-packages/sqlalchemy/sql/elements.py", line 516, in _execute_on_connection
    return connection._execute_clauseelement(
  File "/home/kriminel/Documents/Code/nigel/myenv/lib/python3.8/site-packages/sqlalchemy/engine/base.py", line 1635, in _execute_clauseelement
    ret = self._execute_context(
  File "/home/kriminel/Documents/Code/nigel/myenv/lib/python3.8/site-packages/sqlalchemy/engine/base.py", line 1844, in _execute_context
    return self._exec_single_context(
  File "/home/kriminel/Documents/Code/nigel/myenv/lib/python3.8/site-packages/sqlalchemy/engine/base.py", line 1984, in _exec_single_context
    self._handle_dbapi_exception(
  File "/home/kriminel/Documents/Code/nigel/myenv/lib/python3.8/site-packages/sqlalchemy/engine/base.py", line 2339, in _handle_dbapi_exception
    raise sqlalchemy_exception.with_traceback(exc_info[2]) from e
  File "/home/kriminel/Documents/Code/nigel/myenv/lib/python3.8/site-packages/sqlalchemy/engine/base.py", line 1965, in _exec_single_context
    self.dialect.do_execute(
  File "/home/kriminel/Documents/Code/nigel/myenv/lib/python3.8/site-packages/sqlalchemy/engine/default.py", line 921, in do_execute
    cursor.execute(statement, parameters)
sqlalchemy.exc.IntegrityError: (sqlite3.IntegrityError) NOT NULL constraint failed: _alembic_tmp_post.user_id
[SQL: INSERT INTO _alembic_tmp_post (title, content) SELECT post.title, post.content 
FROM post]
(Background on this error at: https://sqlalche.me/e/20/gkpj)
(myenv) kriminel@pop-os:~/Documents/Code/nigel$ flask db stamp head
from app import models
from app import routes #.routes import home, post, new_post
INFO  [alembic.runtime.migration] Context impl SQLiteImpl.
INFO  [alembic.runtime.migration] Will assume non-transactional DDL.
INFO  [alembic.runtime.migration] Running stamp_revision 887d2f44c074 -> 7ad98ce0b475
(myenv) kriminel@pop-os:~/Documents/Code/nigel$ flask db migrate -m "fixing login try 7"
from app import models
from app import routes #.routes import home, post, new_post
INFO  [alembic.runtime.migration] Context impl SQLiteImpl.
INFO  [alembic.runtime.migration] Will assume non-transactional DDL.
INFO  [alembic.autogenerate.compare] Detected removed table '_alembic_tmp_post'
INFO  [alembic.autogenerate.compare] Detected added column 'post.user_id'
INFO  [alembic.autogenerate.compare] Detected added column 'post.post_id'
INFO  [alembic.autogenerate.compare] Detected removed column 'post.id'
INFO  [alembic.autogenerate.compare] Detected added column 'user.user_id'
INFO  [alembic.autogenerate.compare] Detected removed column 'user.id'
  Generating /home/kriminel/Documents/Code/nigel/migrations/versions/ac4a20e74745_fixing_login_try_7.py ...  done
(myenv) kriminel@pop-os:~/Documents/Code/nigel$ flask db upgrade 
from app import models
from app import routes #.routes import home, post, new_post
INFO  [alembic.runtime.migration] Context impl SQLiteImpl.
INFO  [alembic.runtime.migration] Will assume non-transactional DDL.
INFO  [alembic.runtime.migration] Running upgrade 7ad98ce0b475 -> ac4a20e74745, fixing login try 7
Traceback (most recent call last):
  File "/home/kriminel/Documents/Code/nigel/myenv/lib/python3.8/site-packages/sqlalchemy/engine/base.py", line 1965, in _exec_single_context
    self.dialect.do_execute(
  File "/home/kriminel/Documents/Code/nigel/myenv/lib/python3.8/site-packages/sqlalchemy/engine/default.py", line 921, in do_execute
    cursor.execute(statement, parameters)
sqlite3.IntegrityError: NOT NULL constraint failed: _alembic_tmp_post.user_id

The above exception was the direct cause of the following exception:

Traceback (most recent call last):
  File "/home/kriminel/Documents/Code/nigel/myenv/bin/flask", line 8, in <module>
    sys.exit(main())
  File "/home/kriminel/Documents/Code/nigel/myenv/lib/python3.8/site-packages/flask/cli.py", line 1064, in main
    cli.main()
  File "/home/kriminel/Documents/Code/nigel/myenv/lib/python3.8/site-packages/click/core.py", line 1078, in main
    rv = self.invoke(ctx)
  File "/home/kriminel/Documents/Code/nigel/myenv/lib/python3.8/site-packages/click/core.py", line 1688, in invoke
    return _process_result(sub_ctx.command.invoke(sub_ctx))
  File "/home/kriminel/Documents/Code/nigel/myenv/lib/python3.8/site-packages/click/core.py", line 1688, in invoke
    return _process_result(sub_ctx.command.invoke(sub_ctx))
  File "/home/kriminel/Documents/Code/nigel/myenv/lib/python3.8/site-packages/click/core.py", line 1434, in invoke
    return ctx.invoke(self.callback, **ctx.params)
  File "/home/kriminel/Documents/Code/nigel/myenv/lib/python3.8/site-packages/click/core.py", line 783, in invoke
    return __callback(*args, **kwargs)
  File "/home/kriminel/Documents/Code/nigel/myenv/lib/python3.8/site-packages/click/decorators.py", line 33, in new_func
    return f(get_current_context(), *args, **kwargs)
  File "/home/kriminel/Documents/Code/nigel/myenv/lib/python3.8/site-packages/flask/cli.py", line 358, in decorator
    return __ctx.invoke(f, *args, **kwargs)
  File "/home/kriminel/Documents/Code/nigel/myenv/lib/python3.8/site-packages/click/core.py", line 783, in invoke
    return __callback(*args, **kwargs)
  File "/home/kriminel/Documents/Code/nigel/myenv/lib/python3.8/site-packages/flask_migrate/cli.py", line 150, in upgrade
    _upgrade(directory, revision, sql, tag, x_arg)
  File "/home/kriminel/Documents/Code/nigel/myenv/lib/python3.8/site-packages/flask_migrate/__init__.py", line 111, in wrapped
    f(*args, **kwargs)
  File "/home/kriminel/Documents/Code/nigel/myenv/lib/python3.8/site-packages/flask_migrate/__init__.py", line 200, in upgrade
    command.upgrade(config, revision, sql=sql, tag=tag)
  File "/home/kriminel/Documents/Code/nigel/myenv/lib/python3.8/site-packages/alembic/command.py", line 399, in upgrade
    script.run_env()
  File "/home/kriminel/Documents/Code/nigel/myenv/lib/python3.8/site-packages/alembic/script/base.py", line 578, in run_env
    util.load_python_file(self.dir, "env.py")
  File "/home/kriminel/Documents/Code/nigel/myenv/lib/python3.8/site-packages/alembic/util/pyfiles.py", line 93, in load_python_file
    module = load_module_py(module_id, path)
  File "/home/kriminel/Documents/Code/nigel/myenv/lib/python3.8/site-packages/alembic/util/pyfiles.py", line 109, in load_module_py
    spec.loader.exec_module(module)  # type: ignore
  File "<frozen importlib._bootstrap_external>", line 843, in exec_module
  File "<frozen importlib._bootstrap>", line 219, in _call_with_frames_removed
  File "migrations/env.py", line 113, in <module>
    run_migrations_online()
  File "migrations/env.py", line 107, in run_migrations_online
    context.run_migrations()
  File "<string>", line 8, in run_migrations
  File "/home/kriminel/Documents/Code/nigel/myenv/lib/python3.8/site-packages/alembic/runtime/environment.py", line 937, in run_migrations
    self.get_context().run_migrations(**kw)
  File "/home/kriminel/Documents/Code/nigel/myenv/lib/python3.8/site-packages/alembic/runtime/migration.py", line 624, in run_migrations
    step.migration_fn(**kw)
  File "/home/kriminel/Documents/Code/nigel/migrations/versions/ac4a20e74745_fixing_login_try_7.py", line 25, in upgrade
    batch_op.drop_column('id')
  File "/usr/local/lib/python3.8/contextlib.py", line 120, in __exit__
    next(self.gen)
  File "/home/kriminel/Documents/Code/nigel/myenv/lib/python3.8/site-packages/alembic/operations/base.py", line 375, in batch_alter_table
    impl.flush()
  File "/home/kriminel/Documents/Code/nigel/myenv/lib/python3.8/site-packages/alembic/operations/batch.py", line 161, in flush
    batch_impl._create(self.impl)
  File "/home/kriminel/Documents/Code/nigel/myenv/lib/python3.8/site-packages/alembic/operations/batch.py", line 450, in _create
    op_impl._exec(
  File "/home/kriminel/Documents/Code/nigel/myenv/lib/python3.8/site-packages/alembic/ddl/impl.py", line 193, in _exec
    return conn.execute(  # type: ignore[call-overload]
  File "/home/kriminel/Documents/Code/nigel/myenv/lib/python3.8/site-packages/sqlalchemy/engine/base.py", line 1412, in execute
    return meth(
  File "/home/kriminel/Documents/Code/nigel/myenv/lib/python3.8/site-packages/sqlalchemy/sql/elements.py", line 516, in _execute_on_connection
    return connection._execute_clauseelement(
  File "/home/kriminel/Documents/Code/nigel/myenv/lib/python3.8/site-packages/sqlalchemy/engine/base.py", line 1635, in _execute_clauseelement
    ret = self._execute_context(
  File "/home/kriminel/Documents/Code/nigel/myenv/lib/python3.8/site-packages/sqlalchemy/engine/base.py", line 1844, in _execute_context
    return self._exec_single_context(
  File "/home/kriminel/Documents/Code/nigel/myenv/lib/python3.8/site-packages/sqlalchemy/engine/base.py", line 1984, in _exec_single_context
    self._handle_dbapi_exception(
  File "/home/kriminel/Documents/Code/nigel/myenv/lib/python3.8/site-packages/sqlalchemy/engine/base.py", line 2339, in _handle_dbapi_exception
    raise sqlalchemy_exception.with_traceback(exc_info[2]) from e
  File "/home/kriminel/Documents/Code/nigel/myenv/lib/python3.8/site-packages/sqlalchemy/engine/base.py", line 1965, in _exec_single_context
    self.dialect.do_execute(
  File "/home/kriminel/Documents/Code/nigel/myenv/lib/python3.8/site-packages/sqlalchemy/engine/default.py", line 921, in do_execute
    cursor.execute(statement, parameters)
sqlalchemy.exc.IntegrityError: (sqlite3.IntegrityError) NOT NULL constraint failed: _alembic_tmp_post.user_id
[SQL: INSERT INTO _alembic_tmp_post (title, content) SELECT post.title, post.content 
FROM post]
(Background on this error at: https://sqlalche.me/e/20/gkpj)
(myenv) kriminel@pop-os:~/Documents/Code/nigel$ flask db stamp head
Traceback (most recent call last):
  File "/home/kriminel/Documents/Code/nigel/myenv/bin/flask", line 8, in <module>
    sys.exit(main())
  File "/home/kriminel/Documents/Code/nigel/myenv/lib/python3.8/site-packages/flask/cli.py", line 1064, in main
    cli.main()
  File "/home/kriminel/Documents/Code/nigel/myenv/lib/python3.8/site-packages/click/core.py", line 1078, in main
    rv = self.invoke(ctx)
  File "/home/kriminel/Documents/Code/nigel/myenv/lib/python3.8/site-packages/click/core.py", line 1682, in invoke
    cmd_name, cmd, args = self.resolve_command(ctx, args)
  File "/home/kriminel/Documents/Code/nigel/myenv/lib/python3.8/site-packages/click/core.py", line 1729, in resolve_command
    cmd = self.get_command(ctx, cmd_name)
  File "/home/kriminel/Documents/Code/nigel/myenv/lib/python3.8/site-packages/flask/cli.py", line 579, in get_command
    app = info.load_app()
  File "/home/kriminel/Documents/Code/nigel/myenv/lib/python3.8/site-packages/flask/cli.py", line 313, in load_app
    app = locate_app(import_name, None, raise_if_not_found=False)
  File "/home/kriminel/Documents/Code/nigel/myenv/lib/python3.8/site-packages/flask/cli.py", line 219, in locate_app
    __import__(module_name)
  File "/home/kriminel/Documents/Code/nigel/wsgi.py", line 1, in <module>
    from app import app as application
  File "/home/kriminel/Documents/Code/nigel/app/__init__.py", line 27, in <module>
    from app import models
  File "/home/kriminel/Documents/Code/nigel/app/models.py", line 9
    post_id = db.Column(db.Integer, primary_key=True)
    ^
SyntaxError: invalid syntax
(myenv) kriminel@pop-os:~/Documents/Code/nigel$ flask db stamp head
from app import models
from app import routes #.routes import home, post, new_post
INFO  [alembic.runtime.migration] Context impl SQLiteImpl.
INFO  [alembic.runtime.migration] Will assume non-transactional DDL.
INFO  [alembic.runtime.migration] Running stamp_revision 7ad98ce0b475 -> ac4a20e74745
(myenv) kriminel@pop-os:~/Documents/Code/nigel$ flask db migrate -m "fixing login try 8"
from app import models
from app import routes #.routes import home, post, new_post
INFO  [alembic.runtime.migration] Context impl SQLiteImpl.
INFO  [alembic.runtime.migration] Will assume non-transactional DDL.
INFO  [alembic.autogenerate.compare] Detected removed table '_alembic_tmp_post'
INFO  [alembic.autogenerate.compare] Detected added column 'post.user_id'
INFO  [alembic.autogenerate.compare] Detected added column 'post.post_id'
INFO  [alembic.autogenerate.compare] Detected added foreign key (user_id)(user_id) on table post
INFO  [alembic.autogenerate.compare] Detected removed column 'post.id'
INFO  [alembic.autogenerate.compare] Detected added column 'user.user_id'
INFO  [alembic.autogenerate.compare] Detected removed column 'user.id'
  Generating /home/kriminel/Documents/Code/nigel/migrations/versions/f88746e876b9_fixing_login_try_8.py ...  done
(myenv) kriminel@pop-os:~/Documents/Code/nigel$ flask db upgrade 
from app import models
from app import routes #.routes import home, post, new_post
INFO  [alembic.runtime.migration] Context impl SQLiteImpl.
INFO  [alembic.runtime.migration] Will assume non-transactional DDL.
INFO  [alembic.runtime.migration] Running upgrade ac4a20e74745 -> f88746e876b9, fixing login try 8
Traceback (most recent call last):
  File "/home/kriminel/Documents/Code/nigel/myenv/bin/flask", line 8, in <module>
    sys.exit(main())
  File "/home/kriminel/Documents/Code/nigel/myenv/lib/python3.8/site-packages/flask/cli.py", line 1064, in main
    cli.main()
  File "/home/kriminel/Documents/Code/nigel/myenv/lib/python3.8/site-packages/click/core.py", line 1078, in main
    rv = self.invoke(ctx)
  File "/home/kriminel/Documents/Code/nigel/myenv/lib/python3.8/site-packages/click/core.py", line 1688, in invoke
    return _process_result(sub_ctx.command.invoke(sub_ctx))
  File "/home/kriminel/Documents/Code/nigel/myenv/lib/python3.8/site-packages/click/core.py", line 1688, in invoke
    return _process_result(sub_ctx.command.invoke(sub_ctx))
  File "/home/kriminel/Documents/Code/nigel/myenv/lib/python3.8/site-packages/click/core.py", line 1434, in invoke
    return ctx.invoke(self.callback, **ctx.params)
  File "/home/kriminel/Documents/Code/nigel/myenv/lib/python3.8/site-packages/click/core.py", line 783, in invoke
    return __callback(*args, **kwargs)
  File "/home/kriminel/Documents/Code/nigel/myenv/lib/python3.8/site-packages/click/decorators.py", line 33, in new_func
    return f(get_current_context(), *args, **kwargs)
  File "/home/kriminel/Documents/Code/nigel/myenv/lib/python3.8/site-packages/flask/cli.py", line 358, in decorator
    return __ctx.invoke(f, *args, **kwargs)
  File "/home/kriminel/Documents/Code/nigel/myenv/lib/python3.8/site-packages/click/core.py", line 783, in invoke
    return __callback(*args, **kwargs)
  File "/home/kriminel/Documents/Code/nigel/myenv/lib/python3.8/site-packages/flask_migrate/cli.py", line 150, in upgrade
    _upgrade(directory, revision, sql, tag, x_arg)
  File "/home/kriminel/Documents/Code/nigel/myenv/lib/python3.8/site-packages/flask_migrate/__init__.py", line 111, in wrapped
    f(*args, **kwargs)
  File "/home/kriminel/Documents/Code/nigel/myenv/lib/python3.8/site-packages/flask_migrate/__init__.py", line 200, in upgrade
    command.upgrade(config, revision, sql=sql, tag=tag)
  File "/home/kriminel/Documents/Code/nigel/myenv/lib/python3.8/site-packages/alembic/command.py", line 399, in upgrade
    script.run_env()
  File "/home/kriminel/Documents/Code/nigel/myenv/lib/python3.8/site-packages/alembic/script/base.py", line 578, in run_env
    util.load_python_file(self.dir, "env.py")
  File "/home/kriminel/Documents/Code/nigel/myenv/lib/python3.8/site-packages/alembic/util/pyfiles.py", line 93, in load_python_file
    module = load_module_py(module_id, path)
  File "/home/kriminel/Documents/Code/nigel/myenv/lib/python3.8/site-packages/alembic/util/pyfiles.py", line 109, in load_module_py
    spec.loader.exec_module(module)  # type: ignore
  File "<frozen importlib._bootstrap_external>", line 843, in exec_module
  File "<frozen importlib._bootstrap>", line 219, in _call_with_frames_removed
  File "migrations/env.py", line 113, in <module>
    run_migrations_online()
  File "migrations/env.py", line 107, in run_migrations_online
    context.run_migrations()
  File "<string>", line 8, in run_migrations
  File "/home/kriminel/Documents/Code/nigel/myenv/lib/python3.8/site-packages/alembic/runtime/environment.py", line 937, in run_migrations
    self.get_context().run_migrations(**kw)
  File "/home/kriminel/Documents/Code/nigel/myenv/lib/python3.8/site-packages/alembic/runtime/migration.py", line 624, in run_migrations
    step.migration_fn(**kw)
  File "/home/kriminel/Documents/Code/nigel/migrations/versions/f88746e876b9_fixing_login_try_8.py", line 26, in upgrade
    batch_op.drop_column('id')
  File "/usr/local/lib/python3.8/contextlib.py", line 120, in __exit__
    next(self.gen)
  File "/home/kriminel/Documents/Code/nigel/myenv/lib/python3.8/site-packages/alembic/operations/base.py", line 375, in batch_alter_table
    impl.flush()
  File "/home/kriminel/Documents/Code/nigel/myenv/lib/python3.8/site-packages/alembic/operations/batch.py", line 159, in flush
    fn(*arg, **kw)
  File "/home/kriminel/Documents/Code/nigel/myenv/lib/python3.8/site-packages/alembic/operations/batch.py", line 670, in add_constraint
    raise ValueError("Constraint must have a name")
ValueError: Constraint must have a name
(myenv) kriminel@pop-os:~/Documents/Code/nigel$ flask db stamp head
from app import models
from app import routes #.routes import home, post, new_post
INFO  [alembic.runtime.migration] Context impl SQLiteImpl.
INFO  [alembic.runtime.migration] Will assume non-transactional DDL.
INFO  [alembic.runtime.migration] Running stamp_revision ac4a20e74745 -> f88746e876b9
(myenv) kriminel@pop-os:~/Documents/Code/nigel$ flask db migrate -m "fixing login try 9"
from app import models
from app import routes #.routes import home, post, new_post
INFO  [alembic.runtime.migration] Context impl SQLiteImpl.
INFO  [alembic.runtime.migration] Will assume non-transactional DDL.
INFO  [alembic.autogenerate.compare] Detected added column 'post.user_id'
INFO  [alembic.autogenerate.compare] Detected added column 'post.post_id'
INFO  [alembic.autogenerate.compare] Detected added foreign key (user_id)(user_id) on table post
INFO  [alembic.autogenerate.compare] Detected removed column 'post.id'
INFO  [alembic.autogenerate.compare] Detected added column 'user.user_id'
INFO  [alembic.autogenerate.compare] Detected removed column 'user.id'
  Generating /home/kriminel/Documents/Code/nigel/migrations/versions/2cec14260d12_fixing_login_try_9.py ...  done
(myenv) kriminel@pop-os:~/Documents/Code/nigel$ flask db upgrade 
from app import models
from app import routes #.routes import home, post, new_post
INFO  [alembic.runtime.migration] Context impl SQLiteImpl.
INFO  [alembic.runtime.migration] Will assume non-transactional DDL.
INFO  [alembic.runtime.migration] Running upgrade f88746e876b9 -> 2cec14260d12, fixing login try 9
Traceback (most recent call last):
  File "/home/kriminel/Documents/Code/nigel/myenv/bin/flask", line 8, in <module>
    sys.exit(main())
  File "/home/kriminel/Documents/Code/nigel/myenv/lib/python3.8/site-packages/flask/cli.py", line 1064, in main
    cli.main()
  File "/home/kriminel/Documents/Code/nigel/myenv/lib/python3.8/site-packages/click/core.py", line 1078, in main
    rv = self.invoke(ctx)
  File "/home/kriminel/Documents/Code/nigel/myenv/lib/python3.8/site-packages/click/core.py", line 1688, in invoke
    return _process_result(sub_ctx.command.invoke(sub_ctx))
  File "/home/kriminel/Documents/Code/nigel/myenv/lib/python3.8/site-packages/click/core.py", line 1688, in invoke
    return _process_result(sub_ctx.command.invoke(sub_ctx))
  File "/home/kriminel/Documents/Code/nigel/myenv/lib/python3.8/site-packages/click/core.py", line 1434, in invoke
    return ctx.invoke(self.callback, **ctx.params)
  File "/home/kriminel/Documents/Code/nigel/myenv/lib/python3.8/site-packages/click/core.py", line 783, in invoke
    return __callback(*args, **kwargs)
  File "/home/kriminel/Documents/Code/nigel/myenv/lib/python3.8/site-packages/click/decorators.py", line 33, in new_func
    return f(get_current_context(), *args, **kwargs)
  File "/home/kriminel/Documents/Code/nigel/myenv/lib/python3.8/site-packages/flask/cli.py", line 358, in decorator
    return __ctx.invoke(f, *args, **kwargs)
  File "/home/kriminel/Documents/Code/nigel/myenv/lib/python3.8/site-packages/click/core.py", line 783, in invoke
    return __callback(*args, **kwargs)
  File "/home/kriminel/Documents/Code/nigel/myenv/lib/python3.8/site-packages/flask_migrate/cli.py", line 150, in upgrade
    _upgrade(directory, revision, sql, tag, x_arg)
  File "/home/kriminel/Documents/Code/nigel/myenv/lib/python3.8/site-packages/flask_migrate/__init__.py", line 111, in wrapped
    f(*args, **kwargs)
  File "/home/kriminel/Documents/Code/nigel/myenv/lib/python3.8/site-packages/flask_migrate/__init__.py", line 200, in upgrade
    command.upgrade(config, revision, sql=sql, tag=tag)
  File "/home/kriminel/Documents/Code/nigel/myenv/lib/python3.8/site-packages/alembic/command.py", line 399, in upgrade
    script.run_env()
  File "/home/kriminel/Documents/Code/nigel/myenv/lib/python3.8/site-packages/alembic/script/base.py", line 578, in run_env
    util.load_python_file(self.dir, "env.py")
  File "/home/kriminel/Documents/Code/nigel/myenv/lib/python3.8/site-packages/alembic/util/pyfiles.py", line 93, in load_python_file
    module = load_module_py(module_id, path)
  File "/home/kriminel/Documents/Code/nigel/myenv/lib/python3.8/site-packages/alembic/util/pyfiles.py", line 109, in load_module_py
    spec.loader.exec_module(module)  # type: ignore
  File "<frozen importlib._bootstrap_external>", line 843, in exec_module
  File "<frozen importlib._bootstrap>", line 219, in _call_with_frames_removed
  File "migrations/env.py", line 113, in <module>
    run_migrations_online()
  File "migrations/env.py", line 107, in run_migrations_online
    context.run_migrations()
  File "<string>", line 8, in run_migrations
  File "/home/kriminel/Documents/Code/nigel/myenv/lib/python3.8/site-packages/alembic/runtime/environment.py", line 937, in run_migrations
    self.get_context().run_migrations(**kw)
  File "/home/kriminel/Documents/Code/nigel/myenv/lib/python3.8/site-packages/alembic/runtime/migration.py", line 624, in run_migrations
    step.migration_fn(**kw)
  File "/home/kriminel/Documents/Code/nigel/migrations/versions/2cec14260d12_fixing_login_try_9.py", line 25, in upgrade
    batch_op.drop_column('id')
  File "/usr/local/lib/python3.8/contextlib.py", line 120, in __exit__
    next(self.gen)
  File "/home/kriminel/Documents/Code/nigel/myenv/lib/python3.8/site-packages/alembic/operations/base.py", line 375, in batch_alter_table
    impl.flush()
  File "/home/kriminel/Documents/Code/nigel/myenv/lib/python3.8/site-packages/alembic/operations/batch.py", line 159, in flush
    fn(*arg, **kw)
  File "/home/kriminel/Documents/Code/nigel/myenv/lib/python3.8/site-packages/alembic/operations/batch.py", line 670, in add_constraint
    raise ValueError("Constraint must have a name")
ValueError: Constraint must have a name
(myenv) kriminel@pop-os:~/Documents/Code/nigel$ flask db upgrade 
from app import models
from app import routes #.routes import home, post, new_post
INFO  [alembic.runtime.migration] Context impl SQLiteImpl.
INFO  [alembic.runtime.migration] Will assume non-transactional DDL.
INFO  [alembic.runtime.migration] Running upgrade f88746e876b9 -> 2cec14260d12, fixing login try 9
Traceback (most recent call last):
  File "/home/kriminel/Documents/Code/nigel/myenv/bin/flask", line 8, in <module>
    sys.exit(main())
  File "/home/kriminel/Documents/Code/nigel/myenv/lib/python3.8/site-packages/flask/cli.py", line 1064, in main
    cli.main()
  File "/home/kriminel/Documents/Code/nigel/myenv/lib/python3.8/site-packages/click/core.py", line 1078, in main
    rv = self.invoke(ctx)
  File "/home/kriminel/Documents/Code/nigel/myenv/lib/python3.8/site-packages/click/core.py", line 1688, in invoke
    return _process_result(sub_ctx.command.invoke(sub_ctx))
  File "/home/kriminel/Documents/Code/nigel/myenv/lib/python3.8/site-packages/click/core.py", line 1688, in invoke
    return _process_result(sub_ctx.command.invoke(sub_ctx))
  File "/home/kriminel/Documents/Code/nigel/myenv/lib/python3.8/site-packages/click/core.py", line 1434, in invoke
    return ctx.invoke(self.callback, **ctx.params)
  File "/home/kriminel/Documents/Code/nigel/myenv/lib/python3.8/site-packages/click/core.py", line 783, in invoke
    return __callback(*args, **kwargs)
  File "/home/kriminel/Documents/Code/nigel/myenv/lib/python3.8/site-packages/click/decorators.py", line 33, in new_func
    return f(get_current_context(), *args, **kwargs)
  File "/home/kriminel/Documents/Code/nigel/myenv/lib/python3.8/site-packages/flask/cli.py", line 358, in decorator
    return __ctx.invoke(f, *args, **kwargs)
  File "/home/kriminel/Documents/Code/nigel/myenv/lib/python3.8/site-packages/click/core.py", line 783, in invoke
    return __callback(*args, **kwargs)
  File "/home/kriminel/Documents/Code/nigel/myenv/lib/python3.8/site-packages/flask_migrate/cli.py", line 150, in upgrade
    _upgrade(directory, revision, sql, tag, x_arg)
  File "/home/kriminel/Documents/Code/nigel/myenv/lib/python3.8/site-packages/flask_migrate/__init__.py", line 111, in wrapped
    f(*args, **kwargs)
  File "/home/kriminel/Documents/Code/nigel/myenv/lib/python3.8/site-packages/flask_migrate/__init__.py", line 200, in upgrade
    command.upgrade(config, revision, sql=sql, tag=tag)
  File "/home/kriminel/Documents/Code/nigel/myenv/lib/python3.8/site-packages/alembic/command.py", line 399, in upgrade
    script.run_env()
  File "/home/kriminel/Documents/Code/nigel/myenv/lib/python3.8/site-packages/alembic/script/base.py", line 578, in run_env
    util.load_python_file(self.dir, "env.py")
  File "/home/kriminel/Documents/Code/nigel/myenv/lib/python3.8/site-packages/alembic/util/pyfiles.py", line 93, in load_python_file
    module = load_module_py(module_id, path)
  File "/home/kriminel/Documents/Code/nigel/myenv/lib/python3.8/site-packages/alembic/util/pyfiles.py", line 109, in load_module_py
    spec.loader.exec_module(module)  # type: ignore
  File "<frozen importlib._bootstrap_external>", line 843, in exec_module
  File "<frozen importlib._bootstrap>", line 219, in _call_with_frames_removed
  File "migrations/env.py", line 113, in <module>
    run_migrations_online()
  File "migrations/env.py", line 107, in run_migrations_online
    context.run_migrations()
  File "<string>", line 8, in run_migrations
  File "/home/kriminel/Documents/Code/nigel/myenv/lib/python3.8/site-packages/alembic/runtime/environment.py", line 937, in run_migrations
    self.get_context().run_migrations(**kw)
  File "/home/kriminel/Documents/Code/nigel/myenv/lib/python3.8/site-packages/alembic/runtime/migration.py", line 624, in run_migrations
    step.migration_fn(**kw)
  File "/home/kriminel/Documents/Code/nigel/migrations/versions/2cec14260d12_fixing_login_try_9.py", line 25, in upgrade
    batch_op.drop_column('id')
  File "/usr/local/lib/python3.8/contextlib.py", line 120, in __exit__
    next(self.gen)
  File "/home/kriminel/Documents/Code/nigel/myenv/lib/python3.8/site-packages/alembic/operations/base.py", line 375, in batch_alter_table
    impl.flush()
  File "/home/kriminel/Documents/Code/nigel/myenv/lib/python3.8/site-packages/alembic/operations/batch.py", line 159, in flush
    fn(*arg, **kw)
  File "/home/kriminel/Documents/Code/nigel/myenv/lib/python3.8/site-packages/alembic/operations/batch.py", line 670, in add_constraint
    raise ValueError("Constraint must have a name")
ValueError: Constraint must have a name
(myenv) kriminel@pop-os:~/Documents/Code/nigel$ flask db migrate -m "fixing login try 10"
from app import models
from app import routes #.routes import home, post, new_post
INFO  [alembic.runtime.migration] Context impl SQLiteImpl.
INFO  [alembic.runtime.migration] Will assume non-transactional DDL.
ERROR [flask_migrate] Error: Target database is not up to date.
(myenv) kriminel@pop-os:~/Documents/Code/nigel$ flask db upgrade 
from app import models
from app import routes #.routes import home, post, new_post
INFO  [alembic.runtime.migration] Context impl SQLiteImpl.
INFO  [alembic.runtime.migration] Will assume non-transactional DDL.
INFO  [alembic.runtime.migration] Running upgrade f88746e876b9 -> 2cec14260d12, fixing login try 9
Traceback (most recent call last):
  File "/home/kriminel/Documents/Code/nigel/myenv/bin/flask", line 8, in <module>
    sys.exit(main())
  File "/home/kriminel/Documents/Code/nigel/myenv/lib/python3.8/site-packages/flask/cli.py", line 1064, in main
    cli.main()
  File "/home/kriminel/Documents/Code/nigel/myenv/lib/python3.8/site-packages/click/core.py", line 1078, in main
    rv = self.invoke(ctx)
  File "/home/kriminel/Documents/Code/nigel/myenv/lib/python3.8/site-packages/click/core.py", line 1688, in invoke
    return _process_result(sub_ctx.command.invoke(sub_ctx))
  File "/home/kriminel/Documents/Code/nigel/myenv/lib/python3.8/site-packages/click/core.py", line 1688, in invoke
    return _process_result(sub_ctx.command.invoke(sub_ctx))
  File "/home/kriminel/Documents/Code/nigel/myenv/lib/python3.8/site-packages/click/core.py", line 1434, in invoke
    return ctx.invoke(self.callback, **ctx.params)
  File "/home/kriminel/Documents/Code/nigel/myenv/lib/python3.8/site-packages/click/core.py", line 783, in invoke
    return __callback(*args, **kwargs)
  File "/home/kriminel/Documents/Code/nigel/myenv/lib/python3.8/site-packages/click/decorators.py", line 33, in new_func
    return f(get_current_context(), *args, **kwargs)
  File "/home/kriminel/Documents/Code/nigel/myenv/lib/python3.8/site-packages/flask/cli.py", line 358, in decorator
    return __ctx.invoke(f, *args, **kwargs)
  File "/home/kriminel/Documents/Code/nigel/myenv/lib/python3.8/site-packages/click/core.py", line 783, in invoke
    return __callback(*args, **kwargs)
  File "/home/kriminel/Documents/Code/nigel/myenv/lib/python3.8/site-packages/flask_migrate/cli.py", line 150, in upgrade
    _upgrade(directory, revision, sql, tag, x_arg)
  File "/home/kriminel/Documents/Code/nigel/myenv/lib/python3.8/site-packages/flask_migrate/__init__.py", line 111, in wrapped
    f(*args, **kwargs)
  File "/home/kriminel/Documents/Code/nigel/myenv/lib/python3.8/site-packages/flask_migrate/__init__.py", line 200, in upgrade
    command.upgrade(config, revision, sql=sql, tag=tag)
  File "/home/kriminel/Documents/Code/nigel/myenv/lib/python3.8/site-packages/alembic/command.py", line 399, in upgrade
    script.run_env()
  File "/home/kriminel/Documents/Code/nigel/myenv/lib/python3.8/site-packages/alembic/script/base.py", line 578, in run_env
    util.load_python_file(self.dir, "env.py")
  File "/home/kriminel/Documents/Code/nigel/myenv/lib/python3.8/site-packages/alembic/util/pyfiles.py", line 93, in load_python_file
    module = load_module_py(module_id, path)
  File "/home/kriminel/Documents/Code/nigel/myenv/lib/python3.8/site-packages/alembic/util/pyfiles.py", line 109, in load_module_py
    spec.loader.exec_module(module)  # type: ignore
  File "<frozen importlib._bootstrap_external>", line 843, in exec_module
  File "<frozen importlib._bootstrap>", line 219, in _call_with_frames_removed
  File "migrations/env.py", line 113, in <module>
    run_migrations_online()
  File "migrations/env.py", line 107, in run_migrations_online
    context.run_migrations()
  File "<string>", line 8, in run_migrations
  File "/home/kriminel/Documents/Code/nigel/myenv/lib/python3.8/site-packages/alembic/runtime/environment.py", line 937, in run_migrations
    self.get_context().run_migrations(**kw)
  File "/home/kriminel/Documents/Code/nigel/myenv/lib/python3.8/site-packages/alembic/runtime/migration.py", line 624, in run_migrations
    step.migration_fn(**kw)
  File "/home/kriminel/Documents/Code/nigel/migrations/versions/2cec14260d12_fixing_login_try_9.py", line 25, in upgrade
    batch_op.drop_column('id')
  File "/usr/local/lib/python3.8/contextlib.py", line 120, in __exit__
    next(self.gen)
  File "/home/kriminel/Documents/Code/nigel/myenv/lib/python3.8/site-packages/alembic/operations/base.py", line 375, in batch_alter_table
    impl.flush()
  File "/home/kriminel/Documents/Code/nigel/myenv/lib/python3.8/site-packages/alembic/operations/batch.py", line 159, in flush
    fn(*arg, **kw)
  File "/home/kriminel/Documents/Code/nigel/myenv/lib/python3.8/site-packages/alembic/operations/batch.py", line 670, in add_constraint
    raise ValueError("Constraint must have a name")
ValueError: Constraint must have a name
(myenv) kriminel@pop-os:~/Documents/Code/nigel$ flask db stamp head
from app import models
from app import routes #.routes import home, post, new_post
INFO  [alembic.runtime.migration] Context impl SQLiteImpl.
INFO  [alembic.runtime.migration] Will assume non-transactional DDL.
INFO  [alembic.runtime.migration] Running stamp_revision f88746e876b9 -> 2cec14260d12
(myenv) kriminel@pop-os:~/Documents/Code/nigel$ flask db migrate -m "fixing login try 10"
from app import models
from app import routes #.routes import home, post, new_post
INFO  [alembic.runtime.migration] Context impl SQLiteImpl.
INFO  [alembic.runtime.migration] Will assume non-transactional DDL.
INFO  [alembic.autogenerate.compare] Detected added column 'post.user_id'
INFO  [alembic.autogenerate.compare] Detected added column 'post.post_id'
INFO  [alembic.autogenerate.compare] Detected added foreign key (user_id)(user_id) on table post
INFO  [alembic.autogenerate.compare] Detected removed column 'post.id'
INFO  [alembic.autogenerate.compare] Detected added column 'user.user_id'
INFO  [alembic.autogenerate.compare] Detected removed column 'user.id'
  Generating /home/kriminel/Documents/Code/nigel/migrations/versions/4321978cf729_fixing_login_try_10.py ...  done
(myenv) kriminel@pop-os:~/Documents/Code/nigel$ flask db upgrade 
from app import models
from app import routes #.routes import home, post, new_post
INFO  [alembic.runtime.migration] Context impl SQLiteImpl.
INFO  [alembic.runtime.migration] Will assume non-transactional DDL.
INFO  [alembic.runtime.migration] Running upgrade 2cec14260d12 -> 4321978cf729, fixing login try 10
Traceback (most recent call last):
  File "/home/kriminel/Documents/Code/nigel/myenv/bin/flask", line 8, in <module>
    sys.exit(main())
  File "/home/kriminel/Documents/Code/nigel/myenv/lib/python3.8/site-packages/flask/cli.py", line 1064, in main
    cli.main()
  File "/home/kriminel/Documents/Code/nigel/myenv/lib/python3.8/site-packages/click/core.py", line 1078, in main
    rv = self.invoke(ctx)
  File "/home/kriminel/Documents/Code/nigel/myenv/lib/python3.8/site-packages/click/core.py", line 1688, in invoke
    return _process_result(sub_ctx.command.invoke(sub_ctx))
  File "/home/kriminel/Documents/Code/nigel/myenv/lib/python3.8/site-packages/click/core.py", line 1688, in invoke
    return _process_result(sub_ctx.command.invoke(sub_ctx))
  File "/home/kriminel/Documents/Code/nigel/myenv/lib/python3.8/site-packages/click/core.py", line 1434, in invoke
    return ctx.invoke(self.callback, **ctx.params)
  File "/home/kriminel/Documents/Code/nigel/myenv/lib/python3.8/site-packages/click/core.py", line 783, in invoke
    return __callback(*args, **kwargs)
  File "/home/kriminel/Documents/Code/nigel/myenv/lib/python3.8/site-packages/click/decorators.py", line 33, in new_func
    return f(get_current_context(), *args, **kwargs)
  File "/home/kriminel/Documents/Code/nigel/myenv/lib/python3.8/site-packages/flask/cli.py", line 358, in decorator
    return __ctx.invoke(f, *args, **kwargs)
  File "/home/kriminel/Documents/Code/nigel/myenv/lib/python3.8/site-packages/click/core.py", line 783, in invoke
    return __callback(*args, **kwargs)
  File "/home/kriminel/Documents/Code/nigel/myenv/lib/python3.8/site-packages/flask_migrate/cli.py", line 150, in upgrade
    _upgrade(directory, revision, sql, tag, x_arg)
  File "/home/kriminel/Documents/Code/nigel/myenv/lib/python3.8/site-packages/flask_migrate/__init__.py", line 111, in wrapped
    f(*args, **kwargs)
  File "/home/kriminel/Documents/Code/nigel/myenv/lib/python3.8/site-packages/flask_migrate/__init__.py", line 200, in upgrade
    command.upgrade(config, revision, sql=sql, tag=tag)
  File "/home/kriminel/Documents/Code/nigel/myenv/lib/python3.8/site-packages/alembic/command.py", line 399, in upgrade
    script.run_env()
  File "/home/kriminel/Documents/Code/nigel/myenv/lib/python3.8/site-packages/alembic/script/base.py", line 578, in run_env
    util.load_python_file(self.dir, "env.py")
  File "/home/kriminel/Documents/Code/nigel/myenv/lib/python3.8/site-packages/alembic/util/pyfiles.py", line 93, in load_python_file
    module = load_module_py(module_id, path)
  File "/home/kriminel/Documents/Code/nigel/myenv/lib/python3.8/site-packages/alembic/util/pyfiles.py", line 109, in load_module_py
    spec.loader.exec_module(module)  # type: ignore
  File "<frozen importlib._bootstrap_external>", line 843, in exec_module
  File "<frozen importlib._bootstrap>", line 219, in _call_with_frames_removed
  File "migrations/env.py", line 113, in <module>
    run_migrations_online()
  File "migrations/env.py", line 107, in run_migrations_online
    context.run_migrations()
  File "<string>", line 8, in run_migrations
  File "/home/kriminel/Documents/Code/nigel/myenv/lib/python3.8/site-packages/alembic/runtime/environment.py", line 937, in run_migrations
    self.get_context().run_migrations(**kw)
  File "/home/kriminel/Documents/Code/nigel/myenv/lib/python3.8/site-packages/alembic/runtime/migration.py", line 624, in run_migrations
    step.migration_fn(**kw)
  File "/home/kriminel/Documents/Code/nigel/migrations/versions/4321978cf729_fixing_login_try_10.py", line 25, in upgrade
    batch_op.drop_column('id')
  File "/usr/local/lib/python3.8/contextlib.py", line 120, in __exit__
    next(self.gen)
  File "/home/kriminel/Documents/Code/nigel/myenv/lib/python3.8/site-packages/alembic/operations/base.py", line 375, in batch_alter_table
    impl.flush()
  File "/home/kriminel/Documents/Code/nigel/myenv/lib/python3.8/site-packages/alembic/operations/batch.py", line 159, in flush
    fn(*arg, **kw)
  File "/home/kriminel/Documents/Code/nigel/myenv/lib/python3.8/site-packages/alembic/operations/batch.py", line 670, in add_constraint
    raise ValueError("Constraint must have a name")
ValueError: Constraint must have a name
(myenv) kriminel@pop-os:~/Documents/Code/nigel$ flask db migrate -m "fixing login try 11"
from app import models
from app import routes #.routes import home, post, new_post
INFO  [alembic.runtime.migration] Context impl SQLiteImpl.
INFO  [alembic.runtime.migration] Will assume non-transactional DDL.
ERROR [flask_migrate] Error: Target database is not up to date.
(myenv) kriminel@pop-os:~/Documents/Code/nigel$ flask db upgrade 
from app import models
from app import routes #.routes import home, post, new_post
INFO  [alembic.runtime.migration] Context impl SQLiteImpl.
INFO  [alembic.runtime.migration] Will assume non-transactional DDL.
INFO  [alembic.runtime.migration] Running upgrade  -> 70c7b8b7895f, first
INFO  [alembic.runtime.migration] Running upgrade 70c7b8b7895f -> bb86420595bb, add a user table
INFO  [alembic.runtime.migration] Running upgrade bb86420595bb -> c3e2a195d5b0, add a user email
INFO  [alembic.runtime.migration] Running upgrade c3e2a195d5b0 -> 4547d0d32936, passord hash versus password
INFO  [alembic.runtime.migration] Running upgrade 4547d0d32936 -> 887d2f44c074, fixing login try 5
Traceback (most recent call last):
  File "/home/kriminel/Documents/Code/nigel/myenv/lib/python3.8/site-packages/sqlalchemy/engine/base.py", line 1965, in _exec_single_context
    self.dialect.do_execute(
  File "/home/kriminel/Documents/Code/nigel/myenv/lib/python3.8/site-packages/sqlalchemy/engine/default.py", line 921, in do_execute
    cursor.execute(statement, parameters)
sqlite3.OperationalError: no such table: _alembic_tmp_post

The above exception was the direct cause of the following exception:

Traceback (most recent call last):
  File "/home/kriminel/Documents/Code/nigel/myenv/bin/flask", line 8, in <module>
    sys.exit(main())
  File "/home/kriminel/Documents/Code/nigel/myenv/lib/python3.8/site-packages/flask/cli.py", line 1064, in main
    cli.main()
  File "/home/kriminel/Documents/Code/nigel/myenv/lib/python3.8/site-packages/click/core.py", line 1078, in main
    rv = self.invoke(ctx)
  File "/home/kriminel/Documents/Code/nigel/myenv/lib/python3.8/site-packages/click/core.py", line 1688, in invoke
    return _process_result(sub_ctx.command.invoke(sub_ctx))
  File "/home/kriminel/Documents/Code/nigel/myenv/lib/python3.8/site-packages/click/core.py", line 1688, in invoke
    return _process_result(sub_ctx.command.invoke(sub_ctx))
  File "/home/kriminel/Documents/Code/nigel/myenv/lib/python3.8/site-packages/click/core.py", line 1434, in invoke
    return ctx.invoke(self.callback, **ctx.params)
  File "/home/kriminel/Documents/Code/nigel/myenv/lib/python3.8/site-packages/click/core.py", line 783, in invoke
    return __callback(*args, **kwargs)
  File "/home/kriminel/Documents/Code/nigel/myenv/lib/python3.8/site-packages/click/decorators.py", line 33, in new_func
    return f(get_current_context(), *args, **kwargs)
  File "/home/kriminel/Documents/Code/nigel/myenv/lib/python3.8/site-packages/flask/cli.py", line 358, in decorator
    return __ctx.invoke(f, *args, **kwargs)
  File "/home/kriminel/Documents/Code/nigel/myenv/lib/python3.8/site-packages/click/core.py", line 783, in invoke
    return __callback(*args, **kwargs)
  File "/home/kriminel/Documents/Code/nigel/myenv/lib/python3.8/site-packages/flask_migrate/cli.py", line 150, in upgrade
    _upgrade(directory, revision, sql, tag, x_arg)
  File "/home/kriminel/Documents/Code/nigel/myenv/lib/python3.8/site-packages/flask_migrate/__init__.py", line 111, in wrapped
    f(*args, **kwargs)
  File "/home/kriminel/Documents/Code/nigel/myenv/lib/python3.8/site-packages/flask_migrate/__init__.py", line 200, in upgrade
    command.upgrade(config, revision, sql=sql, tag=tag)
  File "/home/kriminel/Documents/Code/nigel/myenv/lib/python3.8/site-packages/alembic/command.py", line 399, in upgrade
    script.run_env()
  File "/home/kriminel/Documents/Code/nigel/myenv/lib/python3.8/site-packages/alembic/script/base.py", line 578, in run_env
    util.load_python_file(self.dir, "env.py")
  File "/home/kriminel/Documents/Code/nigel/myenv/lib/python3.8/site-packages/alembic/util/pyfiles.py", line 93, in load_python_file
    module = load_module_py(module_id, path)
  File "/home/kriminel/Documents/Code/nigel/myenv/lib/python3.8/site-packages/alembic/util/pyfiles.py", line 109, in load_module_py
    spec.loader.exec_module(module)  # type: ignore
  File "<frozen importlib._bootstrap_external>", line 843, in exec_module
  File "<frozen importlib._bootstrap>", line 219, in _call_with_frames_removed
  File "migrations/env.py", line 113, in <module>
    run_migrations_online()
  File "migrations/env.py", line 107, in run_migrations_online
    context.run_migrations()
  File "<string>", line 8, in run_migrations
  File "/home/kriminel/Documents/Code/nigel/myenv/lib/python3.8/site-packages/alembic/runtime/environment.py", line 937, in run_migrations
    self.get_context().run_migrations(**kw)
  File "/home/kriminel/Documents/Code/nigel/myenv/lib/python3.8/site-packages/alembic/runtime/migration.py", line 624, in run_migrations
    step.migration_fn(**kw)
  File "/home/kriminel/Documents/Code/nigel/migrations/versions/887d2f44c074_fixing_login_try_5.py", line 21, in upgrade
    op.drop_table('_alembic_tmp_post')
  File "<string>", line 8, in drop_table
  File "<string>", line 3, in drop_table
  File "/home/kriminel/Documents/Code/nigel/myenv/lib/python3.8/site-packages/alembic/operations/ops.py", line 1402, in drop_table
    operations.invoke(op)
  File "/home/kriminel/Documents/Code/nigel/myenv/lib/python3.8/site-packages/alembic/operations/base.py", line 393, in invoke
    return fn(self, operation)
  File "/home/kriminel/Documents/Code/nigel/myenv/lib/python3.8/site-packages/alembic/operations/toimpl.py", line 79, in drop_table
    operations.impl.drop_table(
  File "/home/kriminel/Documents/Code/nigel/myenv/lib/python3.8/site-packages/alembic/ddl/impl.py", line 377, in drop_table
    self._exec(schema.DropTable(table))
  File "/home/kriminel/Documents/Code/nigel/myenv/lib/python3.8/site-packages/alembic/ddl/impl.py", line 193, in _exec
    return conn.execute(  # type: ignore[call-overload]
  File "/home/kriminel/Documents/Code/nigel/myenv/lib/python3.8/site-packages/sqlalchemy/engine/base.py", line 1412, in execute
    return meth(
  File "/home/kriminel/Documents/Code/nigel/myenv/lib/python3.8/site-packages/sqlalchemy/sql/ddl.py", line 181, in _execute_on_connection
    return connection._execute_ddl(
  File "/home/kriminel/Documents/Code/nigel/myenv/lib/python3.8/site-packages/sqlalchemy/engine/base.py", line 1524, in _execute_ddl
    ret = self._execute_context(
  File "/home/kriminel/Documents/Code/nigel/myenv/lib/python3.8/site-packages/sqlalchemy/engine/base.py", line 1844, in _execute_context
    return self._exec_single_context(
  File "/home/kriminel/Documents/Code/nigel/myenv/lib/python3.8/site-packages/sqlalchemy/engine/base.py", line 1984, in _exec_single_context
    self._handle_dbapi_exception(
  File "/home/kriminel/Documents/Code/nigel/myenv/lib/python3.8/site-packages/sqlalchemy/engine/base.py", line 2339, in _handle_dbapi_exception
    raise sqlalchemy_exception.with_traceback(exc_info[2]) from e
  File "/home/kriminel/Documents/Code/nigel/myenv/lib/python3.8/site-packages/sqlalchemy/engine/base.py", line 1965, in _exec_single_context
    self.dialect.do_execute(
  File "/home/kriminel/Documents/Code/nigel/myenv/lib/python3.8/site-packages/sqlalchemy/engine/default.py", line 921, in do_execute
    cursor.execute(statement, parameters)
sqlalchemy.exc.OperationalError: (sqlite3.OperationalError) no such table: _alembic_tmp_post
[SQL: 
DROP TABLE _alembic_tmp_post]
(Background on this error at: https://sqlalche.me/e/20/e3q8)
(myenv) kriminel@pop-os:~/Documents/Code/nigel$ flask db init
from app import models
from app import routes #.routes import home, post, new_post
Error: Directory migrations already exists and is not empty
(myenv) kriminel@pop-os:~/Documents/Code/nigel$ flask db init
from app import models
from app import routes #.routes import home, post, new_post
  Creating directory '/home/kriminel/Documents/Code/nigel/migrations' ...  done
  Creating directory '/home/kriminel/Documents/Code/nigel/migrations/versions' ...  done
  Generating /home/kriminel/Documents/Code/nigel/migrations/alembic.ini ...  done
  Generating /home/kriminel/Documents/Code/nigel/migrations/README ...  done
  Generating /home/kriminel/Documents/Code/nigel/migrations/env.py ...  done
  Generating /home/kriminel/Documents/Code/nigel/migrations/script.py.mako ...  done
  Please edit configuration/connection/logging settings in '/home/kriminel/Documents/Code/nigel/migrations/alembic.ini' before proceeding.
(myenv) kriminel@pop-os:~/Documents/Code/nigel$ flask db upgrade 
from app import models
from app import routes #.routes import home, post, new_post
INFO  [alembic.runtime.migration] Context impl SQLiteImpl.
INFO  [alembic.runtime.migration] Will assume non-transactional DDL.
ERROR [flask_migrate] Error: Can't locate revision identified by '4547d0d32936'
(myenv) kriminel@pop-os:~/Documents/Code/nigel$ flask db -m "burning to the gound, init"
from app import models
from app import routes #.routes import home, post, new_post
Usage: flask db [OPTIONS] COMMAND [ARGS]...
Try 'flask db --help' for help.

Error: No such option: -m
(myenv) kriminel@pop-os:~/Documents/Code/nigel$ flask db migrate -m "burn and start fresh"
from app import models
from app import routes #.routes import home, post, new_post
INFO  [alembic.runtime.migration] Context impl SQLiteImpl.
INFO  [alembic.runtime.migration] Will assume non-transactional DDL.
ERROR [flask_migrate] Error: Can't locate revision identified by '4547d0d32936'
(myenv) kriminel@pop-os:~/Documents/Code/nigel$ flask db upgrade 
from app import models
from app import routes #.routes import home, post, new_post
INFO  [alembic.runtime.migration] Context impl SQLiteImpl.
INFO  [alembic.runtime.migration] Will assume non-transactional DDL.
ERROR [flask_migrate] Error: Can't locate revision identified by '4547d0d32936'
(myenv) kriminel@pop-os:~/Documents/Code/nigel$ flask db init
from app import models
from app import routes #.routes import home, post, new_post
  Creating directory '/home/kriminel/Documents/Code/nigel/migrations' ...  done
  Creating directory '/home/kriminel/Documents/Code/nigel/migrations/versions' ...  done
  Generating /home/kriminel/Documents/Code/nigel/migrations/alembic.ini ...  done
  Generating /home/kriminel/Documents/Code/nigel/migrations/README ...  done
  Generating /home/kriminel/Documents/Code/nigel/migrations/env.py ...  done
  Generating /home/kriminel/Documents/Code/nigel/migrations/script.py.mako ...  done
  Please edit configuration/connection/logging settings in '/home/kriminel/Documents/Code/nigel/migrations/alembic.ini' before proceeding.
(myenv) kriminel@pop-os:~/Documents/Code/nigel$ flask db migrate -m "burn and start fresh"
from app import models
from app import routes #.routes import home, post, new_post
INFO  [alembic.runtime.migration] Context impl SQLiteImpl.
INFO  [alembic.runtime.migration] Will assume non-transactional DDL.
ERROR [flask_migrate] Error: Can't locate revision identified by '4547d0d32936'
(myenv) kriminel@pop-os:~/Documents/Code/nigel$ flask db upgrade 
from app import models
from app import routes #.routes import home, post, new_post
INFO  [alembic.runtime.migration] Context impl SQLiteImpl.
INFO  [alembic.runtime.migration] Will assume non-transactional DDL.
ERROR [flask_migrate] Error: Can't locate revision identified by '4547d0d32936'
(myenv) kriminel@pop-os:~/Documents/Code/nigel$ flask db init
from app import models
from app import routes #.routes import home, post, new_post
  Creating directory '/home/kriminel/Documents/Code/nigel/migrations' ...  done
  Creating directory '/home/kriminel/Documents/Code/nigel/migrations/versions' ...  done
  Generating /home/kriminel/Documents/Code/nigel/migrations/alembic.ini ...  done
  Generating /home/kriminel/Documents/Code/nigel/migrations/README ...  done
  Generating /home/kriminel/Documents/Code/nigel/migrations/env.py ...  done
  Generating /home/kriminel/Documents/Code/nigel/migrations/script.py.mako ...  done
  Please edit configuration/connection/logging settings in '/home/kriminel/Documents/Code/nigel/migrations/alembic.ini' before proceeding.
(myenv) kriminel@pop-os:~/Documents/Code/nigel$ flask db migrate -m "burn and start fresh"
from app import models
from app import routes #.routes import home, post, new_post
INFO  [alembic.runtime.migration] Context impl SQLiteImpl.
INFO  [alembic.runtime.migration] Will assume non-transactional DDL.
INFO  [alembic.autogenerate.compare] Detected added table 'user'
INFO  [alembic.autogenerate.compare] Detected added table 'post'
  Generating /home/kriminel/Documents/Code/nigel/migrations/versions/021dcc0c484a_burn_and_start_fresh.py ...  done
(myenv) kriminel@pop-os:~/Documents/Code/nigel$ flask db upgrade 
from app import models
from app import routes #.routes import home, post, new_post
INFO  [alembic.runtime.migration] Context impl SQLiteImpl.
INFO  [alembic.runtime.migration] Will assume non-transactional DDL.
INFO  [alembic.runtime.migration] Running upgrade  -> 021dcc0c484a, burn and start fresh
(myenv) kriminel@pop-os:~/Documents/Code/nigel$ flask run
from app import models
from app import routes #.routes import home, post, new_post
 * Debug mode: off
WARNING: This is a development server. Do not use it in a production deployment. Use a production WSGI server instead.
 * Running on http://127.0.0.1:5000
Press CTRL+C to quit
127.0.0.1 - - [18/Nov/2023 11:31:06] "GET / HTTP/1.1" 200 -
127.0.0.1 - - [18/Nov/2023 11:31:09] "GET / HTTP/1.1" 200 -
127.0.0.1 - - [18/Nov/2023 11:31:11] "GET /login HTTP/1.1" 200 -
127.0.0.1 - - [18/Nov/2023 11:31:13] "GET /register_user HTTP/1.1" 200 -
127.0.0.1 - - [18/Nov/2023 11:31:29] "POST /register_user HTTP/1.1" 302 -
127.0.0.1 - - [18/Nov/2023 11:31:29] "GET / HTTP/1.1" 200 -
127.0.0.1 - - [18/Nov/2023 11:31:35] "GET /new_post HTTP/1.1" 200 -
[2023-11-18 11:31:59,671] ERROR in app: Exception on /new_post [POST]
Traceback (most recent call last):
  File "/home/kriminel/Documents/Code/nigel/myenv/lib/python3.8/site-packages/sqlalchemy/engine/base.py", line 1965, in _exec_single_context
    self.dialect.do_execute(
  File "/home/kriminel/Documents/Code/nigel/myenv/lib/python3.8/site-packages/sqlalchemy/engine/default.py", line 921, in do_execute
    cursor.execute(statement, parameters)
sqlite3.IntegrityError: NOT NULL constraint failed: post.user_id

The above exception was the direct cause of the following exception:

Traceback (most recent call last):
  File "/home/kriminel/Documents/Code/nigel/myenv/lib/python3.8/site-packages/flask/app.py", line 1455, in wsgi_app
    response = self.full_dispatch_request()
  File "/home/kriminel/Documents/Code/nigel/myenv/lib/python3.8/site-packages/flask/app.py", line 869, in full_dispatch_request
    rv = self.handle_user_exception(e)
  File "/home/kriminel/Documents/Code/nigel/myenv/lib/python3.8/site-packages/flask/app.py", line 867, in full_dispatch_request
    rv = self.dispatch_request()
  File "/home/kriminel/Documents/Code/nigel/myenv/lib/python3.8/site-packages/flask/app.py", line 852, in dispatch_request
    return self.ensure_sync(self.view_functions[rule.endpoint])(**view_args)
  File "/home/kriminel/Documents/Code/nigel/myenv/lib/python3.8/site-packages/flask_login/utils.py", line 290, in decorated_view
    return current_app.ensure_sync(func)(*args, **kwargs)
  File "/home/kriminel/Documents/Code/nigel/app/routes.py", line 32, in new_post
    db.session.commit()
  File "/home/kriminel/Documents/Code/nigel/myenv/lib/python3.8/site-packages/sqlalchemy/orm/scoping.py", line 554, in commit
    return self._proxied.commit()
  File "/home/kriminel/Documents/Code/nigel/myenv/lib/python3.8/site-packages/sqlalchemy/orm/session.py", line 1923, in commit
    trans.commit(_to_root=True)
  File "<string>", line 2, in commit
  File "/home/kriminel/Documents/Code/nigel/myenv/lib/python3.8/site-packages/sqlalchemy/orm/state_changes.py", line 139, in _go
    ret_value = fn(self, *arg, **kw)
  File "/home/kriminel/Documents/Code/nigel/myenv/lib/python3.8/site-packages/sqlalchemy/orm/session.py", line 1239, in commit
    self._prepare_impl()
  File "<string>", line 2, in _prepare_impl
  File "/home/kriminel/Documents/Code/nigel/myenv/lib/python3.8/site-packages/sqlalchemy/orm/state_changes.py", line 139, in _go
    ret_value = fn(self, *arg, **kw)
  File "/home/kriminel/Documents/Code/nigel/myenv/lib/python3.8/site-packages/sqlalchemy/orm/session.py", line 1214, in _prepare_impl
    self.session.flush()
  File "/home/kriminel/Documents/Code/nigel/myenv/lib/python3.8/site-packages/sqlalchemy/orm/session.py", line 4179, in flush
    self._flush(objects)
  File "/home/kriminel/Documents/Code/nigel/myenv/lib/python3.8/site-packages/sqlalchemy/orm/session.py", line 4315, in _flush
    transaction.rollback(_capture_exception=True)
  File "/home/kriminel/Documents/Code/nigel/myenv/lib/python3.8/site-packages/sqlalchemy/util/langhelpers.py", line 146, in __exit__
    raise exc_value.with_traceback(exc_tb)
  File "/home/kriminel/Documents/Code/nigel/myenv/lib/python3.8/site-packages/sqlalchemy/orm/session.py", line 4275, in _flush
    flush_context.execute()
  File "/home/kriminel/Documents/Code/nigel/myenv/lib/python3.8/site-packages/sqlalchemy/orm/unitofwork.py", line 466, in execute
    rec.execute(self)
  File "/home/kriminel/Documents/Code/nigel/myenv/lib/python3.8/site-packages/sqlalchemy/orm/unitofwork.py", line 642, in execute
    util.preloaded.orm_persistence.save_obj(
  File "/home/kriminel/Documents/Code/nigel/myenv/lib/python3.8/site-packages/sqlalchemy/orm/persistence.py", line 93, in save_obj
    _emit_insert_statements(
  File "/home/kriminel/Documents/Code/nigel/myenv/lib/python3.8/site-packages/sqlalchemy/orm/persistence.py", line 1226, in _emit_insert_statements
    result = connection.execute(
  File "/home/kriminel/Documents/Code/nigel/myenv/lib/python3.8/site-packages/sqlalchemy/engine/base.py", line 1412, in execute
    return meth(
  File "/home/kriminel/Documents/Code/nigel/myenv/lib/python3.8/site-packages/sqlalchemy/sql/elements.py", line 516, in _execute_on_connection
    return connection._execute_clauseelement(
  File "/home/kriminel/Documents/Code/nigel/myenv/lib/python3.8/site-packages/sqlalchemy/engine/base.py", line 1635, in _execute_clauseelement
    ret = self._execute_context(
  File "/home/kriminel/Documents/Code/nigel/myenv/lib/python3.8/site-packages/sqlalchemy/engine/base.py", line 1844, in _execute_context
    return self._exec_single_context(
  File "/home/kriminel/Documents/Code/nigel/myenv/lib/python3.8/site-packages/sqlalchemy/engine/base.py", line 1984, in _exec_single_context
    self._handle_dbapi_exception(
  File "/home/kriminel/Documents/Code/nigel/myenv/lib/python3.8/site-packages/sqlalchemy/engine/base.py", line 2339, in _handle_dbapi_exception
    raise sqlalchemy_exception.with_traceback(exc_info[2]) from e
  File "/home/kriminel/Documents/Code/nigel/myenv/lib/python3.8/site-packages/sqlalchemy/engine/base.py", line 1965, in _exec_single_context
    self.dialect.do_execute(
  File "/home/kriminel/Documents/Code/nigel/myenv/lib/python3.8/site-packages/sqlalchemy/engine/default.py", line 921, in do_execute
    cursor.execute(statement, parameters)
sqlalchemy.exc.IntegrityError: (sqlite3.IntegrityError) NOT NULL constraint failed: post.user_id
[SQL: INSERT INTO post (user_id, title, content) VALUES (?, ?, ?)]
[parameters: (None, 'test post 1', 'This is an initial test post?')]
(Background on this error at: https://sqlalche.me/e/20/gkpj)
127.0.0.1 - - [18/Nov/2023 11:31:59] "POST /new_post HTTP/1.1" 500 -
^C(myenv) kriminel@pop-os:~/Documents/Code/nigel$ 